{"/Users/jaredjbarnes/Documents/sqlite-repository/lib/sqlite/statements/CountStatementCreator.js":{"path":"/Users/jaredjbarnes/Documents/sqlite-repository/lib/sqlite/statements/CountStatementCreator.js","s":{"1":1,"2":1,"3":1,"4":1,"5":1,"6":2,"7":3,"8":0,"9":3,"10":1,"11":1,"12":3,"13":3,"14":5,"15":3,"16":3,"17":3,"18":3,"19":3,"20":3,"21":3,"22":3,"23":2,"24":3,"25":3,"26":1},"b":{"1":[2,0],"2":[2,2],"3":[0,3],"4":[5,5],"5":[2,1]},"f":{"1":2,"2":3,"3":1,"4":3,"5":3,"6":3,"7":3,"8":3},"fnMap":{"1":{"name":"_interopRequireDefault","line":12,"loc":{"start":{"line":12,"column":0},"end":{"line":12,"column":37}}},"2":{"name":"(anonymous_2)","line":15,"loc":{"start":{"line":15,"column":13},"end":{"line":15,"column":25}}},"3":{"name":"(anonymous_3)","line":23,"loc":{"start":{"line":23,"column":24},"end":{"line":23,"column":36}}},"4":{"name":"(anonymous_4)","line":28,"loc":{"start":{"line":28,"column":14},"end":{"line":28,"column":17}}},"5":{"name":"(anonymous_5)","line":32,"loc":{"start":{"line":32,"column":26},"end":{"line":32,"column":39}}},"6":{"name":"(anonymous_6)","line":38,"loc":{"start":{"line":38,"column":16},"end":{"line":38,"column":19}}},"7":{"name":"(anonymous_7)","line":43,"loc":{"start":{"line":43,"column":17},"end":{"line":43,"column":20}}},"8":{"name":"(anonymous_8)","line":47,"loc":{"start":{"line":47,"column":17},"end":{"line":47,"column":20}}}},"statementMap":{"1":{"start":{"line":3,"column":0},"end":{"line":5,"column":3}},"2":{"start":{"line":6,"column":0},"end":{"line":6,"column":25}},"3":{"start":{"line":8,"column":0},"end":{"line":8,"column":76}},"4":{"start":{"line":10,"column":0},"end":{"line":10,"column":75}},"5":{"start":{"line":12,"column":0},"end":{"line":12,"column":95}},"6":{"start":{"line":12,"column":39},"end":{"line":12,"column":93}},"7":{"start":{"line":16,"column":4},"end":{"line":18,"column":5}},"8":{"start":{"line":17,"column":6},"end":{"line":17,"column":84}},"9":{"start":{"line":20,"column":4},"end":{"line":20,"column":31}},"10":{"start":{"line":24,"column":4},"end":{"line":24,"column":71}},"11":{"start":{"line":25,"column":4},"end":{"line":25,"column":51}},"12":{"start":{"line":29,"column":4},"end":{"line":29,"column":70}},"13":{"start":{"line":33,"column":4},"end":{"line":35,"column":7}},"14":{"start":{"line":34,"column":6},"end":{"line":34,"column":57}},"15":{"start":{"line":39,"column":4},"end":{"line":39,"column":46}},"16":{"start":{"line":40,"column":4},"end":{"line":40,"column":74}},"17":{"start":{"line":44,"column":4},"end":{"line":44,"column":57}},"18":{"start":{"line":48,"column":4},"end":{"line":48,"column":45}},"19":{"start":{"line":49,"column":4},"end":{"line":49,"column":43}},"20":{"start":{"line":50,"column":4},"end":{"line":50,"column":26}},"21":{"start":{"line":51,"column":4},"end":{"line":51,"column":31}},"22":{"start":{"line":53,"column":4},"end":{"line":55,"column":5}},"23":{"start":{"line":54,"column":6},"end":{"line":54,"column":32}},"24":{"start":{"line":57,"column":4},"end":{"line":57,"column":72}},"25":{"start":{"line":58,"column":4},"end":{"line":61,"column":6}},"26":{"start":{"line":66,"column":0},"end":{"line":66,"column":40}}},"branchMap":{"1":{"line":12,"type":"cond-expr","locations":[{"start":{"line":12,"column":70},"end":{"line":12,"column":73}},{"start":{"line":12,"column":76},"end":{"line":12,"column":92}}]},"2":{"line":12,"type":"binary-expr","locations":[{"start":{"line":12,"column":46},"end":{"line":12,"column":49}},{"start":{"line":12,"column":53},"end":{"line":12,"column":67}}]},"3":{"line":16,"type":"if","locations":[{"start":{"line":16,"column":4},"end":{"line":16,"column":4}},{"start":{"line":16,"column":4},"end":{"line":16,"column":4}}]},"4":{"line":34,"type":"binary-expr","locations":[{"start":{"line":34,"column":13},"end":{"line":34,"column":37}},{"start":{"line":34,"column":41},"end":{"line":34,"column":56}}]},"5":{"line":53,"type":"if","locations":[{"start":{"line":53,"column":4},"end":{"line":53,"column":4}},{"start":{"line":53,"column":4},"end":{"line":53,"column":4}}]}}},"/Users/jaredjbarnes/Documents/sqlite-repository/lib/sqlite/visitors/SqlVisitor.js":{"path":"/Users/jaredjbarnes/Documents/sqlite-repository/lib/sqlite/visitors/SqlVisitor.js","s":{"1":1,"2":1,"3":1,"4":1,"5":1,"6":1,"7":1,"8":1,"9":5,"10":1,"11":0,"12":1,"13":2,"14":0,"15":2,"16":5,"17":2,"18":5,"19":9,"20":1,"21":1,"22":1,"23":1,"24":1,"25":4,"26":2,"27":3,"28":3,"29":3,"30":3,"31":27,"32":0,"33":27,"34":0,"35":0,"36":0,"37":4,"38":0,"39":4,"40":0,"41":0,"42":0,"43":3,"44":0,"45":3,"46":5,"47":5,"48":0,"49":0,"50":0,"51":0,"52":0,"53":0,"54":0,"55":3,"56":32,"57":32,"58":32,"59":32,"60":35,"61":35,"62":6,"63":29,"64":1},"b":{"1":[5,0],"2":[5,5],"3":[0,1],"4":[0,2],"5":[0,27],"6":[0,0],"7":[0,4],"8":[0,0],"9":[0,3],"10":[5,0],"11":[0,0],"12":[0,0],"13":[0,0],"14":[6,29]},"f":{"1":5,"2":1,"3":2,"4":5,"5":2,"6":5,"7":9,"8":1,"9":1,"10":1,"11":1,"12":1,"13":4,"14":2,"15":3,"16":27,"17":0,"18":4,"19":0,"20":3,"21":32,"22":32,"23":32,"24":35},"fnMap":{"1":{"name":"_interopRequireDefault","line":18,"loc":{"start":{"line":18,"column":0},"end":{"line":18,"column":37}}},"2":{"name":"(anonymous_2)","line":21,"loc":{"start":{"line":21,"column":5},"end":{"line":21,"column":15}}},"3":{"name":"(anonymous_3)","line":29,"loc":{"start":{"line":29,"column":4},"end":{"line":29,"column":14}}},"4":{"name":"(anonymous_4)","line":37,"loc":{"start":{"line":37,"column":10},"end":{"line":37,"column":28}}},"5":{"name":"(anonymous_5)","line":41,"loc":{"start":{"line":41,"column":12},"end":{"line":41,"column":30}}},"6":{"name":"(anonymous_6)","line":45,"loc":{"start":{"line":45,"column":10},"end":{"line":45,"column":28}}},"7":{"name":"(anonymous_7)","line":49,"loc":{"start":{"line":49,"column":11},"end":{"line":49,"column":29}}},"8":{"name":"(anonymous_8)","line":53,"loc":{"start":{"line":53,"column":14},"end":{"line":53,"column":32}}},"9":{"name":"(anonymous_9)","line":57,"loc":{"start":{"line":57,"column":15},"end":{"line":57,"column":33}}},"10":{"name":"(anonymous_10)","line":61,"loc":{"start":{"line":61,"column":24},"end":{"line":61,"column":42}}},"11":{"name":"(anonymous_11)","line":65,"loc":{"start":{"line":65,"column":12},"end":{"line":65,"column":30}}},"12":{"name":"(anonymous_12)","line":69,"loc":{"start":{"line":69,"column":21},"end":{"line":69,"column":39}}},"13":{"name":"(anonymous_13)","line":73,"loc":{"start":{"line":73,"column":6},"end":{"line":73,"column":24}}},"14":{"name":"(anonymous_14)","line":77,"loc":{"start":{"line":77,"column":9},"end":{"line":77,"column":27}}},"15":{"name":"(anonymous_15)","line":81,"loc":{"start":{"line":81,"column":11},"end":{"line":81,"column":19}}},"16":{"name":"(anonymous_16)","line":91,"loc":{"start":{"line":91,"column":8},"end":{"line":91,"column":16}}},"17":{"name":"(anonymous_17)","line":99,"loc":{"start":{"line":99,"column":9},"end":{"line":99,"column":17}}},"18":{"name":"(anonymous_18)","line":107,"loc":{"start":{"line":107,"column":8},"end":{"line":107,"column":16}}},"19":{"name":"(anonymous_19)","line":115,"loc":{"start":{"line":115,"column":6},"end":{"line":115,"column":14}}},"20":{"name":"(anonymous_20)","line":123,"loc":{"start":{"line":123,"column":7},"end":{"line":123,"column":15}}},"21":{"name":"(anonymous_21)","line":144,"loc":{"start":{"line":144,"column":14},"end":{"line":144,"column":21}}},"22":{"name":"(anonymous_22)","line":148,"loc":{"start":{"line":148,"column":10},"end":{"line":148,"column":23}}},"23":{"name":"(anonymous_23)","line":152,"loc":{"start":{"line":152,"column":6},"end":{"line":152,"column":14}}},"24":{"name":"(anonymous_24)","line":157,"loc":{"start":{"line":157,"column":23},"end":{"line":157,"column":30}}}},"statementMap":{"1":{"start":{"line":3,"column":0},"end":{"line":5,"column":3}},"2":{"start":{"line":6,"column":0},"end":{"line":6,"column":25}},"3":{"start":{"line":8,"column":0},"end":{"line":8,"column":60}},"4":{"start":{"line":10,"column":0},"end":{"line":10,"column":102}},"5":{"start":{"line":12,"column":0},"end":{"line":12,"column":75}},"6":{"start":{"line":14,"column":0},"end":{"line":14,"column":78}},"7":{"start":{"line":16,"column":0},"end":{"line":16,"column":64}},"8":{"start":{"line":18,"column":0},"end":{"line":18,"column":95}},"9":{"start":{"line":18,"column":39},"end":{"line":18,"column":93}},"10":{"start":{"line":22,"column":4},"end":{"line":24,"column":5}},"11":{"start":{"line":23,"column":6},"end":{"line":23,"column":16}},"12":{"start":{"line":26,"column":4},"end":{"line":26,"column":37}},"13":{"start":{"line":30,"column":4},"end":{"line":32,"column":5}},"14":{"start":{"line":31,"column":6},"end":{"line":31,"column":16}},"15":{"start":{"line":34,"column":4},"end":{"line":34,"column":36}},"16":{"start":{"line":38,"column":4},"end":{"line":38,"column":58}},"17":{"start":{"line":42,"column":4},"end":{"line":42,"column":60}},"18":{"start":{"line":46,"column":4},"end":{"line":46,"column":58}},"19":{"start":{"line":50,"column":4},"end":{"line":50,"column":47}},"20":{"start":{"line":54,"column":4},"end":{"line":54,"column":48}},"21":{"start":{"line":58,"column":4},"end":{"line":58,"column":47}},"22":{"start":{"line":62,"column":4},"end":{"line":62,"column":48}},"23":{"start":{"line":66,"column":4},"end":{"line":66,"column":47}},"24":{"start":{"line":70,"column":4},"end":{"line":70,"column":48}},"25":{"start":{"line":74,"column":4},"end":{"line":74,"column":37}},"26":{"start":{"line":78,"column":4},"end":{"line":78,"column":41}},"27":{"start":{"line":82,"column":4},"end":{"line":82,"column":59}},"28":{"start":{"line":84,"column":4},"end":{"line":84,"column":82}},"29":{"start":{"line":85,"column":4},"end":{"line":87,"column":49}},"30":{"start":{"line":88,"column":4},"end":{"line":88,"column":22}},"31":{"start":{"line":92,"column":4},"end":{"line":94,"column":5}},"32":{"start":{"line":93,"column":6},"end":{"line":93,"column":47}},"33":{"start":{"line":96,"column":4},"end":{"line":96,"column":41}},"34":{"start":{"line":100,"column":4},"end":{"line":102,"column":5}},"35":{"start":{"line":101,"column":6},"end":{"line":101,"column":48}},"36":{"start":{"line":104,"column":4},"end":{"line":104,"column":28}},"37":{"start":{"line":108,"column":4},"end":{"line":110,"column":5}},"38":{"start":{"line":109,"column":6},"end":{"line":109,"column":47}},"39":{"start":{"line":112,"column":4},"end":{"line":112,"column":17}},"40":{"start":{"line":116,"column":4},"end":{"line":118,"column":5}},"41":{"start":{"line":117,"column":6},"end":{"line":117,"column":45}},"42":{"start":{"line":120,"column":4},"end":{"line":120,"column":27}},"43":{"start":{"line":124,"column":4},"end":{"line":126,"column":5}},"44":{"start":{"line":125,"column":6},"end":{"line":125,"column":46}},"45":{"start":{"line":128,"column":4},"end":{"line":140,"column":18}},"46":{"start":{"line":129,"column":6},"end":{"line":139,"column":7}},"47":{"start":{"line":130,"column":8},"end":{"line":130,"column":44}},"48":{"start":{"line":131,"column":13},"end":{"line":139,"column":7}},"49":{"start":{"line":132,"column":8},"end":{"line":132,"column":33}},"50":{"start":{"line":133,"column":13},"end":{"line":139,"column":7}},"51":{"start":{"line":134,"column":8},"end":{"line":134,"column":34}},"52":{"start":{"line":135,"column":13},"end":{"line":139,"column":7}},"53":{"start":{"line":136,"column":8},"end":{"line":136,"column":31}},"54":{"start":{"line":138,"column":8},"end":{"line":138,"column":69}},"55":{"start":{"line":141,"column":4},"end":{"line":141,"column":25}},"56":{"start":{"line":145,"column":4},"end":{"line":145,"column":49}},"57":{"start":{"line":149,"column":4},"end":{"line":149,"column":16}},"58":{"start":{"line":153,"column":4},"end":{"line":153,"column":23}},"59":{"start":{"line":154,"column":4},"end":{"line":154,"column":17}},"60":{"start":{"line":158,"column":4},"end":{"line":158,"column":35}},"61":{"start":{"line":160,"column":4},"end":{"line":162,"column":5}},"62":{"start":{"line":161,"column":6},"end":{"line":161,"column":16}},"63":{"start":{"line":164,"column":4},"end":{"line":164,"column":28}},"64":{"start":{"line":169,"column":0},"end":{"line":169,"column":29}}},"branchMap":{"1":{"line":18,"type":"cond-expr","locations":[{"start":{"line":18,"column":70},"end":{"line":18,"column":73}},{"start":{"line":18,"column":76},"end":{"line":18,"column":92}}]},"2":{"line":18,"type":"binary-expr","locations":[{"start":{"line":18,"column":46},"end":{"line":18,"column":49}},{"start":{"line":18,"column":53},"end":{"line":18,"column":67}}]},"3":{"line":22,"type":"if","locations":[{"start":{"line":22,"column":4},"end":{"line":22,"column":4}},{"start":{"line":22,"column":4},"end":{"line":22,"column":4}}]},"4":{"line":30,"type":"if","locations":[{"start":{"line":30,"column":4},"end":{"line":30,"column":4}},{"start":{"line":30,"column":4},"end":{"line":30,"column":4}}]},"5":{"line":92,"type":"if","locations":[{"start":{"line":92,"column":4},"end":{"line":92,"column":4}},{"start":{"line":92,"column":4},"end":{"line":92,"column":4}}]},"6":{"line":100,"type":"if","locations":[{"start":{"line":100,"column":4},"end":{"line":100,"column":4}},{"start":{"line":100,"column":4},"end":{"line":100,"column":4}}]},"7":{"line":108,"type":"if","locations":[{"start":{"line":108,"column":4},"end":{"line":108,"column":4}},{"start":{"line":108,"column":4},"end":{"line":108,"column":4}}]},"8":{"line":116,"type":"if","locations":[{"start":{"line":116,"column":4},"end":{"line":116,"column":4}},{"start":{"line":116,"column":4},"end":{"line":116,"column":4}}]},"9":{"line":124,"type":"if","locations":[{"start":{"line":124,"column":4},"end":{"line":124,"column":4}},{"start":{"line":124,"column":4},"end":{"line":124,"column":4}}]},"10":{"line":129,"type":"if","locations":[{"start":{"line":129,"column":6},"end":{"line":129,"column":6}},{"start":{"line":129,"column":6},"end":{"line":129,"column":6}}]},"11":{"line":131,"type":"if","locations":[{"start":{"line":131,"column":13},"end":{"line":131,"column":13}},{"start":{"line":131,"column":13},"end":{"line":131,"column":13}}]},"12":{"line":133,"type":"if","locations":[{"start":{"line":133,"column":13},"end":{"line":133,"column":13}},{"start":{"line":133,"column":13},"end":{"line":133,"column":13}}]},"13":{"line":135,"type":"if","locations":[{"start":{"line":135,"column":13},"end":{"line":135,"column":13}},{"start":{"line":135,"column":13},"end":{"line":135,"column":13}}]},"14":{"line":160,"type":"if","locations":[{"start":{"line":160,"column":4},"end":{"line":160,"column":4}},{"start":{"line":160,"column":4},"end":{"line":160,"column":4}}]}}},"/Users/jaredjbarnes/Documents/sqlite-repository/lib/sqlite/visitors/Visitor.js":{"path":"/Users/jaredjbarnes/Documents/sqlite-repository/lib/sqlite/visitors/Visitor.js","s":{"1":1,"2":1,"3":169,"4":6,"5":163,"6":67,"7":134,"8":67,"9":67,"10":0,"11":96,"12":96,"13":0,"14":1},"b":{"1":[6,163],"2":[67,96],"3":[67,0],"4":[96,0]},"f":{"1":169},"fnMap":{"1":{"name":"(anonymous_1)","line":9,"loc":{"start":{"line":9,"column":7},"end":{"line":9,"column":14}}}},"statementMap":{"1":{"start":{"line":3,"column":0},"end":{"line":5,"column":3}},"2":{"start":{"line":6,"column":0},"end":{"line":6,"column":25}},"3":{"start":{"line":10,"column":4},"end":{"line":12,"column":5}},"4":{"start":{"line":11,"column":6},"end":{"line":11,"column":18}},"5":{"start":{"line":14,"column":4},"end":{"line":30,"column":5}},"6":{"start":{"line":15,"column":6},"end":{"line":17,"column":9}},"7":{"start":{"line":16,"column":8},"end":{"line":16,"column":32}},"8":{"start":{"line":19,"column":6},"end":{"line":23,"column":7}},"9":{"start":{"line":20,"column":8},"end":{"line":20,"column":52}},"10":{"start":{"line":22,"column":8},"end":{"line":22,"column":71}},"11":{"start":{"line":25,"column":6},"end":{"line":29,"column":7}},"12":{"start":{"line":26,"column":8},"end":{"line":26,"column":43}},"13":{"start":{"line":28,"column":8},"end":{"line":28,"column":71}},"14":{"start":{"line":35,"column":0},"end":{"line":35,"column":26}}},"branchMap":{"1":{"line":10,"type":"if","locations":[{"start":{"line":10,"column":4},"end":{"line":10,"column":4}},{"start":{"line":10,"column":4},"end":{"line":10,"column":4}}]},"2":{"line":14,"type":"if","locations":[{"start":{"line":14,"column":4},"end":{"line":14,"column":4}},{"start":{"line":14,"column":4},"end":{"line":14,"column":4}}]},"3":{"line":19,"type":"if","locations":[{"start":{"line":19,"column":6},"end":{"line":19,"column":6}},{"start":{"line":19,"column":6},"end":{"line":19,"column":6}}]},"4":{"line":25,"type":"if","locations":[{"start":{"line":25,"column":6},"end":{"line":25,"column":6}},{"start":{"line":25,"column":6},"end":{"line":25,"column":6}}]}}},"/Users/jaredjbarnes/Documents/sqlite-repository/lib/sqlite/statements/SelectStatementCreator.js":{"path":"/Users/jaredjbarnes/Documents/sqlite-repository/lib/sqlite/statements/SelectStatementCreator.js","s":{"1":1,"2":1,"3":1,"4":1,"5":1,"6":2,"7":29,"8":0,"9":29,"10":13,"11":13,"12":29,"13":29,"14":83,"15":29,"16":29,"17":29,"18":29,"19":3,"20":29,"21":26,"22":29,"23":29,"24":28,"25":1,"26":1,"27":1,"28":29,"29":29,"30":29,"31":29,"32":29,"33":29,"34":29,"35":29,"36":29,"37":29,"38":24,"39":29,"40":1,"41":29,"42":29,"43":29,"44":29,"45":1},"b":{"1":[2,0],"2":[2,2],"3":[0,29],"4":[83,83],"5":[26,3],"6":[28,1],"7":[24,5],"8":[1,28],"9":[29,0]},"f":{"1":2,"2":29,"3":13,"4":29,"5":29,"6":29,"7":29,"8":29,"9":29,"10":29},"fnMap":{"1":{"name":"_interopRequireDefault","line":12,"loc":{"start":{"line":12,"column":0},"end":{"line":12,"column":37}}},"2":{"name":"(anonymous_2)","line":15,"loc":{"start":{"line":15,"column":13},"end":{"line":15,"column":25}}},"3":{"name":"(anonymous_3)","line":23,"loc":{"start":{"line":23,"column":24},"end":{"line":23,"column":36}}},"4":{"name":"(anonymous_4)","line":28,"loc":{"start":{"line":28,"column":14},"end":{"line":28,"column":17}}},"5":{"name":"(anonymous_5)","line":32,"loc":{"start":{"line":32,"column":26},"end":{"line":32,"column":39}}},"6":{"name":"(anonymous_6)","line":38,"loc":{"start":{"line":38,"column":23},"end":{"line":38,"column":26}}},"7":{"name":"(anonymous_7)","line":43,"loc":{"start":{"line":43,"column":17},"end":{"line":43,"column":20}}},"8":{"name":"(anonymous_8)","line":56,"loc":{"start":{"line":56,"column":18},"end":{"line":56,"column":21}}},"9":{"name":"(anonymous_9)","line":67,"loc":{"start":{"line":67,"column":25},"end":{"line":67,"column":28}}},"10":{"name":"(anonymous_10)","line":73,"loc":{"start":{"line":73,"column":17},"end":{"line":73,"column":20}}}},"statementMap":{"1":{"start":{"line":3,"column":0},"end":{"line":5,"column":3}},"2":{"start":{"line":6,"column":0},"end":{"line":6,"column":25}},"3":{"start":{"line":8,"column":0},"end":{"line":8,"column":76}},"4":{"start":{"line":10,"column":0},"end":{"line":10,"column":75}},"5":{"start":{"line":12,"column":0},"end":{"line":12,"column":95}},"6":{"start":{"line":12,"column":39},"end":{"line":12,"column":93}},"7":{"start":{"line":16,"column":4},"end":{"line":18,"column":5}},"8":{"start":{"line":17,"column":6},"end":{"line":17,"column":84}},"9":{"start":{"line":20,"column":4},"end":{"line":20,"column":31}},"10":{"start":{"line":24,"column":4},"end":{"line":24,"column":73}},"11":{"start":{"line":25,"column":4},"end":{"line":25,"column":52}},"12":{"start":{"line":29,"column":4},"end":{"line":29,"column":70}},"13":{"start":{"line":33,"column":4},"end":{"line":35,"column":7}},"14":{"start":{"line":34,"column":6},"end":{"line":34,"column":57}},"15":{"start":{"line":39,"column":4},"end":{"line":39,"column":46}},"16":{"start":{"line":40,"column":4},"end":{"line":40,"column":74}},"17":{"start":{"line":44,"column":4},"end":{"line":44,"column":47}},"18":{"start":{"line":45,"column":4},"end":{"line":47,"column":7}},"19":{"start":{"line":46,"column":6},"end":{"line":46,"column":40}},"20":{"start":{"line":49,"column":4},"end":{"line":51,"column":5}},"21":{"start":{"line":50,"column":6},"end":{"line":50,"column":22}},"22":{"start":{"line":53,"column":4},"end":{"line":53,"column":70}},"23":{"start":{"line":57,"column":4},"end":{"line":59,"column":5}},"24":{"start":{"line":58,"column":6},"end":{"line":58,"column":16}},"25":{"start":{"line":61,"column":4},"end":{"line":63,"column":18}},"26":{"start":{"line":62,"column":6},"end":{"line":62,"column":82}},"27":{"start":{"line":64,"column":4},"end":{"line":64,"column":32}},"28":{"start":{"line":68,"column":4},"end":{"line":68,"column":43}},"29":{"start":{"line":69,"column":4},"end":{"line":69,"column":45}},"30":{"start":{"line":70,"column":4},"end":{"line":70,"column":45}},"31":{"start":{"line":74,"column":4},"end":{"line":74,"column":45}},"32":{"start":{"line":75,"column":4},"end":{"line":75,"column":50}},"33":{"start":{"line":76,"column":4},"end":{"line":76,"column":47}},"34":{"start":{"line":77,"column":4},"end":{"line":77,"column":61}},"35":{"start":{"line":78,"column":4},"end":{"line":78,"column":26}},"36":{"start":{"line":79,"column":4},"end":{"line":79,"column":31}},"37":{"start":{"line":81,"column":4},"end":{"line":83,"column":5}},"38":{"start":{"line":82,"column":6},"end":{"line":82,"column":32}},"39":{"start":{"line":85,"column":4},"end":{"line":87,"column":5}},"40":{"start":{"line":86,"column":6},"end":{"line":86,"column":34}},"41":{"start":{"line":89,"column":4},"end":{"line":91,"column":5}},"42":{"start":{"line":90,"column":6},"end":{"line":90,"column":41}},"43":{"start":{"line":93,"column":4},"end":{"line":93,"column":72}},"44":{"start":{"line":94,"column":4},"end":{"line":97,"column":6}},"45":{"start":{"line":102,"column":0},"end":{"line":102,"column":41}}},"branchMap":{"1":{"line":12,"type":"cond-expr","locations":[{"start":{"line":12,"column":70},"end":{"line":12,"column":73}},{"start":{"line":12,"column":76},"end":{"line":12,"column":92}}]},"2":{"line":12,"type":"binary-expr","locations":[{"start":{"line":12,"column":46},"end":{"line":12,"column":49}},{"start":{"line":12,"column":53},"end":{"line":12,"column":67}}]},"3":{"line":16,"type":"if","locations":[{"start":{"line":16,"column":4},"end":{"line":16,"column":4}},{"start":{"line":16,"column":4},"end":{"line":16,"column":4}}]},"4":{"line":34,"type":"binary-expr","locations":[{"start":{"line":34,"column":13},"end":{"line":34,"column":37}},{"start":{"line":34,"column":41},"end":{"line":34,"column":56}}]},"5":{"line":49,"type":"if","locations":[{"start":{"line":49,"column":4},"end":{"line":49,"column":4}},{"start":{"line":49,"column":4},"end":{"line":49,"column":4}}]},"6":{"line":57,"type":"if","locations":[{"start":{"line":57,"column":4},"end":{"line":57,"column":4}},{"start":{"line":57,"column":4},"end":{"line":57,"column":4}}]},"7":{"line":81,"type":"if","locations":[{"start":{"line":81,"column":4},"end":{"line":81,"column":4}},{"start":{"line":81,"column":4},"end":{"line":81,"column":4}}]},"8":{"line":85,"type":"if","locations":[{"start":{"line":85,"column":4},"end":{"line":85,"column":4}},{"start":{"line":85,"column":4},"end":{"line":85,"column":4}}]},"9":{"line":89,"type":"if","locations":[{"start":{"line":89,"column":4},"end":{"line":89,"column":4}},{"start":{"line":89,"column":4},"end":{"line":89,"column":4}}]}}},"/Users/jaredjbarnes/Documents/sqlite-repository/lib/sqlite/utils/SqliteUtils.js":{"path":"/Users/jaredjbarnes/Documents/sqlite-repository/lib/sqlite/utils/SqliteUtils.js","s":{"1":1,"2":1,"3":4,"4":0,"5":4,"6":4505,"7":4505,"8":0,"9":1},"b":{"1":[0,4],"2":[4505,0]},"f":{"1":4,"2":4505},"fnMap":{"1":{"name":"(anonymous_1)","line":9,"loc":{"start":{"line":9,"column":20},"end":{"line":9,"column":28}}},"2":{"name":"(anonymous_2)","line":17,"loc":{"start":{"line":17,"column":19},"end":{"line":17,"column":26}}}},"statementMap":{"1":{"start":{"line":3,"column":0},"end":{"line":5,"column":3}},"2":{"start":{"line":6,"column":0},"end":{"line":6,"column":25}},"3":{"start":{"line":10,"column":4},"end":{"line":14,"column":5}},"4":{"start":{"line":11,"column":6},"end":{"line":11,"column":46}},"5":{"start":{"line":13,"column":6},"end":{"line":13,"column":30}},"6":{"start":{"line":18,"column":4},"end":{"line":20,"column":5}},"7":{"start":{"line":19,"column":6},"end":{"line":19,"column":45}},"8":{"start":{"line":22,"column":4},"end":{"line":22,"column":16}},"9":{"start":{"line":27,"column":0},"end":{"line":27,"column":30}}},"branchMap":{"1":{"line":10,"type":"if","locations":[{"start":{"line":10,"column":4},"end":{"line":10,"column":4}},{"start":{"line":10,"column":4},"end":{"line":10,"column":4}}]},"2":{"line":18,"type":"if","locations":[{"start":{"line":18,"column":4},"end":{"line":18,"column":4}},{"start":{"line":18,"column":4},"end":{"line":18,"column":4}}]}}},"/Users/jaredjbarnes/Documents/sqlite-repository/lib/queryable/NodeFactory.js":{"path":"/Users/jaredjbarnes/Documents/sqlite-repository/lib/queryable/NodeFactory.js","s":{"1":1,"2":1,"3":1,"4":1,"5":1,"6":2,"7":2,"8":2,"9":36,"10":36,"11":36,"12":36,"13":36,"14":36,"15":36,"16":36,"17":36,"18":36,"19":36,"20":1},"b":{"1":[2,0],"2":[2,2]},"f":{"1":2,"2":88,"3":2,"4":2,"5":36,"6":36,"7":36},"fnMap":{"1":{"name":"_interopRequireDefault","line":12,"loc":{"start":{"line":12,"column":0},"end":{"line":12,"column":37}}},"2":{"name":"(anonymous_2)","line":15,"loc":{"start":{"line":15,"column":13},"end":{"line":15,"column":16}}},"3":{"name":"(anonymous_3)","line":17,"loc":{"start":{"line":17,"column":15},"end":{"line":17,"column":18}}},"4":{"name":"(anonymous_4)","line":21,"loc":{"start":{"line":21,"column":14},"end":{"line":21,"column":17}}},"5":{"name":"(anonymous_5)","line":25,"loc":{"start":{"line":25,"column":20},"end":{"line":25,"column":63}}},"6":{"name":"(anonymous_6)","line":33,"loc":{"start":{"line":33,"column":20},"end":{"line":33,"column":37}}},"7":{"name":"(anonymous_7)","line":41,"loc":{"start":{"line":41,"column":17},"end":{"line":41,"column":25}}}},"statementMap":{"1":{"start":{"line":3,"column":0},"end":{"line":5,"column":3}},"2":{"start":{"line":6,"column":0},"end":{"line":6,"column":25}},"3":{"start":{"line":8,"column":0},"end":{"line":8,"column":83}},"4":{"start":{"line":10,"column":0},"end":{"line":10,"column":91}},"5":{"start":{"line":12,"column":0},"end":{"line":12,"column":95}},"6":{"start":{"line":12,"column":39},"end":{"line":12,"column":93}},"7":{"start":{"line":18,"column":4},"end":{"line":18,"column":45}},"8":{"start":{"line":22,"column":4},"end":{"line":22,"column":44}},"9":{"start":{"line":26,"column":4},"end":{"line":26,"column":55}},"10":{"start":{"line":27,"column":4},"end":{"line":27,"column":50}},"11":{"start":{"line":28,"column":4},"end":{"line":28,"column":73}},"12":{"start":{"line":29,"column":4},"end":{"line":29,"column":48}},"13":{"start":{"line":30,"column":4},"end":{"line":30,"column":16}},"14":{"start":{"line":34,"column":4},"end":{"line":34,"column":64}},"15":{"start":{"line":35,"column":4},"end":{"line":35,"column":62}},"16":{"start":{"line":36,"column":4},"end":{"line":36,"column":66}},"17":{"start":{"line":37,"column":4},"end":{"line":37,"column":51}},"18":{"start":{"line":38,"column":4},"end":{"line":38,"column":24}},"19":{"start":{"line":42,"column":4},"end":{"line":42,"column":47}},"20":{"start":{"line":47,"column":0},"end":{"line":47,"column":30}}},"branchMap":{"1":{"line":12,"type":"cond-expr","locations":[{"start":{"line":12,"column":70},"end":{"line":12,"column":73}},{"start":{"line":12,"column":76},"end":{"line":12,"column":92}}]},"2":{"line":12,"type":"binary-expr","locations":[{"start":{"line":12,"column":46},"end":{"line":12,"column":49}},{"start":{"line":12,"column":53},"end":{"line":12,"column":67}}]}}},"/Users/jaredjbarnes/Documents/sqlite-repository/lib/queryable/abstractSyntaxTree/ValueNode.js":{"path":"/Users/jaredjbarnes/Documents/sqlite-repository/lib/queryable/abstractSyntaxTree/ValueNode.js","s":{"1":1,"2":1,"3":1,"4":1,"5":1,"6":2,"7":141,"8":141,"9":27,"10":27,"11":36,"12":25,"13":11,"14":0,"15":11,"16":4,"17":7,"18":3,"19":4,"20":0,"21":4,"22":4,"23":0,"24":1},"b":{"1":[2,0],"2":[2,2],"3":[0,141],"4":[25,11],"5":[0,11],"6":[4,7],"7":[3,4],"8":[0,4],"9":[4,0],"10":[4,4]},"f":{"1":2,"2":141,"3":27,"4":36},"fnMap":{"1":{"name":"_interopRequireDefault","line":12,"loc":{"start":{"line":12,"column":0},"end":{"line":12,"column":37}}},"2":{"name":"(anonymous_2)","line":15,"loc":{"start":{"line":15,"column":13},"end":{"line":15,"column":27}}},"3":{"name":"(anonymous_3)","line":20,"loc":{"start":{"line":20,"column":7},"end":{"line":20,"column":10}}},"4":{"name":"(anonymous_4)","line":25,"loc":{"start":{"line":25,"column":18},"end":{"line":25,"column":26}}}},"statementMap":{"1":{"start":{"line":3,"column":0},"end":{"line":5,"column":3}},"2":{"start":{"line":6,"column":0},"end":{"line":6,"column":25}},"3":{"start":{"line":8,"column":0},"end":{"line":8,"column":54}},"4":{"start":{"line":10,"column":0},"end":{"line":10,"column":65}},"5":{"start":{"line":12,"column":0},"end":{"line":12,"column":95}},"6":{"start":{"line":12,"column":39},"end":{"line":12,"column":93}},"7":{"start":{"line":16,"column":4},"end":{"line":16,"column":16}},"8":{"start":{"line":17,"column":4},"end":{"line":17,"column":46}},"9":{"start":{"line":21,"column":4},"end":{"line":21,"column":54}},"10":{"start":{"line":22,"column":4},"end":{"line":22,"column":16}},"11":{"start":{"line":26,"column":4},"end":{"line":40,"column":5}},"12":{"start":{"line":27,"column":6},"end":{"line":27,"column":44}},"13":{"start":{"line":28,"column":11},"end":{"line":40,"column":5}},"14":{"start":{"line":29,"column":6},"end":{"line":29,"column":45}},"15":{"start":{"line":30,"column":11},"end":{"line":40,"column":5}},"16":{"start":{"line":31,"column":6},"end":{"line":31,"column":44}},"17":{"start":{"line":32,"column":11},"end":{"line":40,"column":5}},"18":{"start":{"line":33,"column":6},"end":{"line":33,"column":43}},"19":{"start":{"line":34,"column":11},"end":{"line":40,"column":5}},"20":{"start":{"line":35,"column":6},"end":{"line":35,"column":42}},"21":{"start":{"line":36,"column":11},"end":{"line":40,"column":5}},"22":{"start":{"line":37,"column":6},"end":{"line":37,"column":47}},"23":{"start":{"line":39,"column":6},"end":{"line":39,"column":45}},"24":{"start":{"line":45,"column":0},"end":{"line":45,"column":28}}},"branchMap":{"1":{"line":12,"type":"cond-expr","locations":[{"start":{"line":12,"column":70},"end":{"line":12,"column":73}},{"start":{"line":12,"column":76},"end":{"line":12,"column":92}}]},"2":{"line":12,"type":"binary-expr","locations":[{"start":{"line":12,"column":46},"end":{"line":12,"column":49}},{"start":{"line":12,"column":53},"end":{"line":12,"column":67}}]},"3":{"line":17,"type":"cond-expr","locations":[{"start":{"line":17,"column":33},"end":{"line":17,"column":37}},{"start":{"line":17,"column":40},"end":{"line":17,"column":45}}]},"4":{"line":26,"type":"if","locations":[{"start":{"line":26,"column":4},"end":{"line":26,"column":4}},{"start":{"line":26,"column":4},"end":{"line":26,"column":4}}]},"5":{"line":28,"type":"if","locations":[{"start":{"line":28,"column":11},"end":{"line":28,"column":11}},{"start":{"line":28,"column":11},"end":{"line":28,"column":11}}]},"6":{"line":30,"type":"if","locations":[{"start":{"line":30,"column":11},"end":{"line":30,"column":11}},{"start":{"line":30,"column":11},"end":{"line":30,"column":11}}]},"7":{"line":32,"type":"if","locations":[{"start":{"line":32,"column":11},"end":{"line":32,"column":11}},{"start":{"line":32,"column":11},"end":{"line":32,"column":11}}]},"8":{"line":34,"type":"if","locations":[{"start":{"line":34,"column":11},"end":{"line":34,"column":11}},{"start":{"line":34,"column":11},"end":{"line":34,"column":11}}]},"9":{"line":36,"type":"if","locations":[{"start":{"line":36,"column":11},"end":{"line":36,"column":11}},{"start":{"line":36,"column":11},"end":{"line":36,"column":11}}]},"10":{"line":36,"type":"binary-expr","locations":[{"start":{"line":36,"column":15},"end":{"line":36,"column":40}},{"start":{"line":36,"column":44},"end":{"line":36,"column":58}}]}}},"/Users/jaredjbarnes/Documents/sqlite-repository/lib/queryable/abstractSyntaxTree/Node.js":{"path":"/Users/jaredjbarnes/Documents/sqlite-repository/lib/queryable/abstractSyntaxTree/Node.js","s":{"1":1,"2":1,"3":243,"4":243,"5":0,"6":0,"7":1},"b":{},"f":{"1":243,"2":0},"fnMap":{"1":{"name":"(anonymous_1)","line":9,"loc":{"start":{"line":9,"column":13},"end":{"line":9,"column":20}}},"2":{"name":"(anonymous_2)","line":14,"loc":{"start":{"line":14,"column":7},"end":{"line":14,"column":10}}}},"statementMap":{"1":{"start":{"line":3,"column":0},"end":{"line":5,"column":3}},"2":{"start":{"line":6,"column":0},"end":{"line":6,"column":25}},"3":{"start":{"line":10,"column":4},"end":{"line":10,"column":21}},"4":{"start":{"line":11,"column":4},"end":{"line":11,"column":29}},"5":{"start":{"line":15,"column":4},"end":{"line":15,"column":37}},"6":{"start":{"line":16,"column":4},"end":{"line":16,"column":40}},"7":{"start":{"line":21,"column":0},"end":{"line":21,"column":23}}},"branchMap":{}},"/Users/jaredjbarnes/Documents/sqlite-repository/lib/queryable/abstractSyntaxTree/CompositeNode.js":{"path":"/Users/jaredjbarnes/Documents/sqlite-repository/lib/queryable/abstractSyntaxTree/CompositeNode.js","s":{"1":1,"2":1,"3":1,"4":1,"5":1,"6":2,"7":102,"8":102,"9":102,"10":14,"11":14,"12":3,"13":11,"14":5,"15":5,"16":10,"17":6,"18":11,"19":0,"20":0,"21":21,"22":21,"23":21,"24":42,"25":21,"26":21,"27":1},"b":{"1":[2,0],"2":[2,2],"3":[3,11],"4":[5,6],"5":[11,11,5]},"f":{"1":2,"2":102,"3":14,"4":0,"5":21},"fnMap":{"1":{"name":"_interopRequireDefault","line":12,"loc":{"start":{"line":12,"column":0},"end":{"line":12,"column":37}}},"2":{"name":"(anonymous_2)","line":15,"loc":{"start":{"line":15,"column":13},"end":{"line":15,"column":20}}},"3":{"name":"(anonymous_3)","line":21,"loc":{"start":{"line":21,"column":19},"end":{"line":21,"column":28}}},"4":{"name":"(anonymous_4)","line":40,"loc":{"start":{"line":40,"column":17},"end":{"line":40,"column":24}}},"5":{"name":"(anonymous_5)","line":45,"loc":{"start":{"line":45,"column":7},"end":{"line":45,"column":10}}}},"statementMap":{"1":{"start":{"line":3,"column":0},"end":{"line":5,"column":3}},"2":{"start":{"line":6,"column":0},"end":{"line":6,"column":25}},"3":{"start":{"line":8,"column":0},"end":{"line":8,"column":54}},"4":{"start":{"line":10,"column":0},"end":{"line":10,"column":64}},"5":{"start":{"line":12,"column":0},"end":{"line":12,"column":95}},"6":{"start":{"line":12,"column":39},"end":{"line":12,"column":93}},"7":{"start":{"line":16,"column":4},"end":{"line":16,"column":16}},"8":{"start":{"line":17,"column":4},"end":{"line":17,"column":28}},"9":{"start":{"line":18,"column":4},"end":{"line":18,"column":23}},"10":{"start":{"line":22,"column":4},"end":{"line":22,"column":13}},"11":{"start":{"line":24,"column":4},"end":{"line":26,"column":5}},"12":{"start":{"line":25,"column":6},"end":{"line":25,"column":18}},"13":{"start":{"line":28,"column":4},"end":{"line":35,"column":5}},"14":{"start":{"line":29,"column":6},"end":{"line":29,"column":44}},"15":{"start":{"line":30,"column":6},"end":{"line":32,"column":9}},"16":{"start":{"line":31,"column":8},"end":{"line":31,"column":67}},"17":{"start":{"line":34,"column":6},"end":{"line":34,"column":63}},"18":{"start":{"line":37,"column":4},"end":{"line":37,"column":16}},"19":{"start":{"line":41,"column":4},"end":{"line":41,"column":36}},"20":{"start":{"line":42,"column":4},"end":{"line":42,"column":35}},"21":{"start":{"line":46,"column":4},"end":{"line":46,"column":46}},"22":{"start":{"line":47,"column":4},"end":{"line":47,"column":40}},"23":{"start":{"line":48,"column":4},"end":{"line":50,"column":7}},"24":{"start":{"line":49,"column":6},"end":{"line":49,"column":27}},"25":{"start":{"line":51,"column":4},"end":{"line":51,"column":29}},"26":{"start":{"line":52,"column":4},"end":{"line":52,"column":16}},"27":{"start":{"line":57,"column":0},"end":{"line":57,"column":32}}},"branchMap":{"1":{"line":12,"type":"cond-expr","locations":[{"start":{"line":12,"column":70},"end":{"line":12,"column":73}},{"start":{"line":12,"column":76},"end":{"line":12,"column":92}}]},"2":{"line":12,"type":"binary-expr","locations":[{"start":{"line":12,"column":46},"end":{"line":12,"column":49}},{"start":{"line":12,"column":53},"end":{"line":12,"column":67}}]},"3":{"line":24,"type":"if","locations":[{"start":{"line":24,"column":4},"end":{"line":24,"column":4}},{"start":{"line":24,"column":4},"end":{"line":24,"column":4}}]},"4":{"line":28,"type":"if","locations":[{"start":{"line":28,"column":4},"end":{"line":28,"column":4}},{"start":{"line":28,"column":4},"end":{"line":28,"column":4}}]},"5":{"line":28,"type":"binary-expr","locations":[{"start":{"line":28,"column":8},"end":{"line":28,"column":47}},{"start":{"line":28,"column":51},"end":{"line":28,"column":69}},{"start":{"line":28,"column":73},"end":{"line":28,"column":103}}]}}},"/Users/jaredjbarnes/Documents/sqlite-repository/lib/queryable/OperationBuilder.js":{"path":"/Users/jaredjbarnes/Documents/sqlite-repository/lib/queryable/OperationBuilder.js","s":{"1":1,"2":1,"3":1,"4":1,"5":1,"6":2,"7":36,"8":36,"9":36,"10":0,"11":5,"12":0,"13":5,"14":5,"15":3,"16":2,"17":5,"18":1,"19":4,"20":5,"21":2,"22":0,"23":2,"24":2,"25":1,"26":1,"27":2,"28":0,"29":2,"30":2,"31":5,"32":5,"33":0,"34":5,"35":5,"36":2,"37":2,"38":1,"39":1,"40":2,"41":5,"42":5,"43":1,"44":4,"45":5,"46":12,"47":12,"48":1,"49":11,"50":12,"51":1,"52":1,"53":0,"54":1,"55":1,"56":1,"57":1,"58":0,"59":1,"60":1,"61":1,"62":1,"63":0,"64":1,"65":1,"66":1,"67":1,"68":0,"69":1,"70":1,"71":1,"72":1,"73":0,"74":1,"75":1,"76":1},"b":{"1":[2,0],"2":[2,2],"3":[0,5],"4":[5,2],"5":[3,2],"6":[1,4],"7":[5,1],"8":[0,2],"9":[2,1],"10":[1,1],"11":[0,2],"12":[2,0],"13":[0,5],"14":[5,0],"15":[1,1],"16":[2,1],"17":[1,4],"18":[5,1],"19":[1,11],"20":[12,1],"21":[0,1],"22":[1,0],"23":[0,1],"24":[1,0],"25":[0,1],"26":[1,0],"27":[0,1],"28":[1,0],"29":[0,1],"30":[1,0]},"f":{"1":2,"2":36,"3":0,"4":5,"5":2,"6":5,"7":2,"8":5,"9":12,"10":1,"11":1,"12":1,"13":1,"14":1},"fnMap":{"1":{"name":"_interopRequireDefault","line":12,"loc":{"start":{"line":12,"column":0},"end":{"line":12,"column":37}}},"2":{"name":"(anonymous_2)","line":15,"loc":{"start":{"line":15,"column":13},"end":{"line":15,"column":39}}},"3":{"name":"(anonymous_3)","line":21,"loc":{"start":{"line":21,"column":10},"end":{"line":21,"column":13}}},"4":{"name":"(anonymous_4)","line":25,"loc":{"start":{"line":25,"column":6},"end":{"line":25,"column":14}}},"5":{"name":"(anonymous_5)","line":47,"loc":{"start":{"line":47,"column":9},"end":{"line":47,"column":17}}},"6":{"name":"(anonymous_6)","line":69,"loc":{"start":{"line":69,"column":10},"end":{"line":69,"column":18}}},"7":{"name":"(anonymous_7)","line":81,"loc":{"start":{"line":81,"column":12},"end":{"line":81,"column":20}}},"8":{"name":"(anonymous_8)","line":93,"loc":{"start":{"line":93,"column":10},"end":{"line":93,"column":18}}},"9":{"name":"(anonymous_9)","line":105,"loc":{"start":{"line":105,"column":11},"end":{"line":105,"column":19}}},"10":{"name":"(anonymous_10)","line":117,"loc":{"start":{"line":117,"column":14},"end":{"line":117,"column":22}}},"11":{"name":"(anonymous_11)","line":129,"loc":{"start":{"line":129,"column":15},"end":{"line":129,"column":23}}},"12":{"name":"(anonymous_12)","line":141,"loc":{"start":{"line":141,"column":24},"end":{"line":141,"column":32}}},"13":{"name":"(anonymous_13)","line":153,"loc":{"start":{"line":153,"column":12},"end":{"line":153,"column":20}}},"14":{"name":"(anonymous_14)","line":165,"loc":{"start":{"line":165,"column":21},"end":{"line":165,"column":29}}}},"statementMap":{"1":{"start":{"line":3,"column":0},"end":{"line":5,"column":3}},"2":{"start":{"line":6,"column":0},"end":{"line":6,"column":25}},"3":{"start":{"line":8,"column":0},"end":{"line":8,"column":68}},"4":{"start":{"line":10,"column":0},"end":{"line":10,"column":64}},"5":{"start":{"line":12,"column":0},"end":{"line":12,"column":95}},"6":{"start":{"line":12,"column":39},"end":{"line":12,"column":93}},"7":{"start":{"line":16,"column":4},"end":{"line":16,"column":46}},"8":{"start":{"line":17,"column":4},"end":{"line":17,"column":37}},"9":{"start":{"line":18,"column":4},"end":{"line":18,"column":31}},"10":{"start":{"line":22,"column":4},"end":{"line":22,"column":26}},"11":{"start":{"line":26,"column":4},"end":{"line":28,"column":5}},"12":{"start":{"line":27,"column":6},"end":{"line":27,"column":86}},"13":{"start":{"line":30,"column":4},"end":{"line":30,"column":13}},"14":{"start":{"line":32,"column":4},"end":{"line":36,"column":5}},"15":{"start":{"line":33,"column":6},"end":{"line":33,"column":112}},"16":{"start":{"line":35,"column":6},"end":{"line":35,"column":106}},"17":{"start":{"line":38,"column":4},"end":{"line":42,"column":5}},"18":{"start":{"line":39,"column":6},"end":{"line":39,"column":58}},"19":{"start":{"line":41,"column":6},"end":{"line":41,"column":45}},"20":{"start":{"line":44,"column":4},"end":{"line":44,"column":26}},"21":{"start":{"line":48,"column":4},"end":{"line":50,"column":5}},"22":{"start":{"line":49,"column":6},"end":{"line":49,"column":86}},"23":{"start":{"line":52,"column":4},"end":{"line":52,"column":13}},"24":{"start":{"line":54,"column":4},"end":{"line":58,"column":5}},"25":{"start":{"line":55,"column":6},"end":{"line":55,"column":115}},"26":{"start":{"line":57,"column":6},"end":{"line":57,"column":109}},"27":{"start":{"line":60,"column":4},"end":{"line":64,"column":5}},"28":{"start":{"line":61,"column":6},"end":{"line":61,"column":58}},"29":{"start":{"line":63,"column":6},"end":{"line":63,"column":45}},"30":{"start":{"line":66,"column":4},"end":{"line":66,"column":26}},"31":{"start":{"line":70,"column":4},"end":{"line":70,"column":114}},"32":{"start":{"line":72,"column":4},"end":{"line":76,"column":5}},"33":{"start":{"line":73,"column":6},"end":{"line":73,"column":58}},"34":{"start":{"line":75,"column":6},"end":{"line":75,"column":45}},"35":{"start":{"line":78,"column":4},"end":{"line":78,"column":26}},"36":{"start":{"line":82,"column":4},"end":{"line":82,"column":116}},"37":{"start":{"line":84,"column":4},"end":{"line":88,"column":5}},"38":{"start":{"line":85,"column":6},"end":{"line":85,"column":58}},"39":{"start":{"line":87,"column":6},"end":{"line":87,"column":45}},"40":{"start":{"line":90,"column":4},"end":{"line":90,"column":26}},"41":{"start":{"line":94,"column":4},"end":{"line":94,"column":114}},"42":{"start":{"line":96,"column":4},"end":{"line":100,"column":5}},"43":{"start":{"line":97,"column":6},"end":{"line":97,"column":58}},"44":{"start":{"line":99,"column":6},"end":{"line":99,"column":45}},"45":{"start":{"line":102,"column":4},"end":{"line":102,"column":26}},"46":{"start":{"line":106,"column":4},"end":{"line":106,"column":115}},"47":{"start":{"line":108,"column":4},"end":{"line":112,"column":5}},"48":{"start":{"line":109,"column":6},"end":{"line":109,"column":58}},"49":{"start":{"line":111,"column":6},"end":{"line":111,"column":45}},"50":{"start":{"line":114,"column":4},"end":{"line":114,"column":26}},"51":{"start":{"line":118,"column":4},"end":{"line":118,"column":118}},"52":{"start":{"line":120,"column":4},"end":{"line":124,"column":5}},"53":{"start":{"line":121,"column":6},"end":{"line":121,"column":58}},"54":{"start":{"line":123,"column":6},"end":{"line":123,"column":45}},"55":{"start":{"line":126,"column":4},"end":{"line":126,"column":26}},"56":{"start":{"line":130,"column":4},"end":{"line":130,"column":119}},"57":{"start":{"line":132,"column":4},"end":{"line":136,"column":5}},"58":{"start":{"line":133,"column":6},"end":{"line":133,"column":58}},"59":{"start":{"line":135,"column":6},"end":{"line":135,"column":45}},"60":{"start":{"line":138,"column":4},"end":{"line":138,"column":26}},"61":{"start":{"line":142,"column":4},"end":{"line":142,"column":128}},"62":{"start":{"line":144,"column":4},"end":{"line":148,"column":5}},"63":{"start":{"line":145,"column":6},"end":{"line":145,"column":58}},"64":{"start":{"line":147,"column":6},"end":{"line":147,"column":45}},"65":{"start":{"line":150,"column":4},"end":{"line":150,"column":26}},"66":{"start":{"line":154,"column":4},"end":{"line":154,"column":116}},"67":{"start":{"line":156,"column":4},"end":{"line":160,"column":5}},"68":{"start":{"line":157,"column":6},"end":{"line":157,"column":58}},"69":{"start":{"line":159,"column":6},"end":{"line":159,"column":45}},"70":{"start":{"line":162,"column":4},"end":{"line":162,"column":26}},"71":{"start":{"line":166,"column":4},"end":{"line":166,"column":125}},"72":{"start":{"line":168,"column":4},"end":{"line":172,"column":5}},"73":{"start":{"line":169,"column":6},"end":{"line":169,"column":58}},"74":{"start":{"line":171,"column":6},"end":{"line":171,"column":45}},"75":{"start":{"line":174,"column":4},"end":{"line":174,"column":26}},"76":{"start":{"line":179,"column":0},"end":{"line":179,"column":35}}},"branchMap":{"1":{"line":12,"type":"cond-expr","locations":[{"start":{"line":12,"column":70},"end":{"line":12,"column":73}},{"start":{"line":12,"column":76},"end":{"line":12,"column":92}}]},"2":{"line":12,"type":"binary-expr","locations":[{"start":{"line":12,"column":46},"end":{"line":12,"column":49}},{"start":{"line":12,"column":53},"end":{"line":12,"column":67}}]},"3":{"line":26,"type":"if","locations":[{"start":{"line":26,"column":4},"end":{"line":26,"column":4}},{"start":{"line":26,"column":4},"end":{"line":26,"column":4}}]},"4":{"line":26,"type":"binary-expr","locations":[{"start":{"line":26,"column":8},"end":{"line":26,"column":46}},{"start":{"line":26,"column":50},"end":{"line":26,"column":71}}]},"5":{"line":32,"type":"if","locations":[{"start":{"line":32,"column":4},"end":{"line":32,"column":4}},{"start":{"line":32,"column":4},"end":{"line":32,"column":4}}]},"6":{"line":38,"type":"if","locations":[{"start":{"line":38,"column":4},"end":{"line":38,"column":4}},{"start":{"line":38,"column":4},"end":{"line":38,"column":4}}]},"7":{"line":38,"type":"binary-expr","locations":[{"start":{"line":38,"column":8},"end":{"line":38,"column":39}},{"start":{"line":38,"column":43},"end":{"line":38,"column":98}}]},"8":{"line":48,"type":"if","locations":[{"start":{"line":48,"column":4},"end":{"line":48,"column":4}},{"start":{"line":48,"column":4},"end":{"line":48,"column":4}}]},"9":{"line":48,"type":"binary-expr","locations":[{"start":{"line":48,"column":8},"end":{"line":48,"column":46}},{"start":{"line":48,"column":50},"end":{"line":48,"column":71}}]},"10":{"line":54,"type":"if","locations":[{"start":{"line":54,"column":4},"end":{"line":54,"column":4}},{"start":{"line":54,"column":4},"end":{"line":54,"column":4}}]},"11":{"line":60,"type":"if","locations":[{"start":{"line":60,"column":4},"end":{"line":60,"column":4}},{"start":{"line":60,"column":4},"end":{"line":60,"column":4}}]},"12":{"line":60,"type":"binary-expr","locations":[{"start":{"line":60,"column":8},"end":{"line":60,"column":39}},{"start":{"line":60,"column":43},"end":{"line":60,"column":98}}]},"13":{"line":72,"type":"if","locations":[{"start":{"line":72,"column":4},"end":{"line":72,"column":4}},{"start":{"line":72,"column":4},"end":{"line":72,"column":4}}]},"14":{"line":72,"type":"binary-expr","locations":[{"start":{"line":72,"column":8},"end":{"line":72,"column":39}},{"start":{"line":72,"column":43},"end":{"line":72,"column":98}}]},"15":{"line":84,"type":"if","locations":[{"start":{"line":84,"column":4},"end":{"line":84,"column":4}},{"start":{"line":84,"column":4},"end":{"line":84,"column":4}}]},"16":{"line":84,"type":"binary-expr","locations":[{"start":{"line":84,"column":8},"end":{"line":84,"column":39}},{"start":{"line":84,"column":43},"end":{"line":84,"column":98}}]},"17":{"line":96,"type":"if","locations":[{"start":{"line":96,"column":4},"end":{"line":96,"column":4}},{"start":{"line":96,"column":4},"end":{"line":96,"column":4}}]},"18":{"line":96,"type":"binary-expr","locations":[{"start":{"line":96,"column":8},"end":{"line":96,"column":39}},{"start":{"line":96,"column":43},"end":{"line":96,"column":98}}]},"19":{"line":108,"type":"if","locations":[{"start":{"line":108,"column":4},"end":{"line":108,"column":4}},{"start":{"line":108,"column":4},"end":{"line":108,"column":4}}]},"20":{"line":108,"type":"binary-expr","locations":[{"start":{"line":108,"column":8},"end":{"line":108,"column":39}},{"start":{"line":108,"column":43},"end":{"line":108,"column":98}}]},"21":{"line":120,"type":"if","locations":[{"start":{"line":120,"column":4},"end":{"line":120,"column":4}},{"start":{"line":120,"column":4},"end":{"line":120,"column":4}}]},"22":{"line":120,"type":"binary-expr","locations":[{"start":{"line":120,"column":8},"end":{"line":120,"column":39}},{"start":{"line":120,"column":43},"end":{"line":120,"column":98}}]},"23":{"line":132,"type":"if","locations":[{"start":{"line":132,"column":4},"end":{"line":132,"column":4}},{"start":{"line":132,"column":4},"end":{"line":132,"column":4}}]},"24":{"line":132,"type":"binary-expr","locations":[{"start":{"line":132,"column":8},"end":{"line":132,"column":39}},{"start":{"line":132,"column":43},"end":{"line":132,"column":98}}]},"25":{"line":144,"type":"if","locations":[{"start":{"line":144,"column":4},"end":{"line":144,"column":4}},{"start":{"line":144,"column":4},"end":{"line":144,"column":4}}]},"26":{"line":144,"type":"binary-expr","locations":[{"start":{"line":144,"column":8},"end":{"line":144,"column":39}},{"start":{"line":144,"column":43},"end":{"line":144,"column":98}}]},"27":{"line":156,"type":"if","locations":[{"start":{"line":156,"column":4},"end":{"line":156,"column":4}},{"start":{"line":156,"column":4},"end":{"line":156,"column":4}}]},"28":{"line":156,"type":"binary-expr","locations":[{"start":{"line":156,"column":8},"end":{"line":156,"column":39}},{"start":{"line":156,"column":43},"end":{"line":156,"column":98}}]},"29":{"line":168,"type":"if","locations":[{"start":{"line":168,"column":4},"end":{"line":168,"column":4}},{"start":{"line":168,"column":4},"end":{"line":168,"column":4}}]},"30":{"line":168,"type":"binary-expr","locations":[{"start":{"line":168,"column":8},"end":{"line":168,"column":39}},{"start":{"line":168,"column":43},"end":{"line":168,"column":98}}]}}},"/Users/jaredjbarnes/Documents/sqlite-repository/lib/sqlite/visitors/SqlString.js":{"path":"/Users/jaredjbarnes/Documents/sqlite-repository/lib/sqlite/visitors/SqlString.js","s":{"1":1,"2":1,"3":27,"4":27,"5":15,"6":5,"7":5,"8":2,"9":1},"b":{},"f":{"1":27,"2":15,"3":5,"4":5,"5":2},"fnMap":{"1":{"name":"(anonymous_1)","line":9,"loc":{"start":{"line":9,"column":13},"end":{"line":9,"column":21}}},"2":{"name":"(anonymous_2)","line":14,"loc":{"start":{"line":14,"column":10},"end":{"line":14,"column":13}}},"3":{"name":"(anonymous_3)","line":18,"loc":{"start":{"line":18,"column":18},"end":{"line":18,"column":21}}},"4":{"name":"(anonymous_4)","line":22,"loc":{"start":{"line":22,"column":18},"end":{"line":22,"column":21}}},"5":{"name":"(anonymous_5)","line":26,"loc":{"start":{"line":26,"column":20},"end":{"line":26,"column":23}}}},"statementMap":{"1":{"start":{"line":3,"column":0},"end":{"line":5,"column":3}},"2":{"start":{"line":6,"column":0},"end":{"line":6,"column":25}},"3":{"start":{"line":10,"column":4},"end":{"line":10,"column":47}},"4":{"start":{"line":11,"column":4},"end":{"line":11,"column":76}},"5":{"start":{"line":15,"column":4},"end":{"line":15,"column":29}},"6":{"start":{"line":19,"column":4},"end":{"line":19,"column":46}},"7":{"start":{"line":23,"column":4},"end":{"line":23,"column":47}},"8":{"start":{"line":27,"column":4},"end":{"line":27,"column":46}},"9":{"start":{"line":32,"column":0},"end":{"line":32,"column":28}}},"branchMap":{}},"/Users/jaredjbarnes/Documents/sqlite-repository/lib/sqlite/statements/TableStatementCreator.js":{"path":"/Users/jaredjbarnes/Documents/sqlite-repository/lib/sqlite/statements/TableStatementCreator.js","s":{"1":1,"2":1,"3":1,"4":1,"5":1,"6":1,"7":1,"8":1,"9":5,"10":26,"11":26,"12":0,"13":0,"14":0,"15":0,"16":28,"17":27,"18":108,"19":27,"20":27,"21":0,"22":0,"23":0,"24":27,"25":27,"26":27,"27":27,"28":1,"29":1,"30":1,"31":26,"32":27,"33":27,"34":10,"35":10,"36":10,"37":10,"38":10,"39":27,"40":27,"41":27,"42":27,"43":27,"44":27,"45":27,"46":27,"47":27,"48":1,"49":1,"50":113,"51":113,"52":113,"53":113,"54":2,"55":113,"56":0,"57":113,"58":0,"59":113,"60":27,"61":113,"62":1},"b":{"1":[4,1],"2":[5,5],"3":[108,108],"4":[0,27],"5":[1,26],"6":[27,21],"7":[2,111],"8":[0,113],"9":[0,113]},"f":{"1":5,"2":26,"3":0,"4":0,"5":28,"6":27,"7":27,"8":27,"9":27,"10":27,"11":27,"12":1,"13":113,"14":27},"fnMap":{"1":{"name":"_interopRequireDefault","line":18,"loc":{"start":{"line":18,"column":0},"end":{"line":18,"column":37}}},"2":{"name":"(anonymous_2)","line":21,"loc":{"start":{"line":21,"column":13},"end":{"line":21,"column":22}}},"3":{"name":"(anonymous_3)","line":26,"loc":{"start":{"line":26,"column":29},"end":{"line":26,"column":38}}},"4":{"name":"(anonymous_4)","line":31,"loc":{"start":{"line":31,"column":33},"end":{"line":31,"column":36}}},"5":{"name":"(anonymous_5)","line":36,"loc":{"start":{"line":36,"column":14},"end":{"line":36,"column":17}}},"6":{"name":"(anonymous_6)","line":40,"loc":{"start":{"line":40,"column":26},"end":{"line":40,"column":39}}},"7":{"name":"(anonymous_7)","line":46,"loc":{"start":{"line":46,"column":16},"end":{"line":46,"column":19}}},"8":{"name":"(anonymous_8)","line":56,"loc":{"start":{"line":56,"column":29},"end":{"line":56,"column":32}}},"9":{"name":"(anonymous_9)","line":63,"loc":{"start":{"line":63,"column":25},"end":{"line":63,"column":28}}},"10":{"name":"(anonymous_10)","line":74,"loc":{"start":{"line":74,"column":29},"end":{"line":74,"column":32}}},"11":{"name":"(anonymous_11)","line":89,"loc":{"start":{"line":89,"column":22},"end":{"line":89,"column":25}}},"12":{"name":"(anonymous_12)","line":104,"loc":{"start":{"line":104,"column":25},"end":{"line":104,"column":28}}},"13":{"name":"(anonymous_13)","line":112,"loc":{"start":{"line":112,"column":24},"end":{"line":118,"column":5}}},"14":{"name":"(anonymous_14)","line":138,"loc":{"start":{"line":138,"column":25},"end":{"line":138,"column":28}}}},"statementMap":{"1":{"start":{"line":3,"column":0},"end":{"line":5,"column":3}},"2":{"start":{"line":6,"column":0},"end":{"line":6,"column":25}},"3":{"start":{"line":8,"column":0},"end":{"line":8,"column":64}},"4":{"start":{"line":10,"column":0},"end":{"line":10,"column":77}},"5":{"start":{"line":12,"column":0},"end":{"line":12,"column":75}},"6":{"start":{"line":14,"column":0},"end":{"line":14,"column":75}},"7":{"start":{"line":16,"column":0},"end":{"line":16,"column":92}},"8":{"start":{"line":18,"column":0},"end":{"line":18,"column":95}},"9":{"start":{"line":18,"column":39},"end":{"line":18,"column":93}},"10":{"start":{"line":22,"column":4},"end":{"line":22,"column":25}},"11":{"start":{"line":23,"column":4},"end":{"line":23,"column":57}},"12":{"start":{"line":27,"column":4},"end":{"line":27,"column":68}},"13":{"start":{"line":28,"column":4},"end":{"line":28,"column":56}},"14":{"start":{"line":32,"column":4},"end":{"line":32,"column":68}},"15":{"start":{"line":33,"column":4},"end":{"line":33,"column":60}},"16":{"start":{"line":37,"column":4},"end":{"line":37,"column":101}},"17":{"start":{"line":41,"column":4},"end":{"line":43,"column":7}},"18":{"start":{"line":42,"column":6},"end":{"line":42,"column":57}},"19":{"start":{"line":47,"column":4},"end":{"line":47,"column":93}},"20":{"start":{"line":49,"column":4},"end":{"line":53,"column":5}},"21":{"start":{"line":50,"column":6},"end":{"line":50,"column":46}},"22":{"start":{"line":51,"column":6},"end":{"line":51,"column":56}},"23":{"start":{"line":52,"column":6},"end":{"line":52,"column":18}},"24":{"start":{"line":57,"column":4},"end":{"line":59,"column":18}},"25":{"start":{"line":58,"column":6},"end":{"line":58,"column":53}},"26":{"start":{"line":60,"column":4},"end":{"line":60,"column":34}},"27":{"start":{"line":64,"column":4},"end":{"line":69,"column":5}},"28":{"start":{"line":65,"column":6},"end":{"line":68,"column":20}},"29":{"start":{"line":66,"column":8},"end":{"line":66,"column":78}},"30":{"start":{"line":67,"column":8},"end":{"line":67,"column":51}},"31":{"start":{"line":71,"column":4},"end":{"line":71,"column":14}},"32":{"start":{"line":75,"column":4},"end":{"line":75,"column":54}},"33":{"start":{"line":76,"column":4},"end":{"line":86,"column":18}},"34":{"start":{"line":77,"column":6},"end":{"line":77,"column":39}},"35":{"start":{"line":79,"column":6},"end":{"line":79,"column":63}},"36":{"start":{"line":81,"column":6},"end":{"line":81,"column":113}},"37":{"start":{"line":83,"column":6},"end":{"line":83,"column":81}},"38":{"start":{"line":85,"column":6},"end":{"line":85,"column":82}},"39":{"start":{"line":90,"column":4},"end":{"line":90,"column":26}},"40":{"start":{"line":91,"column":4},"end":{"line":91,"column":26}},"41":{"start":{"line":92,"column":4},"end":{"line":92,"column":52}},"42":{"start":{"line":93,"column":4},"end":{"line":93,"column":56}},"43":{"start":{"line":94,"column":4},"end":{"line":94,"column":52}},"44":{"start":{"line":95,"column":4},"end":{"line":95,"column":56}},"45":{"start":{"line":96,"column":4},"end":{"line":96,"column":72}},"46":{"start":{"line":97,"column":4},"end":{"line":97,"column":102}},"47":{"start":{"line":98,"column":4},"end":{"line":101,"column":6}},"48":{"start":{"line":105,"column":4},"end":{"line":105,"column":62}},"49":{"start":{"line":106,"column":4},"end":{"line":109,"column":6}},"50":{"start":{"line":119,"column":4},"end":{"line":119,"column":26}},"51":{"start":{"line":120,"column":4},"end":{"line":120,"column":64}},"52":{"start":{"line":121,"column":4},"end":{"line":121,"column":26}},"53":{"start":{"line":123,"column":4},"end":{"line":125,"column":5}},"54":{"start":{"line":124,"column":6},"end":{"line":124,"column":34}},"55":{"start":{"line":127,"column":4},"end":{"line":129,"column":5}},"56":{"start":{"line":128,"column":6},"end":{"line":128,"column":33}},"57":{"start":{"line":131,"column":4},"end":{"line":133,"column":5}},"58":{"start":{"line":132,"column":6},"end":{"line":132,"column":54}},"59":{"start":{"line":135,"column":4},"end":{"line":135,"column":32}},"60":{"start":{"line":139,"column":4},"end":{"line":141,"column":18}},"61":{"start":{"line":140,"column":6},"end":{"line":140,"column":49}},"62":{"start":{"line":146,"column":0},"end":{"line":146,"column":40}}},"branchMap":{"1":{"line":18,"type":"cond-expr","locations":[{"start":{"line":18,"column":70},"end":{"line":18,"column":73}},{"start":{"line":18,"column":76},"end":{"line":18,"column":92}}]},"2":{"line":18,"type":"binary-expr","locations":[{"start":{"line":18,"column":46},"end":{"line":18,"column":49}},{"start":{"line":18,"column":53},"end":{"line":18,"column":67}}]},"3":{"line":42,"type":"binary-expr","locations":[{"start":{"line":42,"column":13},"end":{"line":42,"column":37}},{"start":{"line":42,"column":41},"end":{"line":42,"column":56}}]},"4":{"line":49,"type":"if","locations":[{"start":{"line":49,"column":4},"end":{"line":49,"column":4}},{"start":{"line":49,"column":4},"end":{"line":49,"column":4}}]},"5":{"line":64,"type":"if","locations":[{"start":{"line":64,"column":4},"end":{"line":64,"column":4}},{"start":{"line":64,"column":4},"end":{"line":64,"column":4}}]},"6":{"line":75,"type":"binary-expr","locations":[{"start":{"line":75,"column":24},"end":{"line":75,"column":47}},{"start":{"line":75,"column":51},"end":{"line":75,"column":53}}]},"7":{"line":123,"type":"if","locations":[{"start":{"line":123,"column":4},"end":{"line":123,"column":4}},{"start":{"line":123,"column":4},"end":{"line":123,"column":4}}]},"8":{"line":127,"type":"if","locations":[{"start":{"line":127,"column":4},"end":{"line":127,"column":4}},{"start":{"line":127,"column":4},"end":{"line":127,"column":4}}]},"9":{"line":131,"type":"if","locations":[{"start":{"line":131,"column":4},"end":{"line":131,"column":4}},{"start":{"line":131,"column":4},"end":{"line":131,"column":4}}]}}},"/Users/jaredjbarnes/Documents/sqlite-repository/lib/sqlite/tableJsonSchema.js":{"path":"/Users/jaredjbarnes/Documents/sqlite-repository/lib/sqlite/tableJsonSchema.js","s":{"1":1,"2":1,"3":1,"4":1},"b":{},"f":{},"fnMap":{},"statementMap":{"1":{"start":{"line":3,"column":0},"end":{"line":5,"column":3}},"2":{"start":{"line":6,"column":0},"end":{"line":6,"column":25}},"3":{"start":{"line":7,"column":0},"end":{"line":139,"column":2}},"4":{"start":{"line":140,"column":0},"end":{"line":140,"column":27}}},"branchMap":{}},"/Users/jaredjbarnes/Documents/sqlite-repository/lib/sqlite/utils/SchemaUtils.js":{"path":"/Users/jaredjbarnes/Documents/sqlite-repository/lib/sqlite/utils/SchemaUtils.js","s":{"1":1,"2":1,"3":58,"4":58,"5":0,"6":1},"b":{},"f":{"1":58,"2":58,"3":0},"fnMap":{"1":{"name":"(anonymous_1)","line":9,"loc":{"start":{"line":9,"column":21},"end":{"line":9,"column":37}}},"2":{"name":"(anonymous_2)","line":13,"loc":{"start":{"line":13,"column":31},"end":{"line":13,"column":40}}},"3":{"name":"(anonymous_3)","line":17,"loc":{"start":{"line":17,"column":33},"end":{"line":17,"column":42}}}},"statementMap":{"1":{"start":{"line":3,"column":0},"end":{"line":5,"column":3}},"2":{"start":{"line":6,"column":0},"end":{"line":6,"column":25}},"3":{"start":{"line":10,"column":4},"end":{"line":10,"column":32}},"4":{"start":{"line":14,"column":4},"end":{"line":14,"column":65}},"5":{"start":{"line":18,"column":4},"end":{"line":18,"column":30}},"6":{"start":{"line":23,"column":0},"end":{"line":23,"column":30}}},"branchMap":{}},"/Users/jaredjbarnes/Documents/sqlite-repository/lib/sqlite/statements/UniqueExpressionCreator.js":{"path":"/Users/jaredjbarnes/Documents/sqlite-repository/lib/sqlite/statements/UniqueExpressionCreator.js","s":{"1":1,"2":1,"3":1,"4":1,"5":1,"6":1,"7":1,"8":1,"9":0,"10":1,"11":2,"12":1,"13":1,"14":1,"15":1,"16":1,"17":1,"18":0,"19":1,"20":1},"b":{"1":[1,0],"2":[1,1],"3":[1,0],"4":[1,0],"5":[0,1]},"f":{"1":1,"2":1,"3":1,"4":1,"5":1},"fnMap":{"1":{"name":"_interopRequireDefault","line":10,"loc":{"start":{"line":10,"column":0},"end":{"line":10,"column":37}}},"2":{"name":"(anonymous_2)","line":13,"loc":{"start":{"line":13,"column":13},"end":{"line":13,"column":22}}},"3":{"name":"(anonymous_3)","line":20,"loc":{"start":{"line":20,"column":26},"end":{"line":20,"column":29}}},"4":{"name":"(anonymous_4)","line":28,"loc":{"start":{"line":28,"column":24},"end":{"line":28,"column":27}}},"5":{"name":"(anonymous_5)","line":35,"loc":{"start":{"line":35,"column":18},"end":{"line":35,"column":21}}}},"statementMap":{"1":{"start":{"line":3,"column":0},"end":{"line":5,"column":3}},"2":{"start":{"line":6,"column":0},"end":{"line":6,"column":25}},"3":{"start":{"line":8,"column":0},"end":{"line":8,"column":75}},"4":{"start":{"line":10,"column":0},"end":{"line":10,"column":95}},"5":{"start":{"line":10,"column":39},"end":{"line":10,"column":93}},"6":{"start":{"line":14,"column":4},"end":{"line":17,"column":6}},"7":{"start":{"line":21,"column":4},"end":{"line":23,"column":5}},"8":{"start":{"line":22,"column":6},"end":{"line":22,"column":16}},"9":{"start":{"line":25,"column":4},"end":{"line":25,"column":38}},"10":{"start":{"line":29,"column":4},"end":{"line":31,"column":7}},"11":{"start":{"line":30,"column":6},"end":{"line":30,"column":53}},"12":{"start":{"line":32,"column":4},"end":{"line":32,"column":33}},"13":{"start":{"line":36,"column":4},"end":{"line":36,"column":26}},"14":{"start":{"line":37,"column":4},"end":{"line":37,"column":59}},"15":{"start":{"line":38,"column":4},"end":{"line":38,"column":60}},"16":{"start":{"line":39,"column":4},"end":{"line":39,"column":38}},"17":{"start":{"line":41,"column":4},"end":{"line":43,"column":5}},"18":{"start":{"line":42,"column":6},"end":{"line":42,"column":56}},"19":{"start":{"line":45,"column":4},"end":{"line":45,"column":32}},"20":{"start":{"line":50,"column":0},"end":{"line":50,"column":42}}},"branchMap":{"1":{"line":10,"type":"cond-expr","locations":[{"start":{"line":10,"column":70},"end":{"line":10,"column":73}},{"start":{"line":10,"column":76},"end":{"line":10,"column":92}}]},"2":{"line":10,"type":"binary-expr","locations":[{"start":{"line":10,"column":46},"end":{"line":10,"column":49}},{"start":{"line":10,"column":53},"end":{"line":10,"column":67}}]},"3":{"line":14,"type":"binary-expr","locations":[{"start":{"line":14,"column":18},"end":{"line":14,"column":24}},{"start":{"line":14,"column":28},"end":{"line":17,"column":5}}]},"4":{"line":21,"type":"if","locations":[{"start":{"line":21,"column":4},"end":{"line":21,"column":4}},{"start":{"line":21,"column":4},"end":{"line":21,"column":4}}]},"5":{"line":41,"type":"if","locations":[{"start":{"line":41,"column":4},"end":{"line":41,"column":4}},{"start":{"line":41,"column":4},"end":{"line":41,"column":4}}]}}},"/Users/jaredjbarnes/Documents/sqlite-repository/lib/sqlite/statements/DeleteWhereStatementCreator.js":{"path":"/Users/jaredjbarnes/Documents/sqlite-repository/lib/sqlite/statements/DeleteWhereStatementCreator.js","s":{"1":1,"2":1,"3":1,"4":1,"5":1,"6":2,"7":2,"8":0,"9":2,"10":2,"11":2,"12":2,"13":2,"14":2,"15":2,"16":2,"17":2,"18":2,"19":2,"20":2,"21":2,"22":1},"b":{"1":[2,0],"2":[2,2],"3":[0,2],"4":[2,0]},"f":{"1":2,"2":2,"3":2,"4":2,"5":2,"6":2,"7":2},"fnMap":{"1":{"name":"_interopRequireDefault","line":12,"loc":{"start":{"line":12,"column":0},"end":{"line":12,"column":37}}},"2":{"name":"(anonymous_2)","line":15,"loc":{"start":{"line":15,"column":13},"end":{"line":15,"column":25}}},"3":{"name":"(anonymous_3)","line":23,"loc":{"start":{"line":23,"column":24},"end":{"line":23,"column":36}}},"4":{"name":"(anonymous_4)","line":28,"loc":{"start":{"line":28,"column":14},"end":{"line":28,"column":17}}},"5":{"name":"(anonymous_5)","line":32,"loc":{"start":{"line":32,"column":17},"end":{"line":32,"column":20}}},"6":{"name":"(anonymous_6)","line":36,"loc":{"start":{"line":36,"column":16},"end":{"line":36,"column":19}}},"7":{"name":"(anonymous_7)","line":41,"loc":{"start":{"line":41,"column":17},"end":{"line":41,"column":20}}}},"statementMap":{"1":{"start":{"line":3,"column":0},"end":{"line":5,"column":3}},"2":{"start":{"line":6,"column":0},"end":{"line":6,"column":25}},"3":{"start":{"line":8,"column":0},"end":{"line":8,"column":76}},"4":{"start":{"line":10,"column":0},"end":{"line":10,"column":75}},"5":{"start":{"line":12,"column":0},"end":{"line":12,"column":95}},"6":{"start":{"line":12,"column":39},"end":{"line":12,"column":93}},"7":{"start":{"line":16,"column":4},"end":{"line":18,"column":5}},"8":{"start":{"line":17,"column":6},"end":{"line":17,"column":84}},"9":{"start":{"line":20,"column":4},"end":{"line":20,"column":31}},"10":{"start":{"line":24,"column":4},"end":{"line":24,"column":83}},"11":{"start":{"line":25,"column":4},"end":{"line":25,"column":57}},"12":{"start":{"line":29,"column":4},"end":{"line":29,"column":70}},"13":{"start":{"line":33,"column":4},"end":{"line":33,"column":48}},"14":{"start":{"line":37,"column":4},"end":{"line":37,"column":46}},"15":{"start":{"line":38,"column":4},"end":{"line":38,"column":74}},"16":{"start":{"line":42,"column":4},"end":{"line":42,"column":45}},"17":{"start":{"line":43,"column":4},"end":{"line":43,"column":43}},"18":{"start":{"line":44,"column":4},"end":{"line":44,"column":24}},"19":{"start":{"line":46,"column":4},"end":{"line":48,"column":5}},"20":{"start":{"line":47,"column":6},"end":{"line":47,"column":33}},"21":{"start":{"line":50,"column":4},"end":{"line":53,"column":6}},"22":{"start":{"line":58,"column":0},"end":{"line":58,"column":46}}},"branchMap":{"1":{"line":12,"type":"cond-expr","locations":[{"start":{"line":12,"column":70},"end":{"line":12,"column":73}},{"start":{"line":12,"column":76},"end":{"line":12,"column":92}}]},"2":{"line":12,"type":"binary-expr","locations":[{"start":{"line":12,"column":46},"end":{"line":12,"column":49}},{"start":{"line":12,"column":53},"end":{"line":12,"column":67}}]},"3":{"line":16,"type":"if","locations":[{"start":{"line":16,"column":4},"end":{"line":16,"column":4}},{"start":{"line":16,"column":4},"end":{"line":16,"column":4}}]},"4":{"line":46,"type":"if","locations":[{"start":{"line":46,"column":4},"end":{"line":46,"column":4}},{"start":{"line":46,"column":4},"end":{"line":46,"column":4}}]}}},"/Users/jaredjbarnes/Documents/sqlite-repository/lib/sqlite/statements/UpdateWhereStatementCreator.js":{"path":"/Users/jaredjbarnes/Documents/sqlite-repository/lib/sqlite/statements/UpdateWhereStatementCreator.js","s":{"1":1,"2":1,"3":1,"4":1,"5":1,"6":1,"7":2,"8":1,"9":0,"10":1,"11":0,"12":1,"13":1,"14":1,"15":1,"16":1,"17":1,"18":1,"19":1,"20":1,"21":1,"22":1,"23":0,"24":1,"25":1,"26":1,"27":1,"28":1,"29":1,"30":1,"31":1,"32":1,"33":1,"34":1,"35":1},"b":{"1":[2,0],"2":[2,2],"3":[0,1],"4":[0,1],"5":[0,1],"6":[1,0]},"f":{"1":2,"2":1,"3":1,"4":1,"5":1,"6":1,"7":1},"fnMap":{"1":{"name":"_interopRequireDefault","line":14,"loc":{"start":{"line":14,"column":0},"end":{"line":14,"column":37}}},"2":{"name":"(anonymous_2)","line":17,"loc":{"start":{"line":17,"column":13},"end":{"line":17,"column":34}}},"3":{"name":"(anonymous_3)","line":30,"loc":{"start":{"line":30,"column":24},"end":{"line":30,"column":45}}},"4":{"name":"(anonymous_4)","line":35,"loc":{"start":{"line":35,"column":14},"end":{"line":35,"column":17}}},"5":{"name":"(anonymous_5)","line":39,"loc":{"start":{"line":39,"column":23},"end":{"line":39,"column":26}}},"6":{"name":"(anonymous_6)","line":44,"loc":{"start":{"line":44,"column":21},"end":{"line":44,"column":24}}},"7":{"name":"(anonymous_7)","line":65,"loc":{"start":{"line":65,"column":17},"end":{"line":65,"column":20}}}},"statementMap":{"1":{"start":{"line":3,"column":0},"end":{"line":5,"column":3}},"2":{"start":{"line":6,"column":0},"end":{"line":6,"column":25}},"3":{"start":{"line":8,"column":0},"end":{"line":8,"column":76}},"4":{"start":{"line":10,"column":0},"end":{"line":10,"column":75}},"5":{"start":{"line":12,"column":0},"end":{"line":12,"column":32}},"6":{"start":{"line":14,"column":0},"end":{"line":14,"column":95}},"7":{"start":{"line":14,"column":39},"end":{"line":14,"column":93}},"8":{"start":{"line":18,"column":4},"end":{"line":20,"column":5}},"9":{"start":{"line":19,"column":6},"end":{"line":19,"column":93}},"10":{"start":{"line":22,"column":4},"end":{"line":24,"column":5}},"11":{"start":{"line":23,"column":6},"end":{"line":23,"column":74}},"12":{"start":{"line":26,"column":4},"end":{"line":26,"column":27}},"13":{"start":{"line":27,"column":4},"end":{"line":27,"column":31}},"14":{"start":{"line":31,"column":4},"end":{"line":31,"column":92}},"15":{"start":{"line":32,"column":4},"end":{"line":32,"column":57}},"16":{"start":{"line":36,"column":4},"end":{"line":36,"column":70}},"17":{"start":{"line":40,"column":4},"end":{"line":40,"column":46}},"18":{"start":{"line":41,"column":4},"end":{"line":41,"column":74}},"19":{"start":{"line":45,"column":4},"end":{"line":45,"column":33}},"20":{"start":{"line":46,"column":4},"end":{"line":46,"column":38}},"21":{"start":{"line":47,"column":4},"end":{"line":58,"column":7}},"22":{"start":{"line":48,"column":6},"end":{"line":50,"column":7}},"23":{"start":{"line":49,"column":8},"end":{"line":49,"column":27}},"24":{"start":{"line":52,"column":6},"end":{"line":52,"column":88}},"25":{"start":{"line":53,"column":6},"end":{"line":53,"column":44}},"26":{"start":{"line":54,"column":6},"end":{"line":54,"column":25}},"27":{"start":{"line":59,"column":4},"end":{"line":62,"column":6}},"28":{"start":{"line":66,"column":4},"end":{"line":66,"column":33}},"29":{"start":{"line":67,"column":4},"end":{"line":67,"column":62}},"30":{"start":{"line":68,"column":4},"end":{"line":68,"column":56}},"31":{"start":{"line":69,"column":4},"end":{"line":69,"column":34}},"32":{"start":{"line":71,"column":4},"end":{"line":73,"column":5}},"33":{"start":{"line":72,"column":6},"end":{"line":72,"column":39}},"34":{"start":{"line":75,"column":4},"end":{"line":78,"column":6}},"35":{"start":{"line":83,"column":0},"end":{"line":83,"column":46}}},"branchMap":{"1":{"line":14,"type":"cond-expr","locations":[{"start":{"line":14,"column":70},"end":{"line":14,"column":73}},{"start":{"line":14,"column":76},"end":{"line":14,"column":92}}]},"2":{"line":14,"type":"binary-expr","locations":[{"start":{"line":14,"column":46},"end":{"line":14,"column":49}},{"start":{"line":14,"column":53},"end":{"line":14,"column":67}}]},"3":{"line":18,"type":"if","locations":[{"start":{"line":18,"column":4},"end":{"line":18,"column":4}},{"start":{"line":18,"column":4},"end":{"line":18,"column":4}}]},"4":{"line":22,"type":"if","locations":[{"start":{"line":22,"column":4},"end":{"line":22,"column":4}},{"start":{"line":22,"column":4},"end":{"line":22,"column":4}}]},"5":{"line":48,"type":"if","locations":[{"start":{"line":48,"column":6},"end":{"line":48,"column":6}},{"start":{"line":48,"column":6},"end":{"line":48,"column":6}}]},"6":{"line":71,"type":"if","locations":[{"start":{"line":71,"column":4},"end":{"line":71,"column":4}},{"start":{"line":71,"column":4},"end":{"line":71,"column":4}}]}}},"/Users/jaredjbarnes/Documents/sqlite-repository/lib/sqlite/utils/invokeMethodAsync.js":{"path":"/Users/jaredjbarnes/Documents/sqlite-repository/lib/sqlite/utils/invokeMethodAsync.js","s":{"1":1,"2":1,"3":1,"4":6370,"5":0,"6":6370,"7":8,"8":8,"9":8,"10":4,"11":4,"12":4,"13":0,"14":6362,"15":1},"b":{"1":[0,6370],"2":[8,6362],"3":[6370,6370],"4":[4,0]},"f":{},"fnMap":{},"statementMap":{"1":{"start":{"line":3,"column":0},"end":{"line":5,"column":3}},"2":{"start":{"line":6,"column":0},"end":{"line":6,"column":25}},"3":{"start":{"line":8,"column":0},"end":{"line":30,"column":2}},"4":{"start":{"line":9,"column":2},"end":{"line":11,"column":3}},"5":{"start":{"line":10,"column":4},"end":{"line":10,"column":14}},"6":{"start":{"line":13,"column":2},"end":{"line":27,"column":3}},"7":{"start":{"line":14,"column":4},"end":{"line":14,"column":15}},"8":{"start":{"line":16,"column":4},"end":{"line":20,"column":5}},"9":{"start":{"line":17,"column":6},"end":{"line":17,"column":48}},"10":{"start":{"line":19,"column":6},"end":{"line":19,"column":35}},"11":{"start":{"line":22,"column":4},"end":{"line":24,"column":5}},"12":{"start":{"line":23,"column":6},"end":{"line":23,"column":37}},"13":{"start":{"line":26,"column":4},"end":{"line":26,"column":18}},"14":{"start":{"line":29,"column":2},"end":{"line":29,"column":41}},"15":{"start":{"line":32,"column":0},"end":{"line":32,"column":27}}},"branchMap":{"1":{"line":9,"type":"if","locations":[{"start":{"line":9,"column":2},"end":{"line":9,"column":2}},{"start":{"line":9,"column":2},"end":{"line":9,"column":2}}]},"2":{"line":13,"type":"if","locations":[{"start":{"line":13,"column":2},"end":{"line":13,"column":2}},{"start":{"line":13,"column":2},"end":{"line":13,"column":2}}]},"3":{"line":13,"type":"binary-expr","locations":[{"start":{"line":13,"column":6},"end":{"line":13,"column":17}},{"start":{"line":13,"column":21},"end":{"line":13,"column":58}}]},"4":{"line":22,"type":"if","locations":[{"start":{"line":22,"column":4},"end":{"line":22,"column":4}},{"start":{"line":22,"column":4},"end":{"line":22,"column":4}}]}}},"/Users/jaredjbarnes/Documents/sqlite-repository/lib/sqlite/utils/invokeMethod.js":{"path":"/Users/jaredjbarnes/Documents/sqlite-repository/lib/sqlite/utils/invokeMethod.js","s":{"1":1,"2":1,"3":1,"4":17,"5":0,"6":17,"7":1,"8":16,"9":1},"b":{"1":[0,17],"2":[1,16],"3":[17,17]},"f":{},"fnMap":{},"statementMap":{"1":{"start":{"line":3,"column":0},"end":{"line":5,"column":3}},"2":{"start":{"line":6,"column":0},"end":{"line":6,"column":25}},"3":{"start":{"line":8,"column":0},"end":{"line":18,"column":2}},"4":{"start":{"line":9,"column":2},"end":{"line":11,"column":3}},"5":{"start":{"line":10,"column":4},"end":{"line":10,"column":14}},"6":{"start":{"line":13,"column":2},"end":{"line":15,"column":3}},"7":{"start":{"line":14,"column":4},"end":{"line":14,"column":44}},"8":{"start":{"line":17,"column":2},"end":{"line":17,"column":24}},"9":{"start":{"line":20,"column":0},"end":{"line":20,"column":27}}},"branchMap":{"1":{"line":9,"type":"if","locations":[{"start":{"line":9,"column":2},"end":{"line":9,"column":2}},{"start":{"line":9,"column":2},"end":{"line":9,"column":2}}]},"2":{"line":13,"type":"if","locations":[{"start":{"line":13,"column":2},"end":{"line":13,"column":2}},{"start":{"line":13,"column":2},"end":{"line":13,"column":2}}]},"3":{"line":13,"type":"binary-expr","locations":[{"start":{"line":13,"column":6},"end":{"line":13,"column":17}},{"start":{"line":13,"column":21},"end":{"line":13,"column":58}}]}}},"/Users/jaredjbarnes/Documents/sqlite-repository/lib/sqlite/statements/InsertStatementCreator.js":{"path":"/Users/jaredjbarnes/Documents/sqlite-repository/lib/sqlite/statements/InsertStatementCreator.js","s":{"1":1,"2":1,"3":1,"4":1,"5":1,"6":2111,"7":2111,"8":2111,"9":2111,"10":2111,"11":2111,"12":2111,"13":2111,"14":2114,"15":2111,"16":2114,"17":2111,"18":2111,"19":1},"b":{"1":[1,0],"2":[1,1]},"f":{"1":1,"2":2111,"3":2111,"4":2111},"fnMap":{"1":{"name":"_interopRequireDefault","line":10,"loc":{"start":{"line":10,"column":0},"end":{"line":10,"column":37}}},"2":{"name":"(anonymous_2)","line":13,"loc":{"start":{"line":13,"column":13},"end":{"line":17,"column":5}}},"3":{"name":"(anonymous_3)","line":23,"loc":{"start":{"line":23,"column":24},"end":{"line":23,"column":34}}},"4":{"name":"(anonymous_4)","line":28,"loc":{"start":{"line":28,"column":17},"end":{"line":28,"column":20}}}},"statementMap":{"1":{"start":{"line":3,"column":0},"end":{"line":5,"column":3}},"2":{"start":{"line":6,"column":0},"end":{"line":6,"column":25}},"3":{"start":{"line":8,"column":0},"end":{"line":8,"column":75}},"4":{"start":{"line":10,"column":0},"end":{"line":10,"column":95}},"5":{"start":{"line":10,"column":39},"end":{"line":10,"column":93}},"6":{"start":{"line":18,"column":4},"end":{"line":18,"column":25}},"7":{"start":{"line":19,"column":4},"end":{"line":19,"column":31}},"8":{"start":{"line":20,"column":4},"end":{"line":20,"column":35}},"9":{"start":{"line":24,"column":4},"end":{"line":24,"column":71}},"10":{"start":{"line":25,"column":4},"end":{"line":25,"column":52}},"11":{"start":{"line":29,"column":4},"end":{"line":29,"column":31}},"12":{"start":{"line":30,"column":4},"end":{"line":30,"column":37}},"13":{"start":{"line":31,"column":4},"end":{"line":33,"column":7}},"14":{"start":{"line":32,"column":6},"end":{"line":32,"column":25}},"15":{"start":{"line":34,"column":4},"end":{"line":36,"column":7}},"16":{"start":{"line":35,"column":6},"end":{"line":35,"column":50}},"17":{"start":{"line":37,"column":4},"end":{"line":37,"column":73}},"18":{"start":{"line":38,"column":4},"end":{"line":41,"column":6}},"19":{"start":{"line":46,"column":0},"end":{"line":46,"column":41}}},"branchMap":{"1":{"line":10,"type":"cond-expr","locations":[{"start":{"line":10,"column":70},"end":{"line":10,"column":73}},{"start":{"line":10,"column":76},"end":{"line":10,"column":92}}]},"2":{"line":10,"type":"binary-expr","locations":[{"start":{"line":10,"column":46},"end":{"line":10,"column":49}},{"start":{"line":10,"column":53},"end":{"line":10,"column":67}}]}}},"/Users/jaredjbarnes/Documents/sqlite-repository/lib/sqlite/statements/UpdateStatementCreator.js":{"path":"/Users/jaredjbarnes/Documents/sqlite-repository/lib/sqlite/statements/UpdateStatementCreator.js","s":{"1":1,"2":1,"3":1,"4":1,"5":1,"6":2,"7":2,"8":2,"9":3,"10":3,"11":3,"12":0,"13":3,"14":6,"15":3,"16":3,"17":3,"18":3,"19":3,"20":3,"21":1},"b":{"1":[2,0],"2":[2,2],"3":[0,3],"4":[3,3]},"f":{"1":2,"2":2,"3":3},"fnMap":{"1":{"name":"_interopRequireDefault","line":12,"loc":{"start":{"line":12,"column":0},"end":{"line":12,"column":37}}},"2":{"name":"(anonymous_2)","line":15,"loc":{"start":{"line":15,"column":24},"end":{"line":15,"column":34}}},"3":{"name":"(anonymous_3)","line":20,"loc":{"start":{"line":20,"column":17},"end":{"line":20,"column":20}}}},"statementMap":{"1":{"start":{"line":3,"column":0},"end":{"line":5,"column":3}},"2":{"start":{"line":6,"column":0},"end":{"line":6,"column":25}},"3":{"start":{"line":8,"column":0},"end":{"line":8,"column":75}},"4":{"start":{"line":10,"column":0},"end":{"line":10,"column":94}},"5":{"start":{"line":12,"column":0},"end":{"line":12,"column":95}},"6":{"start":{"line":12,"column":39},"end":{"line":12,"column":93}},"7":{"start":{"line":16,"column":4},"end":{"line":16,"column":71}},"8":{"start":{"line":17,"column":4},"end":{"line":17,"column":52}},"9":{"start":{"line":21,"column":4},"end":{"line":21,"column":31}},"10":{"start":{"line":22,"column":4},"end":{"line":22,"column":37}},"11":{"start":{"line":24,"column":4},"end":{"line":26,"column":5}},"12":{"start":{"line":25,"column":6},"end":{"line":25,"column":71}},"13":{"start":{"line":28,"column":4},"end":{"line":39,"column":7}},"14":{"start":{"line":29,"column":6},"end":{"line":31,"column":7}},"15":{"start":{"line":30,"column":8},"end":{"line":30,"column":27}},"16":{"start":{"line":33,"column":6},"end":{"line":33,"column":88}},"17":{"start":{"line":34,"column":6},"end":{"line":34,"column":43}},"18":{"start":{"line":35,"column":6},"end":{"line":35,"column":25}},"19":{"start":{"line":40,"column":4},"end":{"line":40,"column":56}},"20":{"start":{"line":41,"column":4},"end":{"line":44,"column":6}},"21":{"start":{"line":49,"column":0},"end":{"line":49,"column":41}}},"branchMap":{"1":{"line":12,"type":"cond-expr","locations":[{"start":{"line":12,"column":70},"end":{"line":12,"column":73}},{"start":{"line":12,"column":76},"end":{"line":12,"column":92}}]},"2":{"line":12,"type":"binary-expr","locations":[{"start":{"line":12,"column":46},"end":{"line":12,"column":49}},{"start":{"line":12,"column":53},"end":{"line":12,"column":67}}]},"3":{"line":24,"type":"if","locations":[{"start":{"line":24,"column":4},"end":{"line":24,"column":4}},{"start":{"line":24,"column":4},"end":{"line":24,"column":4}}]},"4":{"line":29,"type":"if","locations":[{"start":{"line":29,"column":6},"end":{"line":29,"column":6}},{"start":{"line":29,"column":6},"end":{"line":29,"column":6}}]}}},"/Users/jaredjbarnes/Documents/sqlite-repository/lib/sqlite/statements/AbstractStatementCreator.js":{"path":"/Users/jaredjbarnes/Documents/sqlite-repository/lib/sqlite/statements/AbstractStatementCreator.js","s":{"1":1,"2":1,"3":1,"4":1,"5":1,"6":4,"7":4,"8":4,"9":4,"10":4,"11":4,"12":4,"13":4,"14":4,"15":4,"16":0,"17":0,"18":0,"19":0,"20":1},"b":{"1":[1,0],"2":[1,1],"3":[4,0],"4":[0,0]},"f":{"1":1,"2":4,"3":4,"4":4},"fnMap":{"1":{"name":"_interopRequireDefault","line":10,"loc":{"start":{"line":10,"column":0},"end":{"line":10,"column":37}}},"2":{"name":"(anonymous_2)","line":13,"loc":{"start":{"line":13,"column":13},"end":{"line":17,"column":5}}},"3":{"name":"(anonymous_3)","line":23,"loc":{"start":{"line":23,"column":23},"end":{"line":23,"column":26}}},"4":{"name":"(anonymous_4)","line":31,"loc":{"start":{"line":31,"column":27},"end":{"line":31,"column":30}}}},"statementMap":{"1":{"start":{"line":3,"column":0},"end":{"line":5,"column":3}},"2":{"start":{"line":6,"column":0},"end":{"line":6,"column":25}},"3":{"start":{"line":8,"column":0},"end":{"line":8,"column":75}},"4":{"start":{"line":10,"column":0},"end":{"line":10,"column":95}},"5":{"start":{"line":10,"column":39},"end":{"line":10,"column":93}},"6":{"start":{"line":18,"column":4},"end":{"line":18,"column":25}},"7":{"start":{"line":19,"column":4},"end":{"line":19,"column":31}},"8":{"start":{"line":20,"column":4},"end":{"line":20,"column":35}},"9":{"start":{"line":24,"column":4},"end":{"line":24,"column":31}},"10":{"start":{"line":25,"column":4},"end":{"line":27,"column":21}},"11":{"start":{"line":26,"column":6},"end":{"line":26,"column":106}},"12":{"start":{"line":28,"column":4},"end":{"line":28,"column":30}},"13":{"start":{"line":32,"column":4},"end":{"line":32,"column":31}},"14":{"start":{"line":34,"column":4},"end":{"line":42,"column":5}},"15":{"start":{"line":35,"column":6},"end":{"line":35,"column":49}},"16":{"start":{"line":36,"column":11},"end":{"line":42,"column":5}},"17":{"start":{"line":37,"column":6},"end":{"line":39,"column":9}},"18":{"start":{"line":38,"column":8},"end":{"line":38,"column":50}},"19":{"start":{"line":41,"column":6},"end":{"line":41,"column":19}},"20":{"start":{"line":47,"column":0},"end":{"line":47,"column":43}}},"branchMap":{"1":{"line":10,"type":"cond-expr","locations":[{"start":{"line":10,"column":70},"end":{"line":10,"column":73}},{"start":{"line":10,"column":76},"end":{"line":10,"column":92}}]},"2":{"line":10,"type":"binary-expr","locations":[{"start":{"line":10,"column":46},"end":{"line":10,"column":49}},{"start":{"line":10,"column":53},"end":{"line":10,"column":67}}]},"3":{"line":34,"type":"if","locations":[{"start":{"line":34,"column":4},"end":{"line":34,"column":4}},{"start":{"line":34,"column":4},"end":{"line":34,"column":4}}]},"4":{"line":36,"type":"if","locations":[{"start":{"line":36,"column":11},"end":{"line":36,"column":11}},{"start":{"line":36,"column":11},"end":{"line":36,"column":11}}]}}},"/Users/jaredjbarnes/Documents/sqlite-repository/lib/sqlite/statements/DeleteStatementCreator.js":{"path":"/Users/jaredjbarnes/Documents/sqlite-repository/lib/sqlite/statements/DeleteStatementCreator.js","s":{"1":1,"2":1,"3":1,"4":1,"5":1,"6":2,"7":1,"8":1,"9":1,"10":1,"11":0,"12":1,"13":1,"14":1},"b":{"1":[2,0],"2":[2,2],"3":[0,1]},"f":{"1":2,"2":1,"3":1},"fnMap":{"1":{"name":"_interopRequireDefault","line":12,"loc":{"start":{"line":12,"column":0},"end":{"line":12,"column":37}}},"2":{"name":"(anonymous_2)","line":15,"loc":{"start":{"line":15,"column":24},"end":{"line":15,"column":34}}},"3":{"name":"(anonymous_3)","line":20,"loc":{"start":{"line":20,"column":17},"end":{"line":20,"column":20}}}},"statementMap":{"1":{"start":{"line":3,"column":0},"end":{"line":5,"column":3}},"2":{"start":{"line":6,"column":0},"end":{"line":6,"column":25}},"3":{"start":{"line":8,"column":0},"end":{"line":8,"column":75}},"4":{"start":{"line":10,"column":0},"end":{"line":10,"column":94}},"5":{"start":{"line":12,"column":0},"end":{"line":12,"column":95}},"6":{"start":{"line":12,"column":39},"end":{"line":12,"column":93}},"7":{"start":{"line":16,"column":4},"end":{"line":16,"column":71}},"8":{"start":{"line":17,"column":4},"end":{"line":17,"column":52}},"9":{"start":{"line":21,"column":4},"end":{"line":21,"column":31}},"10":{"start":{"line":23,"column":4},"end":{"line":25,"column":5}},"11":{"start":{"line":24,"column":6},"end":{"line":24,"column":71}},"12":{"start":{"line":27,"column":4},"end":{"line":27,"column":62}},"13":{"start":{"line":28,"column":4},"end":{"line":31,"column":6}},"14":{"start":{"line":36,"column":0},"end":{"line":36,"column":41}}},"branchMap":{"1":{"line":12,"type":"cond-expr","locations":[{"start":{"line":12,"column":70},"end":{"line":12,"column":73}},{"start":{"line":12,"column":76},"end":{"line":12,"column":92}}]},"2":{"line":12,"type":"binary-expr","locations":[{"start":{"line":12,"column":46},"end":{"line":12,"column":49}},{"start":{"line":12,"column":53},"end":{"line":12,"column":67}}]},"3":{"line":23,"type":"if","locations":[{"start":{"line":23,"column":4},"end":{"line":23,"column":4}},{"start":{"line":23,"column":4},"end":{"line":23,"column":4}}]}}},"/Users/jaredjbarnes/Documents/sqlite-repository/lib/testSchemas/person.js":{"path":"/Users/jaredjbarnes/Documents/sqlite-repository/lib/testSchemas/person.js","s":{"1":1,"2":1,"3":1,"4":1},"b":{},"f":{},"fnMap":{},"statementMap":{"1":{"start":{"line":3,"column":0},"end":{"line":5,"column":3}},"2":{"start":{"line":6,"column":0},"end":{"line":6,"column":25}},"3":{"start":{"line":7,"column":0},"end":{"line":33,"column":2}},"4":{"start":{"line":34,"column":0},"end":{"line":34,"column":27}}},"branchMap":{}},"/Users/jaredjbarnes/Documents/sqlite-repository/lib/testSchemas/address.js":{"path":"/Users/jaredjbarnes/Documents/sqlite-repository/lib/testSchemas/address.js","s":{"1":1,"2":1,"3":1,"4":1},"b":{},"f":{},"fnMap":{},"statementMap":{"1":{"start":{"line":3,"column":0},"end":{"line":5,"column":3}},"2":{"start":{"line":6,"column":0},"end":{"line":6,"column":25}},"3":{"start":{"line":7,"column":0},"end":{"line":54,"column":2}},"4":{"start":{"line":55,"column":0},"end":{"line":55,"column":27}}},"branchMap":{}},"/Users/jaredjbarnes/Documents/sqlite-repository/lib/testSchemas/phoneNumber.js":{"path":"/Users/jaredjbarnes/Documents/sqlite-repository/lib/testSchemas/phoneNumber.js","s":{"1":1,"2":1,"3":1,"4":1},"b":{},"f":{},"fnMap":{},"statementMap":{"1":{"start":{"line":3,"column":0},"end":{"line":5,"column":3}},"2":{"start":{"line":6,"column":0},"end":{"line":6,"column":25}},"3":{"start":{"line":7,"column":0},"end":{"line":43,"column":2}},"4":{"start":{"line":44,"column":0},"end":{"line":44,"column":27}}},"branchMap":{}}}