{"/Users/jaredjbarnes/Documents/sqlite-repository/lib/sqlite/statements/CountStatementCreator.js":{"path":"/Users/jaredjbarnes/Documents/sqlite-repository/lib/sqlite/statements/CountStatementCreator.js","s":{"1":1,"2":1,"3":1,"4":2,"5":6,"6":6,"7":6,"8":6,"9":6,"10":6,"11":1,"12":1,"13":1,"14":1,"15":1,"16":1,"17":1,"18":1,"19":1,"20":1,"21":1,"22":2,"23":1,"24":3,"25":0,"26":1,"27":1,"28":3,"29":3,"30":0,"31":3,"32":1,"33":3,"34":3,"35":5,"36":3,"37":3,"38":3,"39":3,"40":3,"41":3,"42":3,"43":3,"44":2,"45":3,"46":3,"47":1,"48":1,"49":1,"50":1},"b":{"1":[6,6],"2":[6,0],"3":[1,0],"4":[1,0],"5":[2,0],"6":[2,2],"7":[0,3],"8":[0,3],"9":[5,5],"10":[2,1]},"f":{"1":1,"2":2,"3":1,"4":2,"5":3,"6":1,"7":3,"8":3,"9":3,"10":5,"11":3,"12":3,"13":3,"14":1},"fnMap":{"1":{"name":"(anonymous_1)","line":7,"loc":{"start":{"line":7,"column":19},"end":{"line":7,"column":31}}},"2":{"name":"defineProperties","line":7,"loc":{"start":{"line":7,"column":33},"end":{"line":7,"column":74}}},"3":{"name":"(anonymous_3)","line":7,"loc":{"start":{"line":7,"column":357},"end":{"line":7,"column":405}}},"4":{"name":"_interopRequireDefault","line":17,"loc":{"start":{"line":17,"column":0},"end":{"line":17,"column":37}}},"5":{"name":"_classCallCheck","line":19,"loc":{"start":{"line":19,"column":0},"end":{"line":19,"column":48}}},"6":{"name":"(anonymous_6)","line":21,"loc":{"start":{"line":21,"column":28},"end":{"line":21,"column":40}}},"7":{"name":"CountStatementCreator","line":22,"loc":{"start":{"line":22,"column":4},"end":{"line":22,"column":46}}},"8":{"name":"getTableName","line":34,"loc":{"start":{"line":34,"column":15},"end":{"line":34,"column":39}}},"9":{"name":"removeNullOrEmptyStrings","line":39,"loc":{"start":{"line":39,"column":15},"end":{"line":39,"column":61}}},"10":{"name":"(anonymous_10)","line":40,"loc":{"start":{"line":40,"column":37},"end":{"line":40,"column":53}}},"11":{"name":"createWhereSql","line":46,"loc":{"start":{"line":46,"column":15},"end":{"line":46,"column":41}}},"12":{"name":"createSelectSql","line":52,"loc":{"start":{"line":52,"column":15},"end":{"line":52,"column":42}}},"13":{"name":"createStatement","line":57,"loc":{"start":{"line":57,"column":15},"end":{"line":57,"column":42}}},"14":{"name":"createStatement","line":77,"loc":{"start":{"line":77,"column":15},"end":{"line":77,"column":51}}}},"statementMap":{"1":{"start":{"line":3,"column":0},"end":{"line":5,"column":3}},"2":{"start":{"line":7,"column":0},"end":{"line":7,"column":564}},"3":{"start":{"line":7,"column":33},"end":{"line":7,"column":349}},"4":{"start":{"line":7,"column":76},"end":{"line":7,"column":347}},"5":{"start":{"line":7,"column":117},"end":{"line":7,"column":143}},"6":{"start":{"line":7,"column":144},"end":{"line":7,"column":199}},"7":{"start":{"line":7,"column":200},"end":{"line":7,"column":231}},"8":{"start":{"line":7,"column":232},"end":{"line":7,"column":286}},"9":{"start":{"line":7,"column":259},"end":{"line":7,"column":286}},"10":{"start":{"line":7,"column":287},"end":{"line":7,"column":345}},"11":{"start":{"line":7,"column":350},"end":{"line":7,"column":559}},"12":{"start":{"line":7,"column":407},"end":{"line":7,"column":475}},"13":{"start":{"line":7,"column":423},"end":{"line":7,"column":475}},"14":{"start":{"line":7,"column":476},"end":{"line":7,"column":536}},"15":{"start":{"line":7,"column":493},"end":{"line":7,"column":536}},"16":{"start":{"line":7,"column":537},"end":{"line":7,"column":556}},"17":{"start":{"line":9,"column":0},"end":{"line":9,"column":52}},"18":{"start":{"line":11,"column":0},"end":{"line":11,"column":55}},"19":{"start":{"line":13,"column":0},"end":{"line":13,"column":51}},"20":{"start":{"line":15,"column":0},"end":{"line":15,"column":57}},"21":{"start":{"line":17,"column":0},"end":{"line":17,"column":95}},"22":{"start":{"line":17,"column":39},"end":{"line":17,"column":93}},"23":{"start":{"line":19,"column":0},"end":{"line":19,"column":153}},"24":{"start":{"line":19,"column":50},"end":{"line":19,"column":151}},"25":{"start":{"line":19,"column":92},"end":{"line":19,"column":149}},"26":{"start":{"line":21,"column":0},"end":{"line":84,"column":4}},"27":{"start":{"line":22,"column":4},"end":{"line":30,"column":5}},"28":{"start":{"line":23,"column":8},"end":{"line":23,"column":53}},"29":{"start":{"line":25,"column":8},"end":{"line":27,"column":9}},"30":{"start":{"line":26,"column":12},"end":{"line":26,"column":90}},"31":{"start":{"line":29,"column":8},"end":{"line":29,"column":35}},"32":{"start":{"line":32,"column":4},"end":{"line":81,"column":8}},"33":{"start":{"line":35,"column":12},"end":{"line":35,"column":79}},"34":{"start":{"line":40,"column":12},"end":{"line":42,"column":15}},"35":{"start":{"line":41,"column":16},"end":{"line":41,"column":67}},"36":{"start":{"line":47,"column":12},"end":{"line":47,"column":53}},"37":{"start":{"line":48,"column":12},"end":{"line":48,"column":82}},"38":{"start":{"line":53,"column":12},"end":{"line":53,"column":65}},"39":{"start":{"line":58,"column":12},"end":{"line":58,"column":51}},"40":{"start":{"line":59,"column":12},"end":{"line":59,"column":49}},"41":{"start":{"line":60,"column":12},"end":{"line":60,"column":32}},"42":{"start":{"line":62,"column":12},"end":{"line":62,"column":39}},"43":{"start":{"line":64,"column":12},"end":{"line":66,"column":13}},"44":{"start":{"line":65,"column":16},"end":{"line":65,"column":42}},"45":{"start":{"line":68,"column":12},"end":{"line":68,"column":78}},"46":{"start":{"line":70,"column":12},"end":{"line":73,"column":14}},"47":{"start":{"line":78,"column":12},"end":{"line":78,"column":77}},"48":{"start":{"line":79,"column":12},"end":{"line":79,"column":59}},"49":{"start":{"line":83,"column":4},"end":{"line":83,"column":33}},"50":{"start":{"line":86,"column":0},"end":{"line":86,"column":40}}},"branchMap":{"1":{"line":7,"type":"binary-expr","locations":[{"start":{"line":7,"column":168},"end":{"line":7,"column":189}},{"start":{"line":7,"column":193},"end":{"line":7,"column":198}}]},"2":{"line":7,"type":"if","locations":[{"start":{"line":7,"column":232},"end":{"line":7,"column":232}},{"start":{"line":7,"column":232},"end":{"line":7,"column":232}}]},"3":{"line":7,"type":"if","locations":[{"start":{"line":7,"column":407},"end":{"line":7,"column":407}},{"start":{"line":7,"column":407},"end":{"line":7,"column":407}}]},"4":{"line":7,"type":"if","locations":[{"start":{"line":7,"column":476},"end":{"line":7,"column":476}},{"start":{"line":7,"column":476},"end":{"line":7,"column":476}}]},"5":{"line":17,"type":"cond-expr","locations":[{"start":{"line":17,"column":70},"end":{"line":17,"column":73}},{"start":{"line":17,"column":76},"end":{"line":17,"column":92}}]},"6":{"line":17,"type":"binary-expr","locations":[{"start":{"line":17,"column":46},"end":{"line":17,"column":49}},{"start":{"line":17,"column":53},"end":{"line":17,"column":67}}]},"7":{"line":19,"type":"if","locations":[{"start":{"line":19,"column":50},"end":{"line":19,"column":50}},{"start":{"line":19,"column":50},"end":{"line":19,"column":50}}]},"8":{"line":25,"type":"if","locations":[{"start":{"line":25,"column":8},"end":{"line":25,"column":8}},{"start":{"line":25,"column":8},"end":{"line":25,"column":8}}]},"9":{"line":41,"type":"binary-expr","locations":[{"start":{"line":41,"column":23},"end":{"line":41,"column":47}},{"start":{"line":41,"column":51},"end":{"line":41,"column":66}}]},"10":{"line":64,"type":"if","locations":[{"start":{"line":64,"column":12},"end":{"line":64,"column":12}},{"start":{"line":64,"column":12},"end":{"line":64,"column":12}}]}}},"/Users/jaredjbarnes/Documents/sqlite-repository/lib/sqlite/visitors/SqlVisitor.js":{"path":"/Users/jaredjbarnes/Documents/sqlite-repository/lib/sqlite/visitors/SqlVisitor.js","s":{"1":1,"2":1,"3":1,"4":1,"5":23,"6":23,"7":23,"8":23,"9":23,"10":23,"11":1,"12":1,"13":1,"14":1,"15":0,"16":1,"17":1,"18":1,"19":1,"20":1,"21":1,"22":1,"23":1,"24":1,"25":1,"26":1,"27":1,"28":5,"29":1,"30":31,"31":0,"32":1,"33":31,"34":0,"35":31,"36":1,"37":1,"38":0,"39":1,"40":1,"41":1,"42":1,"43":1,"44":1,"45":31,"46":31,"47":1,"48":1,"49":2,"50":1,"51":0,"52":1,"53":1,"54":2,"55":1,"56":0,"57":1,"58":5,"59":2,"60":5,"61":4,"62":1,"63":1,"64":1,"65":1,"66":1,"67":4,"68":2,"69":3,"70":3,"71":3,"72":3,"73":22,"74":0,"75":22,"76":0,"77":0,"78":0,"79":4,"80":0,"81":4,"82":0,"83":0,"84":0,"85":3,"86":3,"87":0,"88":3,"89":5,"90":5,"91":0,"92":0,"93":0,"94":0,"95":0,"96":0,"97":0,"98":3,"99":27,"100":27,"101":27,"102":27,"103":31,"104":31,"105":6,"106":25,"107":1,"108":1},"b":{"1":[23,23],"2":[23,0],"3":[1,0],"4":[0,1],"5":[5,0],"6":[5,5],"7":[0,31],"8":[0,31],"9":[0,31],"10":[31,0,0],"11":[0,1],"12":[1,0],"13":[1,1],"14":[1,0],"15":[1,0],"16":[31,0],"17":[0,1],"18":[0,1],"19":[0,22],"20":[0,0],"21":[0,4],"22":[0,0],"23":[0,3],"24":[5,0],"25":[0,0],"26":[0,0],"27":[0,0],"28":[6,25]},"f":{"1":1,"2":1,"3":1,"4":5,"5":31,"6":31,"7":1,"8":1,"9":31,"10":1,"11":1,"12":5,"13":2,"14":5,"15":4,"16":1,"17":1,"18":1,"19":1,"20":1,"21":4,"22":2,"23":3,"24":22,"25":0,"26":4,"27":0,"28":3,"29":5,"30":27,"31":27,"32":27,"33":31},"fnMap":{"1":{"name":"(anonymous_1)","line":7,"loc":{"start":{"line":7,"column":19},"end":{"line":7,"column":31}}},"2":{"name":"defineProperties","line":7,"loc":{"start":{"line":7,"column":33},"end":{"line":7,"column":74}}},"3":{"name":"(anonymous_3)","line":7,"loc":{"start":{"line":7,"column":357},"end":{"line":7,"column":405}}},"4":{"name":"_interopRequireDefault","line":29,"loc":{"start":{"line":29,"column":0},"end":{"line":29,"column":37}}},"5":{"name":"_classCallCheck","line":31,"loc":{"start":{"line":31,"column":0},"end":{"line":31,"column":48}}},"6":{"name":"_possibleConstructorReturn","line":33,"loc":{"start":{"line":33,"column":0},"end":{"line":33,"column":48}}},"7":{"name":"_inherits","line":35,"loc":{"start":{"line":35,"column":0},"end":{"line":35,"column":41}}},"8":{"name":"(anonymous_8)","line":37,"loc":{"start":{"line":37,"column":17},"end":{"line":37,"column":37}}},"9":{"name":"SqlVisitor","line":40,"loc":{"start":{"line":40,"column":4},"end":{"line":40,"column":26}}},"10":{"name":"and","line":48,"loc":{"start":{"line":48,"column":15},"end":{"line":48,"column":30}}},"11":{"name":"or","line":61,"loc":{"start":{"line":61,"column":15},"end":{"line":61,"column":29}}},"12":{"name":"endsWith","line":74,"loc":{"start":{"line":74,"column":15},"end":{"line":74,"column":50}}},"13":{"name":"startsWith","line":79,"loc":{"start":{"line":79,"column":15},"end":{"line":79,"column":52}}},"14":{"name":"contains","line":84,"loc":{"start":{"line":84,"column":15},"end":{"line":84,"column":50}}},"15":{"name":"isEqualTo","line":89,"loc":{"start":{"line":89,"column":15},"end":{"line":89,"column":51}}},"16":{"name":"isNotEqualTo","line":94,"loc":{"start":{"line":94,"column":15},"end":{"line":94,"column":54}}},"17":{"name":"isGreaterThan","line":99,"loc":{"start":{"line":99,"column":15},"end":{"line":99,"column":55}}},"18":{"name":"isGreaterThanOrEqualTo","line":104,"loc":{"start":{"line":104,"column":15},"end":{"line":104,"column":64}}},"19":{"name":"isLessThan","line":109,"loc":{"start":{"line":109,"column":15},"end":{"line":109,"column":52}}},"20":{"name":"isLessThanOrEqualTo","line":114,"loc":{"start":{"line":114,"column":15},"end":{"line":114,"column":61}}},"21":{"name":"isIn","line":119,"loc":{"start":{"line":119,"column":15},"end":{"line":119,"column":46}}},"22":{"name":"isNotIn","line":124,"loc":{"start":{"line":124,"column":15},"end":{"line":124,"column":49}}},"23":{"name":"queryable","line":129,"loc":{"start":{"line":129,"column":15},"end":{"line":129,"column":41}}},"24":{"name":"string","line":141,"loc":{"start":{"line":141,"column":15},"end":{"line":141,"column":38}}},"25":{"name":"boolean","line":150,"loc":{"start":{"line":150,"column":15},"end":{"line":150,"column":39}}},"26":{"name":"number","line":159,"loc":{"start":{"line":159,"column":15},"end":{"line":159,"column":38}}},"27":{"name":"date","line":168,"loc":{"start":{"line":168,"column":15},"end":{"line":168,"column":36}}},"28":{"name":"array","line":177,"loc":{"start":{"line":177,"column":15},"end":{"line":177,"column":37}}},"29":{"name":"(anonymous_29)","line":184,"loc":{"start":{"line":184,"column":35},"end":{"line":184,"column":51}}},"30":{"name":"propertyName","line":203,"loc":{"start":{"line":203,"column":15},"end":{"line":203,"column":43}}},"31":{"name":"property","line":208,"loc":{"start":{"line":208,"column":15},"end":{"line":208,"column":45}}},"32":{"name":"type","line":213,"loc":{"start":{"line":213,"column":15},"end":{"line":213,"column":36}}},"33":{"name":"createWhereExpression","line":219,"loc":{"start":{"line":219,"column":15},"end":{"line":219,"column":52}}}},"statementMap":{"1":{"start":{"line":3,"column":0},"end":{"line":5,"column":3}},"2":{"start":{"line":7,"column":0},"end":{"line":7,"column":564}},"3":{"start":{"line":7,"column":33},"end":{"line":7,"column":349}},"4":{"start":{"line":7,"column":76},"end":{"line":7,"column":347}},"5":{"start":{"line":7,"column":117},"end":{"line":7,"column":143}},"6":{"start":{"line":7,"column":144},"end":{"line":7,"column":199}},"7":{"start":{"line":7,"column":200},"end":{"line":7,"column":231}},"8":{"start":{"line":7,"column":232},"end":{"line":7,"column":286}},"9":{"start":{"line":7,"column":259},"end":{"line":7,"column":286}},"10":{"start":{"line":7,"column":287},"end":{"line":7,"column":345}},"11":{"start":{"line":7,"column":350},"end":{"line":7,"column":559}},"12":{"start":{"line":7,"column":407},"end":{"line":7,"column":475}},"13":{"start":{"line":7,"column":423},"end":{"line":7,"column":475}},"14":{"start":{"line":7,"column":476},"end":{"line":7,"column":536}},"15":{"start":{"line":7,"column":493},"end":{"line":7,"column":536}},"16":{"start":{"line":7,"column":537},"end":{"line":7,"column":556}},"17":{"start":{"line":9,"column":0},"end":{"line":9,"column":37}},"18":{"start":{"line":11,"column":0},"end":{"line":11,"column":50}},"19":{"start":{"line":13,"column":0},"end":{"line":13,"column":78}},"20":{"start":{"line":15,"column":0},"end":{"line":15,"column":79}},"21":{"start":{"line":17,"column":0},"end":{"line":17,"column":51}},"22":{"start":{"line":19,"column":0},"end":{"line":19,"column":57}},"23":{"start":{"line":21,"column":0},"end":{"line":21,"column":54}},"24":{"start":{"line":23,"column":0},"end":{"line":23,"column":53}},"25":{"start":{"line":25,"column":0},"end":{"line":25,"column":40}},"26":{"start":{"line":27,"column":0},"end":{"line":27,"column":53}},"27":{"start":{"line":29,"column":0},"end":{"line":29,"column":95}},"28":{"start":{"line":29,"column":39},"end":{"line":29,"column":93}},"29":{"start":{"line":31,"column":0},"end":{"line":31,"column":153}},"30":{"start":{"line":31,"column":50},"end":{"line":31,"column":151}},"31":{"start":{"line":31,"column":92},"end":{"line":31,"column":149}},"32":{"start":{"line":33,"column":0},"end":{"line":33,"column":240}},"33":{"start":{"line":33,"column":50},"end":{"line":33,"column":151}},"34":{"start":{"line":33,"column":63},"end":{"line":33,"column":149}},"35":{"start":{"line":33,"column":152},"end":{"line":33,"column":238}},"36":{"start":{"line":35,"column":0},"end":{"line":35,"column":494}},"37":{"start":{"line":35,"column":43},"end":{"line":35,"column":208}},"38":{"start":{"line":35,"column":106},"end":{"line":35,"column":206}},"39":{"start":{"line":35,"column":209},"end":{"line":35,"column":373}},"40":{"start":{"line":35,"column":374},"end":{"line":35,"column":492}},"41":{"start":{"line":35,"column":390},"end":{"line":35,"column":492}},"42":{"start":{"line":37,"column":0},"end":{"line":232,"column":21}},"43":{"start":{"line":38,"column":4},"end":{"line":38,"column":36}},"44":{"start":{"line":40,"column":4},"end":{"line":44,"column":5}},"45":{"start":{"line":41,"column":8},"end":{"line":41,"column":42}},"46":{"start":{"line":43,"column":8},"end":{"line":43,"column":132}},"47":{"start":{"line":46,"column":4},"end":{"line":229,"column":8}},"48":{"start":{"line":49,"column":12},"end":{"line":51,"column":13}},"49":{"start":{"line":50,"column":16},"end":{"line":50,"column":45}},"50":{"start":{"line":53,"column":12},"end":{"line":55,"column":13}},"51":{"start":{"line":54,"column":16},"end":{"line":54,"column":26}},"52":{"start":{"line":57,"column":12},"end":{"line":57,"column":50}},"53":{"start":{"line":62,"column":12},"end":{"line":64,"column":13}},"54":{"start":{"line":63,"column":16},"end":{"line":63,"column":47}},"55":{"start":{"line":66,"column":12},"end":{"line":68,"column":13}},"56":{"start":{"line":67,"column":16},"end":{"line":67,"column":26}},"57":{"start":{"line":70,"column":12},"end":{"line":70,"column":49}},"58":{"start":{"line":75,"column":12},"end":{"line":75,"column":66}},"59":{"start":{"line":80,"column":12},"end":{"line":80,"column":68}},"60":{"start":{"line":85,"column":12},"end":{"line":85,"column":66}},"61":{"start":{"line":90,"column":12},"end":{"line":90,"column":55}},"62":{"start":{"line":95,"column":12},"end":{"line":95,"column":56}},"63":{"start":{"line":100,"column":12},"end":{"line":100,"column":55}},"64":{"start":{"line":105,"column":12},"end":{"line":105,"column":56}},"65":{"start":{"line":110,"column":12},"end":{"line":110,"column":55}},"66":{"start":{"line":115,"column":12},"end":{"line":115,"column":56}},"67":{"start":{"line":120,"column":12},"end":{"line":120,"column":45}},"68":{"start":{"line":125,"column":12},"end":{"line":125,"column":49}},"69":{"start":{"line":130,"column":12},"end":{"line":130,"column":66}},"70":{"start":{"line":132,"column":12},"end":{"line":132,"column":89}},"71":{"start":{"line":134,"column":12},"end":{"line":135,"column":48}},"72":{"start":{"line":137,"column":12},"end":{"line":137,"column":35}},"73":{"start":{"line":142,"column":12},"end":{"line":144,"column":13}},"74":{"start":{"line":143,"column":16},"end":{"line":143,"column":57}},"75":{"start":{"line":146,"column":12},"end":{"line":146,"column":50}},"76":{"start":{"line":151,"column":12},"end":{"line":153,"column":13}},"77":{"start":{"line":152,"column":16},"end":{"line":152,"column":58}},"78":{"start":{"line":155,"column":12},"end":{"line":155,"column":36}},"79":{"start":{"line":160,"column":12},"end":{"line":162,"column":13}},"80":{"start":{"line":161,"column":16},"end":{"line":161,"column":57}},"81":{"start":{"line":164,"column":12},"end":{"line":164,"column":25}},"82":{"start":{"line":169,"column":12},"end":{"line":171,"column":13}},"83":{"start":{"line":170,"column":16},"end":{"line":170,"column":55}},"84":{"start":{"line":173,"column":12},"end":{"line":173,"column":35}},"85":{"start":{"line":178,"column":12},"end":{"line":178,"column":30}},"86":{"start":{"line":180,"column":12},"end":{"line":182,"column":13}},"87":{"start":{"line":181,"column":16},"end":{"line":181,"column":56}},"88":{"start":{"line":184,"column":12},"end":{"line":197,"column":26}},"89":{"start":{"line":186,"column":16},"end":{"line":196,"column":17}},"90":{"start":{"line":187,"column":20},"end":{"line":187,"column":58}},"91":{"start":{"line":188,"column":23},"end":{"line":196,"column":17}},"92":{"start":{"line":189,"column":20},"end":{"line":189,"column":47}},"93":{"start":{"line":190,"column":23},"end":{"line":196,"column":17}},"94":{"start":{"line":191,"column":20},"end":{"line":191,"column":48}},"95":{"start":{"line":192,"column":23},"end":{"line":196,"column":17}},"96":{"start":{"line":193,"column":20},"end":{"line":193,"column":45}},"97":{"start":{"line":195,"column":20},"end":{"line":195,"column":81}},"98":{"start":{"line":199,"column":12},"end":{"line":199,"column":38}},"99":{"start":{"line":204,"column":12},"end":{"line":204,"column":58}},"100":{"start":{"line":209,"column":12},"end":{"line":209,"column":24}},"101":{"start":{"line":214,"column":12},"end":{"line":214,"column":31}},"102":{"start":{"line":215,"column":12},"end":{"line":215,"column":25}},"103":{"start":{"line":221,"column":12},"end":{"line":221,"column":41}},"104":{"start":{"line":223,"column":12},"end":{"line":225,"column":13}},"105":{"start":{"line":224,"column":16},"end":{"line":224,"column":26}},"106":{"start":{"line":227,"column":12},"end":{"line":227,"column":36}},"107":{"start":{"line":231,"column":4},"end":{"line":231,"column":22}},"108":{"start":{"line":234,"column":0},"end":{"line":234,"column":29}}},"branchMap":{"1":{"line":7,"type":"binary-expr","locations":[{"start":{"line":7,"column":168},"end":{"line":7,"column":189}},{"start":{"line":7,"column":193},"end":{"line":7,"column":198}}]},"2":{"line":7,"type":"if","locations":[{"start":{"line":7,"column":232},"end":{"line":7,"column":232}},{"start":{"line":7,"column":232},"end":{"line":7,"column":232}}]},"3":{"line":7,"type":"if","locations":[{"start":{"line":7,"column":407},"end":{"line":7,"column":407}},{"start":{"line":7,"column":407},"end":{"line":7,"column":407}}]},"4":{"line":7,"type":"if","locations":[{"start":{"line":7,"column":476},"end":{"line":7,"column":476}},{"start":{"line":7,"column":476},"end":{"line":7,"column":476}}]},"5":{"line":29,"type":"cond-expr","locations":[{"start":{"line":29,"column":70},"end":{"line":29,"column":73}},{"start":{"line":29,"column":76},"end":{"line":29,"column":92}}]},"6":{"line":29,"type":"binary-expr","locations":[{"start":{"line":29,"column":46},"end":{"line":29,"column":49}},{"start":{"line":29,"column":53},"end":{"line":29,"column":67}}]},"7":{"line":31,"type":"if","locations":[{"start":{"line":31,"column":50},"end":{"line":31,"column":50}},{"start":{"line":31,"column":50},"end":{"line":31,"column":50}}]},"8":{"line":33,"type":"if","locations":[{"start":{"line":33,"column":50},"end":{"line":33,"column":50}},{"start":{"line":33,"column":50},"end":{"line":33,"column":50}}]},"9":{"line":33,"type":"cond-expr","locations":[{"start":{"line":33,"column":226},"end":{"line":33,"column":230}},{"start":{"line":33,"column":233},"end":{"line":33,"column":237}}]},"10":{"line":33,"type":"binary-expr","locations":[{"start":{"line":33,"column":159},"end":{"line":33,"column":163}},{"start":{"line":33,"column":168},"end":{"line":33,"column":192}},{"start":{"line":33,"column":196},"end":{"line":33,"column":222}}]},"11":{"line":35,"type":"if","locations":[{"start":{"line":35,"column":43},"end":{"line":35,"column":43}},{"start":{"line":35,"column":43},"end":{"line":35,"column":43}}]},"12":{"line":35,"type":"binary-expr","locations":[{"start":{"line":35,"column":47},"end":{"line":35,"column":79}},{"start":{"line":35,"column":83},"end":{"line":35,"column":102}}]},"13":{"line":35,"type":"binary-expr","locations":[{"start":{"line":35,"column":244},"end":{"line":35,"column":254}},{"start":{"line":35,"column":258},"end":{"line":35,"column":278}}]},"14":{"line":35,"type":"if","locations":[{"start":{"line":35,"column":374},"end":{"line":35,"column":374}},{"start":{"line":35,"column":374},"end":{"line":35,"column":374}}]},"15":{"line":35,"type":"cond-expr","locations":[{"start":{"line":35,"column":414},"end":{"line":35,"column":457}},{"start":{"line":35,"column":460},"end":{"line":35,"column":491}}]},"16":{"line":43,"type":"binary-expr","locations":[{"start":{"line":43,"column":49},"end":{"line":43,"column":69}},{"start":{"line":43,"column":73},"end":{"line":43,"column":106}}]},"17":{"line":53,"type":"if","locations":[{"start":{"line":53,"column":12},"end":{"line":53,"column":12}},{"start":{"line":53,"column":12},"end":{"line":53,"column":12}}]},"18":{"line":66,"type":"if","locations":[{"start":{"line":66,"column":12},"end":{"line":66,"column":12}},{"start":{"line":66,"column":12},"end":{"line":66,"column":12}}]},"19":{"line":142,"type":"if","locations":[{"start":{"line":142,"column":12},"end":{"line":142,"column":12}},{"start":{"line":142,"column":12},"end":{"line":142,"column":12}}]},"20":{"line":151,"type":"if","locations":[{"start":{"line":151,"column":12},"end":{"line":151,"column":12}},{"start":{"line":151,"column":12},"end":{"line":151,"column":12}}]},"21":{"line":160,"type":"if","locations":[{"start":{"line":160,"column":12},"end":{"line":160,"column":12}},{"start":{"line":160,"column":12},"end":{"line":160,"column":12}}]},"22":{"line":169,"type":"if","locations":[{"start":{"line":169,"column":12},"end":{"line":169,"column":12}},{"start":{"line":169,"column":12},"end":{"line":169,"column":12}}]},"23":{"line":180,"type":"if","locations":[{"start":{"line":180,"column":12},"end":{"line":180,"column":12}},{"start":{"line":180,"column":12},"end":{"line":180,"column":12}}]},"24":{"line":186,"type":"if","locations":[{"start":{"line":186,"column":16},"end":{"line":186,"column":16}},{"start":{"line":186,"column":16},"end":{"line":186,"column":16}}]},"25":{"line":188,"type":"if","locations":[{"start":{"line":188,"column":23},"end":{"line":188,"column":23}},{"start":{"line":188,"column":23},"end":{"line":188,"column":23}}]},"26":{"line":190,"type":"if","locations":[{"start":{"line":190,"column":23},"end":{"line":190,"column":23}},{"start":{"line":190,"column":23},"end":{"line":190,"column":23}}]},"27":{"line":192,"type":"if","locations":[{"start":{"line":192,"column":23},"end":{"line":192,"column":23}},{"start":{"line":192,"column":23},"end":{"line":192,"column":23}}]},"28":{"line":223,"type":"if","locations":[{"start":{"line":223,"column":12},"end":{"line":223,"column":12}},{"start":{"line":223,"column":12},"end":{"line":223,"column":12}}]}}},"/Users/jaredjbarnes/Documents/sqlite-repository/lib/sqlite/visitors/Visitor.js":{"path":"/Users/jaredjbarnes/Documents/sqlite-repository/lib/sqlite/visitors/Visitor.js","s":{"1":1,"2":1,"3":1,"4":1,"5":1,"6":1,"7":1,"8":1,"9":1,"10":1,"11":1,"12":1,"13":1,"14":1,"15":0,"16":1,"17":1,"18":31,"19":0,"20":1,"21":1,"22":31,"23":1,"24":143,"25":143,"26":6,"27":137,"28":56,"29":112,"30":56,"31":56,"32":0,"33":81,"34":81,"35":0,"36":1,"37":1},"b":{"1":[1,1],"2":[1,0],"3":[1,0],"4":[0,1],"5":[0,31],"6":[6,137],"7":[56,81],"8":[56,0],"9":[81,0]},"f":{"1":1,"2":1,"3":1,"4":31,"5":1,"6":31,"7":143,"8":112},"fnMap":{"1":{"name":"(anonymous_1)","line":7,"loc":{"start":{"line":7,"column":19},"end":{"line":7,"column":31}}},"2":{"name":"defineProperties","line":7,"loc":{"start":{"line":7,"column":33},"end":{"line":7,"column":74}}},"3":{"name":"(anonymous_3)","line":7,"loc":{"start":{"line":7,"column":357},"end":{"line":7,"column":405}}},"4":{"name":"_classCallCheck","line":9,"loc":{"start":{"line":9,"column":0},"end":{"line":9,"column":48}}},"5":{"name":"(anonymous_5)","line":11,"loc":{"start":{"line":11,"column":14},"end":{"line":11,"column":26}}},"6":{"name":"Visitor","line":12,"loc":{"start":{"line":12,"column":4},"end":{"line":12,"column":23}}},"7":{"name":"visit","line":18,"loc":{"start":{"line":18,"column":15},"end":{"line":18,"column":36}}},"8":{"name":"(anonymous_8)","line":27,"loc":{"start":{"line":27,"column":48},"end":{"line":27,"column":64}}}},"statementMap":{"1":{"start":{"line":3,"column":0},"end":{"line":5,"column":3}},"2":{"start":{"line":7,"column":0},"end":{"line":7,"column":564}},"3":{"start":{"line":7,"column":33},"end":{"line":7,"column":349}},"4":{"start":{"line":7,"column":76},"end":{"line":7,"column":347}},"5":{"start":{"line":7,"column":117},"end":{"line":7,"column":143}},"6":{"start":{"line":7,"column":144},"end":{"line":7,"column":199}},"7":{"start":{"line":7,"column":200},"end":{"line":7,"column":231}},"8":{"start":{"line":7,"column":232},"end":{"line":7,"column":286}},"9":{"start":{"line":7,"column":259},"end":{"line":7,"column":286}},"10":{"start":{"line":7,"column":287},"end":{"line":7,"column":345}},"11":{"start":{"line":7,"column":350},"end":{"line":7,"column":559}},"12":{"start":{"line":7,"column":407},"end":{"line":7,"column":475}},"13":{"start":{"line":7,"column":423},"end":{"line":7,"column":475}},"14":{"start":{"line":7,"column":476},"end":{"line":7,"column":536}},"15":{"start":{"line":7,"column":493},"end":{"line":7,"column":536}},"16":{"start":{"line":7,"column":537},"end":{"line":7,"column":556}},"17":{"start":{"line":9,"column":0},"end":{"line":9,"column":153}},"18":{"start":{"line":9,"column":50},"end":{"line":9,"column":151}},"19":{"start":{"line":9,"column":92},"end":{"line":9,"column":149}},"20":{"start":{"line":11,"column":0},"end":{"line":48,"column":4}},"21":{"start":{"line":12,"column":4},"end":{"line":14,"column":5}},"22":{"start":{"line":13,"column":8},"end":{"line":13,"column":39}},"23":{"start":{"line":16,"column":4},"end":{"line":45,"column":8}},"24":{"start":{"line":19,"column":12},"end":{"line":19,"column":29}},"25":{"start":{"line":21,"column":12},"end":{"line":23,"column":13}},"26":{"start":{"line":22,"column":16},"end":{"line":22,"column":28}},"27":{"start":{"line":25,"column":12},"end":{"line":43,"column":13}},"28":{"start":{"line":27,"column":16},"end":{"line":29,"column":19}},"29":{"start":{"line":28,"column":20},"end":{"line":28,"column":45}},"30":{"start":{"line":31,"column":16},"end":{"line":35,"column":17}},"31":{"start":{"line":32,"column":20},"end":{"line":32,"column":64}},"32":{"start":{"line":34,"column":20},"end":{"line":34,"column":90}},"33":{"start":{"line":38,"column":16},"end":{"line":42,"column":17}},"34":{"start":{"line":39,"column":20},"end":{"line":39,"column":55}},"35":{"start":{"line":41,"column":20},"end":{"line":41,"column":90}},"36":{"start":{"line":47,"column":4},"end":{"line":47,"column":19}},"37":{"start":{"line":50,"column":0},"end":{"line":50,"column":26}}},"branchMap":{"1":{"line":7,"type":"binary-expr","locations":[{"start":{"line":7,"column":168},"end":{"line":7,"column":189}},{"start":{"line":7,"column":193},"end":{"line":7,"column":198}}]},"2":{"line":7,"type":"if","locations":[{"start":{"line":7,"column":232},"end":{"line":7,"column":232}},{"start":{"line":7,"column":232},"end":{"line":7,"column":232}}]},"3":{"line":7,"type":"if","locations":[{"start":{"line":7,"column":407},"end":{"line":7,"column":407}},{"start":{"line":7,"column":407},"end":{"line":7,"column":407}}]},"4":{"line":7,"type":"if","locations":[{"start":{"line":7,"column":476},"end":{"line":7,"column":476}},{"start":{"line":7,"column":476},"end":{"line":7,"column":476}}]},"5":{"line":9,"type":"if","locations":[{"start":{"line":9,"column":50},"end":{"line":9,"column":50}},{"start":{"line":9,"column":50},"end":{"line":9,"column":50}}]},"6":{"line":21,"type":"if","locations":[{"start":{"line":21,"column":12},"end":{"line":21,"column":12}},{"start":{"line":21,"column":12},"end":{"line":21,"column":12}}]},"7":{"line":25,"type":"if","locations":[{"start":{"line":25,"column":12},"end":{"line":25,"column":12}},{"start":{"line":25,"column":12},"end":{"line":25,"column":12}}]},"8":{"line":31,"type":"if","locations":[{"start":{"line":31,"column":16},"end":{"line":31,"column":16}},{"start":{"line":31,"column":16},"end":{"line":31,"column":16}}]},"9":{"line":38,"type":"if","locations":[{"start":{"line":38,"column":16},"end":{"line":38,"column":16}},{"start":{"line":38,"column":16},"end":{"line":38,"column":16}}]}}},"/Users/jaredjbarnes/Documents/sqlite-repository/lib/sqlite/statements/SelectStatementCreator.js":{"path":"/Users/jaredjbarnes/Documents/sqlite-repository/lib/sqlite/statements/SelectStatementCreator.js","s":{"1":1,"2":1,"3":1,"4":2,"5":8,"6":8,"7":8,"8":8,"9":8,"10":8,"11":1,"12":1,"13":1,"14":1,"15":1,"16":1,"17":1,"18":1,"19":1,"20":1,"21":1,"22":2,"23":1,"24":25,"25":0,"26":1,"27":1,"28":25,"29":25,"30":0,"31":25,"32":1,"33":25,"34":25,"35":71,"36":25,"37":25,"38":25,"39":25,"40":3,"41":25,"42":22,"43":25,"44":25,"45":24,"46":1,"47":1,"48":1,"49":25,"50":25,"51":25,"52":25,"53":25,"54":25,"55":25,"56":25,"57":25,"58":25,"59":20,"60":25,"61":1,"62":25,"63":25,"64":25,"65":25,"66":9,"67":9,"68":1,"69":1},"b":{"1":[8,8],"2":[8,0],"3":[1,0],"4":[1,0],"5":[2,0],"6":[2,2],"7":[0,25],"8":[0,25],"9":[71,71],"10":[22,3],"11":[24,1],"12":[20,5],"13":[1,24],"14":[25,0]},"f":{"1":1,"2":2,"3":1,"4":2,"5":25,"6":1,"7":25,"8":25,"9":25,"10":71,"11":25,"12":25,"13":3,"14":25,"15":1,"16":25,"17":25,"18":9},"fnMap":{"1":{"name":"(anonymous_1)","line":7,"loc":{"start":{"line":7,"column":19},"end":{"line":7,"column":31}}},"2":{"name":"defineProperties","line":7,"loc":{"start":{"line":7,"column":33},"end":{"line":7,"column":74}}},"3":{"name":"(anonymous_3)","line":7,"loc":{"start":{"line":7,"column":357},"end":{"line":7,"column":405}}},"4":{"name":"_interopRequireDefault","line":17,"loc":{"start":{"line":17,"column":0},"end":{"line":17,"column":37}}},"5":{"name":"_classCallCheck","line":19,"loc":{"start":{"line":19,"column":0},"end":{"line":19,"column":48}}},"6":{"name":"(anonymous_6)","line":21,"loc":{"start":{"line":21,"column":29},"end":{"line":21,"column":41}}},"7":{"name":"SelectStatementCreator","line":22,"loc":{"start":{"line":22,"column":4},"end":{"line":22,"column":47}}},"8":{"name":"getTableName","line":34,"loc":{"start":{"line":34,"column":15},"end":{"line":34,"column":39}}},"9":{"name":"removeNullOrEmptyStrings","line":39,"loc":{"start":{"line":39,"column":15},"end":{"line":39,"column":61}}},"10":{"name":"(anonymous_10)","line":40,"loc":{"start":{"line":40,"column":37},"end":{"line":40,"column":53}}},"11":{"name":"createWhereExpression","line":46,"loc":{"start":{"line":46,"column":15},"end":{"line":46,"column":48}}},"12":{"name":"createSelectSql","line":52,"loc":{"start":{"line":52,"column":15},"end":{"line":52,"column":42}}},"13":{"name":"(anonymous_13)","line":54,"loc":{"start":{"line":54,"column":50},"end":{"line":54,"column":65}}},"14":{"name":"createOrderBySql","line":66,"loc":{"start":{"line":66,"column":15},"end":{"line":66,"column":43}}},"15":{"name":"(anonymous_15)","line":71,"loc":{"start":{"line":71,"column":58},"end":{"line":71,"column":77}}},"16":{"name":"createLimitAndOffsetSql","line":79,"loc":{"start":{"line":79,"column":15},"end":{"line":79,"column":50}}},"17":{"name":"createStatement","line":87,"loc":{"start":{"line":87,"column":15},"end":{"line":87,"column":42}}},"18":{"name":"createStatement","line":117,"loc":{"start":{"line":117,"column":15},"end":{"line":117,"column":51}}}},"statementMap":{"1":{"start":{"line":3,"column":0},"end":{"line":5,"column":3}},"2":{"start":{"line":7,"column":0},"end":{"line":7,"column":564}},"3":{"start":{"line":7,"column":33},"end":{"line":7,"column":349}},"4":{"start":{"line":7,"column":76},"end":{"line":7,"column":347}},"5":{"start":{"line":7,"column":117},"end":{"line":7,"column":143}},"6":{"start":{"line":7,"column":144},"end":{"line":7,"column":199}},"7":{"start":{"line":7,"column":200},"end":{"line":7,"column":231}},"8":{"start":{"line":7,"column":232},"end":{"line":7,"column":286}},"9":{"start":{"line":7,"column":259},"end":{"line":7,"column":286}},"10":{"start":{"line":7,"column":287},"end":{"line":7,"column":345}},"11":{"start":{"line":7,"column":350},"end":{"line":7,"column":559}},"12":{"start":{"line":7,"column":407},"end":{"line":7,"column":475}},"13":{"start":{"line":7,"column":423},"end":{"line":7,"column":475}},"14":{"start":{"line":7,"column":476},"end":{"line":7,"column":536}},"15":{"start":{"line":7,"column":493},"end":{"line":7,"column":536}},"16":{"start":{"line":7,"column":537},"end":{"line":7,"column":556}},"17":{"start":{"line":9,"column":0},"end":{"line":9,"column":52}},"18":{"start":{"line":11,"column":0},"end":{"line":11,"column":55}},"19":{"start":{"line":13,"column":0},"end":{"line":13,"column":51}},"20":{"start":{"line":15,"column":0},"end":{"line":15,"column":57}},"21":{"start":{"line":17,"column":0},"end":{"line":17,"column":95}},"22":{"start":{"line":17,"column":39},"end":{"line":17,"column":93}},"23":{"start":{"line":19,"column":0},"end":{"line":19,"column":153}},"24":{"start":{"line":19,"column":50},"end":{"line":19,"column":151}},"25":{"start":{"line":19,"column":92},"end":{"line":19,"column":149}},"26":{"start":{"line":21,"column":0},"end":{"line":124,"column":4}},"27":{"start":{"line":22,"column":4},"end":{"line":30,"column":5}},"28":{"start":{"line":23,"column":8},"end":{"line":23,"column":54}},"29":{"start":{"line":25,"column":8},"end":{"line":27,"column":9}},"30":{"start":{"line":26,"column":12},"end":{"line":26,"column":90}},"31":{"start":{"line":29,"column":8},"end":{"line":29,"column":35}},"32":{"start":{"line":32,"column":4},"end":{"line":121,"column":8}},"33":{"start":{"line":35,"column":12},"end":{"line":35,"column":79}},"34":{"start":{"line":40,"column":12},"end":{"line":42,"column":15}},"35":{"start":{"line":41,"column":16},"end":{"line":41,"column":67}},"36":{"start":{"line":47,"column":12},"end":{"line":47,"column":53}},"37":{"start":{"line":48,"column":12},"end":{"line":48,"column":82}},"38":{"start":{"line":53,"column":12},"end":{"line":53,"column":53}},"39":{"start":{"line":54,"column":12},"end":{"line":56,"column":15}},"40":{"start":{"line":55,"column":16},"end":{"line":55,"column":50}},"41":{"start":{"line":58,"column":12},"end":{"line":60,"column":13}},"42":{"start":{"line":59,"column":16},"end":{"line":59,"column":32}},"43":{"start":{"line":62,"column":12},"end":{"line":62,"column":83}},"44":{"start":{"line":67,"column":12},"end":{"line":69,"column":13}},"45":{"start":{"line":68,"column":16},"end":{"line":68,"column":26}},"46":{"start":{"line":71,"column":12},"end":{"line":73,"column":26}},"47":{"start":{"line":72,"column":16},"end":{"line":72,"column":93}},"48":{"start":{"line":75,"column":12},"end":{"line":75,"column":40}},"49":{"start":{"line":80,"column":12},"end":{"line":80,"column":51}},"50":{"start":{"line":81,"column":12},"end":{"line":81,"column":53}},"51":{"start":{"line":83,"column":12},"end":{"line":83,"column":58}},"52":{"start":{"line":88,"column":12},"end":{"line":88,"column":51}},"53":{"start":{"line":89,"column":12},"end":{"line":89,"column":56}},"54":{"start":{"line":90,"column":12},"end":{"line":90,"column":53}},"55":{"start":{"line":91,"column":12},"end":{"line":91,"column":67}},"56":{"start":{"line":92,"column":12},"end":{"line":92,"column":32}},"57":{"start":{"line":94,"column":12},"end":{"line":94,"column":39}},"58":{"start":{"line":96,"column":12},"end":{"line":98,"column":13}},"59":{"start":{"line":97,"column":16},"end":{"line":97,"column":42}},"60":{"start":{"line":100,"column":12},"end":{"line":102,"column":13}},"61":{"start":{"line":101,"column":16},"end":{"line":101,"column":44}},"62":{"start":{"line":104,"column":12},"end":{"line":106,"column":13}},"63":{"start":{"line":105,"column":16},"end":{"line":105,"column":51}},"64":{"start":{"line":108,"column":12},"end":{"line":108,"column":78}},"65":{"start":{"line":110,"column":12},"end":{"line":113,"column":14}},"66":{"start":{"line":118,"column":12},"end":{"line":118,"column":79}},"67":{"start":{"line":119,"column":12},"end":{"line":119,"column":60}},"68":{"start":{"line":123,"column":4},"end":{"line":123,"column":34}},"69":{"start":{"line":126,"column":0},"end":{"line":126,"column":41}}},"branchMap":{"1":{"line":7,"type":"binary-expr","locations":[{"start":{"line":7,"column":168},"end":{"line":7,"column":189}},{"start":{"line":7,"column":193},"end":{"line":7,"column":198}}]},"2":{"line":7,"type":"if","locations":[{"start":{"line":7,"column":232},"end":{"line":7,"column":232}},{"start":{"line":7,"column":232},"end":{"line":7,"column":232}}]},"3":{"line":7,"type":"if","locations":[{"start":{"line":7,"column":407},"end":{"line":7,"column":407}},{"start":{"line":7,"column":407},"end":{"line":7,"column":407}}]},"4":{"line":7,"type":"if","locations":[{"start":{"line":7,"column":476},"end":{"line":7,"column":476}},{"start":{"line":7,"column":476},"end":{"line":7,"column":476}}]},"5":{"line":17,"type":"cond-expr","locations":[{"start":{"line":17,"column":70},"end":{"line":17,"column":73}},{"start":{"line":17,"column":76},"end":{"line":17,"column":92}}]},"6":{"line":17,"type":"binary-expr","locations":[{"start":{"line":17,"column":46},"end":{"line":17,"column":49}},{"start":{"line":17,"column":53},"end":{"line":17,"column":67}}]},"7":{"line":19,"type":"if","locations":[{"start":{"line":19,"column":50},"end":{"line":19,"column":50}},{"start":{"line":19,"column":50},"end":{"line":19,"column":50}}]},"8":{"line":25,"type":"if","locations":[{"start":{"line":25,"column":8},"end":{"line":25,"column":8}},{"start":{"line":25,"column":8},"end":{"line":25,"column":8}}]},"9":{"line":41,"type":"binary-expr","locations":[{"start":{"line":41,"column":23},"end":{"line":41,"column":47}},{"start":{"line":41,"column":51},"end":{"line":41,"column":66}}]},"10":{"line":58,"type":"if","locations":[{"start":{"line":58,"column":12},"end":{"line":58,"column":12}},{"start":{"line":58,"column":12},"end":{"line":58,"column":12}}]},"11":{"line":67,"type":"if","locations":[{"start":{"line":67,"column":12},"end":{"line":67,"column":12}},{"start":{"line":67,"column":12},"end":{"line":67,"column":12}}]},"12":{"line":96,"type":"if","locations":[{"start":{"line":96,"column":12},"end":{"line":96,"column":12}},{"start":{"line":96,"column":12},"end":{"line":96,"column":12}}]},"13":{"line":100,"type":"if","locations":[{"start":{"line":100,"column":12},"end":{"line":100,"column":12}},{"start":{"line":100,"column":12},"end":{"line":100,"column":12}}]},"14":{"line":104,"type":"if","locations":[{"start":{"line":104,"column":12},"end":{"line":104,"column":12}},{"start":{"line":104,"column":12},"end":{"line":104,"column":12}}]}}},"/Users/jaredjbarnes/Documents/sqlite-repository/lib/sqlite/utils/SqliteUtils.js":{"path":"/Users/jaredjbarnes/Documents/sqlite-repository/lib/sqlite/utils/SqliteUtils.js","s":{"1":1,"2":1,"3":1,"4":1,"5":2,"6":2,"7":2,"8":2,"9":2,"10":2,"11":1,"12":1,"13":0,"14":1,"15":1,"16":1,"17":1,"18":0,"19":0,"20":1,"21":1,"22":0,"23":1,"24":3,"25":0,"26":3,"27":4423,"28":4423,"29":0,"30":1,"31":1},"b":{"1":[2,2],"2":[2,0],"3":[0,1],"4":[1,0],"5":[0,0],"6":[0,3],"7":[4423,0]},"f":{"1":1,"2":1,"3":1,"4":0,"5":1,"6":0,"7":3,"8":4423},"fnMap":{"1":{"name":"(anonymous_1)","line":7,"loc":{"start":{"line":7,"column":19},"end":{"line":7,"column":31}}},"2":{"name":"defineProperties","line":7,"loc":{"start":{"line":7,"column":33},"end":{"line":7,"column":74}}},"3":{"name":"(anonymous_3)","line":7,"loc":{"start":{"line":7,"column":357},"end":{"line":7,"column":405}}},"4":{"name":"_classCallCheck","line":9,"loc":{"start":{"line":9,"column":0},"end":{"line":9,"column":48}}},"5":{"name":"(anonymous_5)","line":11,"loc":{"start":{"line":11,"column":18},"end":{"line":11,"column":30}}},"6":{"name":"SqliteUtils","line":12,"loc":{"start":{"line":12,"column":4},"end":{"line":12,"column":27}}},"7":{"name":"escapeValue","line":18,"loc":{"start":{"line":18,"column":15},"end":{"line":18,"column":43}}},"8":{"name":"escapeName","line":27,"loc":{"start":{"line":27,"column":15},"end":{"line":27,"column":41}}}},"statementMap":{"1":{"start":{"line":3,"column":0},"end":{"line":5,"column":3}},"2":{"start":{"line":7,"column":0},"end":{"line":7,"column":564}},"3":{"start":{"line":7,"column":33},"end":{"line":7,"column":349}},"4":{"start":{"line":7,"column":76},"end":{"line":7,"column":347}},"5":{"start":{"line":7,"column":117},"end":{"line":7,"column":143}},"6":{"start":{"line":7,"column":144},"end":{"line":7,"column":199}},"7":{"start":{"line":7,"column":200},"end":{"line":7,"column":231}},"8":{"start":{"line":7,"column":232},"end":{"line":7,"column":286}},"9":{"start":{"line":7,"column":259},"end":{"line":7,"column":286}},"10":{"start":{"line":7,"column":287},"end":{"line":7,"column":345}},"11":{"start":{"line":7,"column":350},"end":{"line":7,"column":559}},"12":{"start":{"line":7,"column":407},"end":{"line":7,"column":475}},"13":{"start":{"line":7,"column":423},"end":{"line":7,"column":475}},"14":{"start":{"line":7,"column":476},"end":{"line":7,"column":536}},"15":{"start":{"line":7,"column":493},"end":{"line":7,"column":536}},"16":{"start":{"line":7,"column":537},"end":{"line":7,"column":556}},"17":{"start":{"line":9,"column":0},"end":{"line":9,"column":153}},"18":{"start":{"line":9,"column":50},"end":{"line":9,"column":151}},"19":{"start":{"line":9,"column":92},"end":{"line":9,"column":149}},"20":{"start":{"line":11,"column":0},"end":{"line":36,"column":4}},"21":{"start":{"line":12,"column":4},"end":{"line":14,"column":5}},"22":{"start":{"line":13,"column":8},"end":{"line":13,"column":43}},"23":{"start":{"line":16,"column":4},"end":{"line":33,"column":8}},"24":{"start":{"line":19,"column":12},"end":{"line":23,"column":13}},"25":{"start":{"line":20,"column":16},"end":{"line":20,"column":61}},"26":{"start":{"line":22,"column":16},"end":{"line":22,"column":40}},"27":{"start":{"line":28,"column":12},"end":{"line":30,"column":13}},"28":{"start":{"line":29,"column":16},"end":{"line":29,"column":62}},"29":{"start":{"line":31,"column":12},"end":{"line":31,"column":24}},"30":{"start":{"line":35,"column":4},"end":{"line":35,"column":23}},"31":{"start":{"line":38,"column":0},"end":{"line":38,"column":30}}},"branchMap":{"1":{"line":7,"type":"binary-expr","locations":[{"start":{"line":7,"column":168},"end":{"line":7,"column":189}},{"start":{"line":7,"column":193},"end":{"line":7,"column":198}}]},"2":{"line":7,"type":"if","locations":[{"start":{"line":7,"column":232},"end":{"line":7,"column":232}},{"start":{"line":7,"column":232},"end":{"line":7,"column":232}}]},"3":{"line":7,"type":"if","locations":[{"start":{"line":7,"column":407},"end":{"line":7,"column":407}},{"start":{"line":7,"column":407},"end":{"line":7,"column":407}}]},"4":{"line":7,"type":"if","locations":[{"start":{"line":7,"column":476},"end":{"line":7,"column":476}},{"start":{"line":7,"column":476},"end":{"line":7,"column":476}}]},"5":{"line":9,"type":"if","locations":[{"start":{"line":9,"column":50},"end":{"line":9,"column":50}},{"start":{"line":9,"column":50},"end":{"line":9,"column":50}}]},"6":{"line":19,"type":"if","locations":[{"start":{"line":19,"column":12},"end":{"line":19,"column":12}},{"start":{"line":19,"column":12},"end":{"line":19,"column":12}}]},"7":{"line":28,"type":"if","locations":[{"start":{"line":28,"column":12},"end":{"line":28,"column":12}},{"start":{"line":28,"column":12},"end":{"line":28,"column":12}}]}}},"/Users/jaredjbarnes/Documents/sqlite-repository/lib/queryable/Queryable.js":{"path":"/Users/jaredjbarnes/Documents/sqlite-repository/lib/queryable/Queryable.js","s":{"1":1,"2":1,"3":1,"4":2,"5":18,"6":18,"7":18,"8":18,"9":18,"10":18,"11":1,"12":1,"13":1,"14":1,"15":1,"16":1,"17":1,"18":1,"19":1,"20":1,"21":1,"22":1,"23":1,"24":3,"25":1,"26":47,"27":0,"28":1,"29":1,"30":1,"31":47,"32":47,"33":47,"34":47,"35":47,"36":47,"37":1,"38":13,"39":0,"40":2,"41":2,"42":2,"43":2,"44":2,"45":2,"46":0,"47":0,"48":0,"49":0,"50":1,"51":1,"52":1,"53":1,"54":1,"55":1,"56":0,"57":0,"58":0,"59":0,"60":9,"61":9,"62":31,"63":0,"64":31,"65":31,"66":4,"67":4,"68":4,"69":1,"70":0,"71":1,"72":1,"73":1,"74":0,"75":0,"76":0,"77":0,"78":0,"79":0,"80":0,"81":0,"82":1,"83":1,"84":1,"85":8,"86":8,"87":1,"88":1,"89":1,"90":1,"91":2,"92":2,"93":1,"94":1,"95":3,"96":4,"97":4,"98":4,"99":1,"100":1,"101":1,"102":1},"b":{"1":[18,18],"2":[18,0],"3":[1,0],"4":[1,0],"5":[3,0],"6":[3,3],"7":[0,47],"8":[24,23],"9":[47,41],"10":[0,13],"11":[2,0],"12":[2,2],"13":[0,0],"14":[0,0],"15":[1,0],"16":[1,1],"17":[0,0],"18":[0,0],"19":[4,5],"20":[0,31],"21":[0,1],"22":[0,0]},"f":{"1":1,"2":2,"3":1,"4":3,"5":47,"6":1,"7":47,"8":13,"9":2,"10":1,"11":9,"12":31,"13":4,"14":1,"15":0,"16":0,"17":1,"18":8,"19":1,"20":1,"21":2,"22":1,"23":3,"24":4,"25":1},"fnMap":{"1":{"name":"(anonymous_1)","line":7,"loc":{"start":{"line":7,"column":19},"end":{"line":7,"column":31}}},"2":{"name":"defineProperties","line":7,"loc":{"start":{"line":7,"column":33},"end":{"line":7,"column":74}}},"3":{"name":"(anonymous_3)","line":7,"loc":{"start":{"line":7,"column":357},"end":{"line":7,"column":405}}},"4":{"name":"_interopRequireDefault","line":21,"loc":{"start":{"line":21,"column":0},"end":{"line":21,"column":37}}},"5":{"name":"_classCallCheck","line":23,"loc":{"start":{"line":23,"column":0},"end":{"line":23,"column":48}}},"6":{"name":"(anonymous_6)","line":34,"loc":{"start":{"line":34,"column":16},"end":{"line":34,"column":28}}},"7":{"name":"Queryable","line":35,"loc":{"start":{"line":35,"column":4},"end":{"line":35,"column":29}}},"8":{"name":"assertProvider","line":50,"loc":{"start":{"line":50,"column":15},"end":{"line":50,"column":41}}},"9":{"name":"and","line":57,"loc":{"start":{"line":57,"column":15},"end":{"line":57,"column":30}}},"10":{"name":"or","line":75,"loc":{"start":{"line":75,"column":15},"end":{"line":75,"column":29}}},"11":{"name":"clone","line":93,"loc":{"start":{"line":93,"column":15},"end":{"line":93,"column":32}}},"12":{"name":"column","line":109,"loc":{"start":{"line":109,"column":15},"end":{"line":109,"column":40}}},"13":{"name":"select","line":119,"loc":{"start":{"line":119,"column":15},"end":{"line":119,"column":46}}},"14":{"name":"take","line":127,"loc":{"start":{"line":127,"column":15},"end":{"line":127,"column":36}}},"15":{"name":"skip","line":139,"loc":{"start":{"line":139,"column":15},"end":{"line":139,"column":36}}},"16":{"name":"orderByAsc","line":151,"loc":{"start":{"line":151,"column":15},"end":{"line":151,"column":43}}},"17":{"name":"orderByDesc","line":162,"loc":{"start":{"line":162,"column":15},"end":{"line":162,"column":44}}},"18":{"name":"toArrayAsync","line":173,"loc":{"start":{"line":173,"column":15},"end":{"line":173,"column":39}}},"19":{"name":"getFirstAsync","line":180,"loc":{"start":{"line":180,"column":15},"end":{"line":180,"column":40}}},"20":{"name":"getCountAsync","line":187,"loc":{"start":{"line":187,"column":15},"end":{"line":187,"column":40}}},"21":{"name":"removeAsync","line":194,"loc":{"start":{"line":194,"column":15},"end":{"line":194,"column":38}}},"22":{"name":"updateAsync","line":201,"loc":{"start":{"line":201,"column":15},"end":{"line":201,"column":45}}},"23":{"name":"toJson","line":208,"loc":{"start":{"line":208,"column":15},"end":{"line":208,"column":33}}},"24":{"name":"fromObject","line":213,"loc":{"start":{"line":213,"column":15},"end":{"line":213,"column":42}}},"25":{"name":"fromJson","line":225,"loc":{"start":{"line":225,"column":15},"end":{"line":225,"column":44}}}},"statementMap":{"1":{"start":{"line":3,"column":0},"end":{"line":5,"column":3}},"2":{"start":{"line":7,"column":0},"end":{"line":7,"column":564}},"3":{"start":{"line":7,"column":33},"end":{"line":7,"column":349}},"4":{"start":{"line":7,"column":76},"end":{"line":7,"column":347}},"5":{"start":{"line":7,"column":117},"end":{"line":7,"column":143}},"6":{"start":{"line":7,"column":144},"end":{"line":7,"column":199}},"7":{"start":{"line":7,"column":200},"end":{"line":7,"column":231}},"8":{"start":{"line":7,"column":232},"end":{"line":7,"column":286}},"9":{"start":{"line":7,"column":259},"end":{"line":7,"column":286}},"10":{"start":{"line":7,"column":287},"end":{"line":7,"column":345}},"11":{"start":{"line":7,"column":350},"end":{"line":7,"column":559}},"12":{"start":{"line":7,"column":407},"end":{"line":7,"column":475}},"13":{"start":{"line":7,"column":423},"end":{"line":7,"column":475}},"14":{"start":{"line":7,"column":476},"end":{"line":7,"column":536}},"15":{"start":{"line":7,"column":493},"end":{"line":7,"column":536}},"16":{"start":{"line":7,"column":537},"end":{"line":7,"column":556}},"17":{"start":{"line":9,"column":0},"end":{"line":9,"column":44}},"18":{"start":{"line":11,"column":0},"end":{"line":11,"column":57}},"19":{"start":{"line":13,"column":0},"end":{"line":13,"column":54}},"20":{"start":{"line":15,"column":0},"end":{"line":15,"column":67}},"21":{"start":{"line":17,"column":0},"end":{"line":17,"column":85}},"22":{"start":{"line":19,"column":0},"end":{"line":19,"column":61}},"23":{"start":{"line":21,"column":0},"end":{"line":21,"column":95}},"24":{"start":{"line":21,"column":39},"end":{"line":21,"column":93}},"25":{"start":{"line":23,"column":0},"end":{"line":23,"column":153}},"26":{"start":{"line":23,"column":50},"end":{"line":23,"column":151}},"27":{"start":{"line":23,"column":92},"end":{"line":23,"column":149}},"28":{"start":{"line":25,"column":0},"end":{"line":32,"column":2}},"29":{"start":{"line":34,"column":0},"end":{"line":232,"column":4}},"30":{"start":{"line":35,"column":4},"end":{"line":46,"column":5}},"31":{"start":{"line":36,"column":8},"end":{"line":38,"column":74}},"32":{"start":{"line":40,"column":8},"end":{"line":40,"column":41}},"33":{"start":{"line":42,"column":8},"end":{"line":42,"column":51}},"34":{"start":{"line":43,"column":8},"end":{"line":43,"column":60}},"35":{"start":{"line":44,"column":8},"end":{"line":44,"column":57}},"36":{"start":{"line":45,"column":8},"end":{"line":45,"column":33}},"37":{"start":{"line":48,"column":4},"end":{"line":229,"column":8}},"38":{"start":{"line":51,"column":12},"end":{"line":53,"column":13}},"39":{"start":{"line":52,"column":16},"end":{"line":52,"column":98}},"40":{"start":{"line":58,"column":12},"end":{"line":71,"column":13}},"41":{"start":{"line":60,"column":16},"end":{"line":60,"column":59}},"42":{"start":{"line":61,"column":16},"end":{"line":61,"column":45}},"43":{"start":{"line":63,"column":16},"end":{"line":63,"column":66}},"44":{"start":{"line":64,"column":16},"end":{"line":64,"column":53}},"45":{"start":{"line":65,"column":16},"end":{"line":65,"column":33}},"46":{"start":{"line":66,"column":19},"end":{"line":71,"column":13}},"47":{"start":{"line":67,"column":16},"end":{"line":67,"column":28}},"48":{"start":{"line":69,"column":16},"end":{"line":69,"column":69}},"49":{"start":{"line":70,"column":16},"end":{"line":70,"column":28}},"50":{"start":{"line":76,"column":12},"end":{"line":89,"column":13}},"51":{"start":{"line":78,"column":16},"end":{"line":78,"column":57}},"52":{"start":{"line":79,"column":16},"end":{"line":79,"column":45}},"53":{"start":{"line":81,"column":16},"end":{"line":81,"column":65}},"54":{"start":{"line":82,"column":16},"end":{"line":82,"column":52}},"55":{"start":{"line":83,"column":16},"end":{"line":83,"column":33}},"56":{"start":{"line":84,"column":19},"end":{"line":89,"column":13}},"57":{"start":{"line":85,"column":16},"end":{"line":85,"column":28}},"58":{"start":{"line":87,"column":16},"end":{"line":87,"column":68}},"59":{"start":{"line":88,"column":16},"end":{"line":88,"column":28}},"60":{"start":{"line":94,"column":12},"end":{"line":104,"column":15}},"61":{"start":{"line":105,"column":12},"end":{"line":105,"column":29}},"62":{"start":{"line":110,"column":12},"end":{"line":112,"column":13}},"63":{"start":{"line":111,"column":16},"end":{"line":111,"column":74}},"64":{"start":{"line":114,"column":12},"end":{"line":114,"column":72}},"65":{"start":{"line":115,"column":12},"end":{"line":115,"column":27}},"66":{"start":{"line":120,"column":12},"end":{"line":120,"column":41}},"67":{"start":{"line":121,"column":12},"end":{"line":121,"column":51}},"68":{"start":{"line":123,"column":12},"end":{"line":123,"column":29}},"69":{"start":{"line":128,"column":12},"end":{"line":130,"column":13}},"70":{"start":{"line":129,"column":16},"end":{"line":129,"column":72}},"71":{"start":{"line":132,"column":12},"end":{"line":132,"column":41}},"72":{"start":{"line":133,"column":12},"end":{"line":133,"column":42}},"73":{"start":{"line":135,"column":12},"end":{"line":135,"column":29}},"74":{"start":{"line":140,"column":12},"end":{"line":142,"column":13}},"75":{"start":{"line":141,"column":16},"end":{"line":141,"column":72}},"76":{"start":{"line":144,"column":12},"end":{"line":144,"column":41}},"77":{"start":{"line":145,"column":12},"end":{"line":145,"column":43}},"78":{"start":{"line":147,"column":12},"end":{"line":147,"column":29}},"79":{"start":{"line":152,"column":12},"end":{"line":152,"column":41}},"80":{"start":{"line":153,"column":12},"end":{"line":156,"column":15}},"81":{"start":{"line":158,"column":12},"end":{"line":158,"column":29}},"82":{"start":{"line":163,"column":12},"end":{"line":163,"column":41}},"83":{"start":{"line":164,"column":12},"end":{"line":167,"column":15}},"84":{"start":{"line":169,"column":12},"end":{"line":169,"column":29}},"85":{"start":{"line":174,"column":12},"end":{"line":174,"column":34}},"86":{"start":{"line":176,"column":12},"end":{"line":176,"column":52}},"87":{"start":{"line":181,"column":12},"end":{"line":181,"column":34}},"88":{"start":{"line":183,"column":12},"end":{"line":183,"column":53}},"89":{"start":{"line":188,"column":12},"end":{"line":188,"column":34}},"90":{"start":{"line":190,"column":12},"end":{"line":190,"column":53}},"91":{"start":{"line":195,"column":12},"end":{"line":195,"column":34}},"92":{"start":{"line":197,"column":12},"end":{"line":197,"column":51}},"93":{"start":{"line":202,"column":12},"end":{"line":202,"column":34}},"94":{"start":{"line":204,"column":12},"end":{"line":204,"column":60}},"95":{"start":{"line":209,"column":12},"end":{"line":209,"column":46}},"96":{"start":{"line":214,"column":12},"end":{"line":214,"column":84}},"97":{"start":{"line":216,"column":12},"end":{"line":219,"column":15}},"98":{"start":{"line":221,"column":12},"end":{"line":221,"column":29}},"99":{"start":{"line":226,"column":12},"end":{"line":226,"column":46}},"100":{"start":{"line":227,"column":12},"end":{"line":227,"column":47}},"101":{"start":{"line":231,"column":4},"end":{"line":231,"column":21}},"102":{"start":{"line":234,"column":0},"end":{"line":234,"column":28}}},"branchMap":{"1":{"line":7,"type":"binary-expr","locations":[{"start":{"line":7,"column":168},"end":{"line":7,"column":189}},{"start":{"line":7,"column":193},"end":{"line":7,"column":198}}]},"2":{"line":7,"type":"if","locations":[{"start":{"line":7,"column":232},"end":{"line":7,"column":232}},{"start":{"line":7,"column":232},"end":{"line":7,"column":232}}]},"3":{"line":7,"type":"if","locations":[{"start":{"line":7,"column":407},"end":{"line":7,"column":407}},{"start":{"line":7,"column":407},"end":{"line":7,"column":407}}]},"4":{"line":7,"type":"if","locations":[{"start":{"line":7,"column":476},"end":{"line":7,"column":476}},{"start":{"line":7,"column":476},"end":{"line":7,"column":476}}]},"5":{"line":21,"type":"cond-expr","locations":[{"start":{"line":21,"column":70},"end":{"line":21,"column":73}},{"start":{"line":21,"column":76},"end":{"line":21,"column":92}}]},"6":{"line":21,"type":"binary-expr","locations":[{"start":{"line":21,"column":46},"end":{"line":21,"column":49}},{"start":{"line":21,"column":53},"end":{"line":21,"column":67}}]},"7":{"line":23,"type":"if","locations":[{"start":{"line":23,"column":50},"end":{"line":23,"column":50}},{"start":{"line":23,"column":50},"end":{"line":23,"column":50}}]},"8":{"line":38,"type":"cond-expr","locations":[{"start":{"line":38,"column":53},"end":{"line":38,"column":57}},{"start":{"line":38,"column":60},"end":{"line":38,"column":73}}]},"9":{"line":44,"type":"binary-expr","locations":[{"start":{"line":44,"column":32},"end":{"line":44,"column":48}},{"start":{"line":44,"column":52},"end":{"line":44,"column":56}}]},"10":{"line":51,"type":"if","locations":[{"start":{"line":51,"column":12},"end":{"line":51,"column":12}},{"start":{"line":51,"column":12},"end":{"line":51,"column":12}}]},"11":{"line":58,"type":"if","locations":[{"start":{"line":58,"column":12},"end":{"line":58,"column":12}},{"start":{"line":58,"column":12},"end":{"line":58,"column":12}}]},"12":{"line":58,"type":"binary-expr","locations":[{"start":{"line":58,"column":16},"end":{"line":58,"column":45}},{"start":{"line":58,"column":49},"end":{"line":58,"column":85}}]},"13":{"line":66,"type":"if","locations":[{"start":{"line":66,"column":19},"end":{"line":66,"column":19}},{"start":{"line":66,"column":19},"end":{"line":66,"column":19}}]},"14":{"line":66,"type":"binary-expr","locations":[{"start":{"line":66,"column":23},"end":{"line":66,"column":52}},{"start":{"line":66,"column":56},"end":{"line":66,"column":92}}]},"15":{"line":76,"type":"if","locations":[{"start":{"line":76,"column":12},"end":{"line":76,"column":12}},{"start":{"line":76,"column":12},"end":{"line":76,"column":12}}]},"16":{"line":76,"type":"binary-expr","locations":[{"start":{"line":76,"column":16},"end":{"line":76,"column":45}},{"start":{"line":76,"column":49},"end":{"line":76,"column":84}}]},"17":{"line":84,"type":"if","locations":[{"start":{"line":84,"column":19},"end":{"line":84,"column":19}},{"start":{"line":84,"column":19},"end":{"line":84,"column":19}}]},"18":{"line":84,"type":"binary-expr","locations":[{"start":{"line":84,"column":23},"end":{"line":84,"column":52}},{"start":{"line":84,"column":56},"end":{"line":84,"column":91}}]},"19":{"line":98,"type":"cond-expr","locations":[{"start":{"line":98,"column":64},"end":{"line":98,"column":68}},{"start":{"line":98,"column":71},"end":{"line":98,"column":100}}]},"20":{"line":110,"type":"if","locations":[{"start":{"line":110,"column":12},"end":{"line":110,"column":12}},{"start":{"line":110,"column":12},"end":{"line":110,"column":12}}]},"21":{"line":128,"type":"if","locations":[{"start":{"line":128,"column":12},"end":{"line":128,"column":12}},{"start":{"line":128,"column":12},"end":{"line":128,"column":12}}]},"22":{"line":140,"type":"if","locations":[{"start":{"line":140,"column":12},"end":{"line":140,"column":12}},{"start":{"line":140,"column":12},"end":{"line":140,"column":12}}]}}},"/Users/jaredjbarnes/Documents/sqlite-repository/lib/queryable/NodeFactory.js":{"path":"/Users/jaredjbarnes/Documents/sqlite-repository/lib/queryable/NodeFactory.js","s":{"1":1,"2":1,"3":1,"4":1,"5":5,"6":5,"7":5,"8":5,"9":5,"10":5,"11":1,"12":1,"13":1,"14":1,"15":0,"16":1,"17":1,"18":1,"19":1,"20":1,"21":1,"22":2,"23":1,"24":78,"25":0,"26":1,"27":1,"28":78,"29":1,"30":2,"31":1,"32":31,"33":31,"34":31,"35":31,"36":31,"37":31,"38":31,"39":31,"40":31,"41":31,"42":31,"43":1,"44":1},"b":{"1":[5,5],"2":[5,0],"3":[1,0],"4":[0,1],"5":[2,0],"6":[2,2],"7":[0,78]},"f":{"1":1,"2":1,"3":1,"4":2,"5":78,"6":1,"7":78,"8":2,"9":1,"10":31,"11":31,"12":31},"fnMap":{"1":{"name":"(anonymous_1)","line":7,"loc":{"start":{"line":7,"column":19},"end":{"line":7,"column":31}}},"2":{"name":"defineProperties","line":7,"loc":{"start":{"line":7,"column":33},"end":{"line":7,"column":74}}},"3":{"name":"(anonymous_3)","line":7,"loc":{"start":{"line":7,"column":357},"end":{"line":7,"column":405}}},"4":{"name":"_interopRequireDefault","line":17,"loc":{"start":{"line":17,"column":0},"end":{"line":17,"column":37}}},"5":{"name":"_classCallCheck","line":19,"loc":{"start":{"line":19,"column":0},"end":{"line":19,"column":48}}},"6":{"name":"(anonymous_6)","line":21,"loc":{"start":{"line":21,"column":18},"end":{"line":21,"column":30}}},"7":{"name":"NodeFactory","line":22,"loc":{"start":{"line":22,"column":4},"end":{"line":22,"column":27}}},"8":{"name":"createAndNode","line":28,"loc":{"start":{"line":28,"column":15},"end":{"line":28,"column":40}}},"9":{"name":"createOrNode","line":33,"loc":{"start":{"line":33,"column":15},"end":{"line":33,"column":39}}},"10":{"name":"createOperatorNode","line":38,"loc":{"start":{"line":38,"column":15},"end":{"line":38,"column":85}}},"11":{"name":"createPropertyNode","line":49,"loc":{"start":{"line":49,"column":15},"end":{"line":49,"column":59}}},"12":{"name":"createValueNode","line":61,"loc":{"start":{"line":61,"column":15},"end":{"line":61,"column":47}}}},"statementMap":{"1":{"start":{"line":3,"column":0},"end":{"line":5,"column":3}},"2":{"start":{"line":7,"column":0},"end":{"line":7,"column":564}},"3":{"start":{"line":7,"column":33},"end":{"line":7,"column":349}},"4":{"start":{"line":7,"column":76},"end":{"line":7,"column":347}},"5":{"start":{"line":7,"column":117},"end":{"line":7,"column":143}},"6":{"start":{"line":7,"column":144},"end":{"line":7,"column":199}},"7":{"start":{"line":7,"column":200},"end":{"line":7,"column":231}},"8":{"start":{"line":7,"column":232},"end":{"line":7,"column":286}},"9":{"start":{"line":7,"column":259},"end":{"line":7,"column":286}},"10":{"start":{"line":7,"column":287},"end":{"line":7,"column":345}},"11":{"start":{"line":7,"column":350},"end":{"line":7,"column":559}},"12":{"start":{"line":7,"column":407},"end":{"line":7,"column":475}},"13":{"start":{"line":7,"column":423},"end":{"line":7,"column":475}},"14":{"start":{"line":7,"column":476},"end":{"line":7,"column":536}},"15":{"start":{"line":7,"column":493},"end":{"line":7,"column":536}},"16":{"start":{"line":7,"column":537},"end":{"line":7,"column":556}},"17":{"start":{"line":9,"column":0},"end":{"line":9,"column":59}},"18":{"start":{"line":11,"column":0},"end":{"line":11,"column":53}},"19":{"start":{"line":13,"column":0},"end":{"line":13,"column":67}},"20":{"start":{"line":15,"column":0},"end":{"line":15,"column":61}},"21":{"start":{"line":17,"column":0},"end":{"line":17,"column":95}},"22":{"start":{"line":17,"column":39},"end":{"line":17,"column":93}},"23":{"start":{"line":19,"column":0},"end":{"line":19,"column":153}},"24":{"start":{"line":19,"column":50},"end":{"line":19,"column":151}},"25":{"start":{"line":19,"column":92},"end":{"line":19,"column":149}},"26":{"start":{"line":21,"column":0},"end":{"line":67,"column":4}},"27":{"start":{"line":22,"column":4},"end":{"line":24,"column":5}},"28":{"start":{"line":23,"column":8},"end":{"line":23,"column":43}},"29":{"start":{"line":26,"column":4},"end":{"line":64,"column":8}},"30":{"start":{"line":29,"column":12},"end":{"line":29,"column":54}},"31":{"start":{"line":34,"column":12},"end":{"line":34,"column":53}},"32":{"start":{"line":39,"column":12},"end":{"line":39,"column":62}},"33":{"start":{"line":40,"column":12},"end":{"line":40,"column":56}},"34":{"start":{"line":41,"column":12},"end":{"line":41,"column":79}},"35":{"start":{"line":43,"column":12},"end":{"line":43,"column":56}},"36":{"start":{"line":45,"column":12},"end":{"line":45,"column":24}},"37":{"start":{"line":50,"column":12},"end":{"line":50,"column":71}},"38":{"start":{"line":52,"column":12},"end":{"line":52,"column":69}},"39":{"start":{"line":53,"column":12},"end":{"line":53,"column":73}},"40":{"start":{"line":55,"column":12},"end":{"line":55,"column":59}},"41":{"start":{"line":57,"column":12},"end":{"line":57,"column":32}},"42":{"start":{"line":62,"column":12},"end":{"line":62,"column":56}},"43":{"start":{"line":66,"column":4},"end":{"line":66,"column":23}},"44":{"start":{"line":69,"column":0},"end":{"line":69,"column":30}}},"branchMap":{"1":{"line":7,"type":"binary-expr","locations":[{"start":{"line":7,"column":168},"end":{"line":7,"column":189}},{"start":{"line":7,"column":193},"end":{"line":7,"column":198}}]},"2":{"line":7,"type":"if","locations":[{"start":{"line":7,"column":232},"end":{"line":7,"column":232}},{"start":{"line":7,"column":232},"end":{"line":7,"column":232}}]},"3":{"line":7,"type":"if","locations":[{"start":{"line":7,"column":407},"end":{"line":7,"column":407}},{"start":{"line":7,"column":407},"end":{"line":7,"column":407}}]},"4":{"line":7,"type":"if","locations":[{"start":{"line":7,"column":476},"end":{"line":7,"column":476}},{"start":{"line":7,"column":476},"end":{"line":7,"column":476}}]},"5":{"line":17,"type":"cond-expr","locations":[{"start":{"line":17,"column":70},"end":{"line":17,"column":73}},{"start":{"line":17,"column":76},"end":{"line":17,"column":92}}]},"6":{"line":17,"type":"binary-expr","locations":[{"start":{"line":17,"column":46},"end":{"line":17,"column":49}},{"start":{"line":17,"column":53},"end":{"line":17,"column":67}}]},"7":{"line":19,"type":"if","locations":[{"start":{"line":19,"column":50},"end":{"line":19,"column":50}},{"start":{"line":19,"column":50},"end":{"line":19,"column":50}}]}}},"/Users/jaredjbarnes/Documents/sqlite-repository/lib/queryable/abstractSyntaxTree/ValueNode.js":{"path":"/Users/jaredjbarnes/Documents/sqlite-repository/lib/queryable/abstractSyntaxTree/ValueNode.js","s":{"1":1,"2":1,"3":4,"4":0,"5":1,"6":1,"7":2,"8":2,"9":2,"10":2,"11":2,"12":2,"13":2,"14":1,"15":1,"16":1,"17":1,"18":1,"19":1,"20":1,"21":1,"22":1,"23":1,"24":1,"25":2,"26":1,"27":123,"28":0,"29":1,"30":123,"31":0,"32":123,"33":1,"34":1,"35":0,"36":1,"37":1,"38":1,"39":1,"40":1,"41":1,"42":123,"43":123,"44":123,"45":123,"46":1,"47":24,"48":24,"49":31,"50":20,"51":11,"52":0,"53":11,"54":4,"55":7,"56":3,"57":4,"58":0,"59":4,"60":4,"61":0,"62":1,"63":1},"b":{"1":[1,0],"2":[1,1],"3":[0,0],"4":[0,0,0,0],"5":[2,2],"6":[2,0],"7":[1,0],"8":[1,0],"9":[2,0],"10":[2,2],"11":[0,123],"12":[0,123],"13":[0,123],"14":[123,0,0],"15":[0,1],"16":[1,0],"17":[1,1],"18":[1,0],"19":[1,0],"20":[123,0],"21":[0,123],"22":[20,11],"23":[0,11],"24":[4,7],"25":[3,4],"26":[0,4],"27":[4,0],"28":[4,4],"29":[0,4]},"f":{"1":4,"2":0,"3":1,"4":2,"5":1,"6":2,"7":123,"8":123,"9":1,"10":1,"11":123,"12":24,"13":31},"fnMap":{"1":{"name":"(anonymous_1)","line":7,"loc":{"start":{"line":7,"column":84},"end":{"line":7,"column":99}}},"2":{"name":"(anonymous_2)","line":7,"loc":{"start":{"line":7,"column":124},"end":{"line":7,"column":139}}},"3":{"name":"(anonymous_3)","line":9,"loc":{"start":{"line":9,"column":19},"end":{"line":9,"column":31}}},"4":{"name":"defineProperties","line":9,"loc":{"start":{"line":9,"column":33},"end":{"line":9,"column":74}}},"5":{"name":"(anonymous_5)","line":9,"loc":{"start":{"line":9,"column":357},"end":{"line":9,"column":405}}},"6":{"name":"_interopRequireDefault","line":19,"loc":{"start":{"line":19,"column":0},"end":{"line":19,"column":37}}},"7":{"name":"_classCallCheck","line":21,"loc":{"start":{"line":21,"column":0},"end":{"line":21,"column":48}}},"8":{"name":"_possibleConstructorReturn","line":23,"loc":{"start":{"line":23,"column":0},"end":{"line":23,"column":48}}},"9":{"name":"_inherits","line":25,"loc":{"start":{"line":25,"column":0},"end":{"line":25,"column":41}}},"10":{"name":"(anonymous_10)","line":27,"loc":{"start":{"line":27,"column":16},"end":{"line":27,"column":33}}},"11":{"name":"ValueNode","line":30,"loc":{"start":{"line":30,"column":4},"end":{"line":30,"column":36}}},"12":{"name":"clone","line":41,"loc":{"start":{"line":41,"column":15},"end":{"line":41,"column":32}}},"13":{"name":"fromValue","line":47,"loc":{"start":{"line":47,"column":15},"end":{"line":47,"column":41}}}},"statementMap":{"1":{"start":{"line":3,"column":0},"end":{"line":5,"column":3}},"2":{"start":{"line":7,"column":0},"end":{"line":7,"column":269}},"3":{"start":{"line":7,"column":101},"end":{"line":7,"column":119}},"4":{"start":{"line":7,"column":141},"end":{"line":7,"column":266}},"5":{"start":{"line":9,"column":0},"end":{"line":9,"column":564}},"6":{"start":{"line":9,"column":33},"end":{"line":9,"column":349}},"7":{"start":{"line":9,"column":76},"end":{"line":9,"column":347}},"8":{"start":{"line":9,"column":117},"end":{"line":9,"column":143}},"9":{"start":{"line":9,"column":144},"end":{"line":9,"column":199}},"10":{"start":{"line":9,"column":200},"end":{"line":9,"column":231}},"11":{"start":{"line":9,"column":232},"end":{"line":9,"column":286}},"12":{"start":{"line":9,"column":259},"end":{"line":9,"column":286}},"13":{"start":{"line":9,"column":287},"end":{"line":9,"column":345}},"14":{"start":{"line":9,"column":350},"end":{"line":9,"column":559}},"15":{"start":{"line":9,"column":407},"end":{"line":9,"column":475}},"16":{"start":{"line":9,"column":423},"end":{"line":9,"column":475}},"17":{"start":{"line":9,"column":476},"end":{"line":9,"column":536}},"18":{"start":{"line":9,"column":493},"end":{"line":9,"column":536}},"19":{"start":{"line":9,"column":537},"end":{"line":9,"column":556}},"20":{"start":{"line":11,"column":0},"end":{"line":11,"column":31}},"21":{"start":{"line":13,"column":0},"end":{"line":13,"column":44}},"22":{"start":{"line":15,"column":0},"end":{"line":15,"column":41}},"23":{"start":{"line":17,"column":0},"end":{"line":17,"column":53}},"24":{"start":{"line":19,"column":0},"end":{"line":19,"column":95}},"25":{"start":{"line":19,"column":39},"end":{"line":19,"column":93}},"26":{"start":{"line":21,"column":0},"end":{"line":21,"column":153}},"27":{"start":{"line":21,"column":50},"end":{"line":21,"column":151}},"28":{"start":{"line":21,"column":92},"end":{"line":21,"column":149}},"29":{"start":{"line":23,"column":0},"end":{"line":23,"column":240}},"30":{"start":{"line":23,"column":50},"end":{"line":23,"column":151}},"31":{"start":{"line":23,"column":63},"end":{"line":23,"column":149}},"32":{"start":{"line":23,"column":152},"end":{"line":23,"column":238}},"33":{"start":{"line":25,"column":0},"end":{"line":25,"column":494}},"34":{"start":{"line":25,"column":43},"end":{"line":25,"column":208}},"35":{"start":{"line":25,"column":106},"end":{"line":25,"column":206}},"36":{"start":{"line":25,"column":209},"end":{"line":25,"column":373}},"37":{"start":{"line":25,"column":374},"end":{"line":25,"column":492}},"38":{"start":{"line":25,"column":390},"end":{"line":25,"column":492}},"39":{"start":{"line":27,"column":0},"end":{"line":67,"column":18}},"40":{"start":{"line":28,"column":4},"end":{"line":28,"column":32}},"41":{"start":{"line":30,"column":4},"end":{"line":37,"column":5}},"42":{"start":{"line":31,"column":8},"end":{"line":31,"column":41}},"43":{"start":{"line":33,"column":8},"end":{"line":33,"column":129}},"44":{"start":{"line":35,"column":8},"end":{"line":35,"column":51}},"45":{"start":{"line":36,"column":8},"end":{"line":36,"column":21}},"46":{"start":{"line":39,"column":4},"end":{"line":64,"column":8}},"47":{"start":{"line":42,"column":12},"end":{"line":42,"column":60}},"48":{"start":{"line":43,"column":12},"end":{"line":43,"column":24}},"49":{"start":{"line":48,"column":12},"end":{"line":62,"column":13}},"50":{"start":{"line":49,"column":16},"end":{"line":49,"column":54}},"51":{"start":{"line":50,"column":19},"end":{"line":62,"column":13}},"52":{"start":{"line":51,"column":16},"end":{"line":51,"column":55}},"53":{"start":{"line":52,"column":19},"end":{"line":62,"column":13}},"54":{"start":{"line":53,"column":16},"end":{"line":53,"column":54}},"55":{"start":{"line":54,"column":19},"end":{"line":62,"column":13}},"56":{"start":{"line":55,"column":16},"end":{"line":55,"column":53}},"57":{"start":{"line":56,"column":19},"end":{"line":62,"column":13}},"58":{"start":{"line":57,"column":16},"end":{"line":57,"column":52}},"59":{"start":{"line":58,"column":19},"end":{"line":62,"column":13}},"60":{"start":{"line":59,"column":16},"end":{"line":59,"column":57}},"61":{"start":{"line":61,"column":16},"end":{"line":61,"column":55}},"62":{"start":{"line":66,"column":4},"end":{"line":66,"column":21}},"63":{"start":{"line":69,"column":0},"end":{"line":69,"column":28}}},"branchMap":{"1":{"line":7,"type":"cond-expr","locations":[{"start":{"line":7,"column":84},"end":{"line":7,"column":121}},{"start":{"line":7,"column":124},"end":{"line":7,"column":268}}]},"2":{"line":7,"type":"binary-expr","locations":[{"start":{"line":7,"column":14},"end":{"line":7,"column":42}},{"start":{"line":7,"column":46},"end":{"line":7,"column":81}}]},"3":{"line":7,"type":"cond-expr","locations":[{"start":{"line":7,"column":244},"end":{"line":7,"column":252}},{"start":{"line":7,"column":255},"end":{"line":7,"column":265}}]},"4":{"line":7,"type":"binary-expr","locations":[{"start":{"line":7,"column":148},"end":{"line":7,"column":151}},{"start":{"line":7,"column":155},"end":{"line":7,"column":183}},{"start":{"line":7,"column":187},"end":{"line":7,"column":213}},{"start":{"line":7,"column":217},"end":{"line":7,"column":241}}]},"5":{"line":9,"type":"binary-expr","locations":[{"start":{"line":9,"column":168},"end":{"line":9,"column":189}},{"start":{"line":9,"column":193},"end":{"line":9,"column":198}}]},"6":{"line":9,"type":"if","locations":[{"start":{"line":9,"column":232},"end":{"line":9,"column":232}},{"start":{"line":9,"column":232},"end":{"line":9,"column":232}}]},"7":{"line":9,"type":"if","locations":[{"start":{"line":9,"column":407},"end":{"line":9,"column":407}},{"start":{"line":9,"column":407},"end":{"line":9,"column":407}}]},"8":{"line":9,"type":"if","locations":[{"start":{"line":9,"column":476},"end":{"line":9,"column":476}},{"start":{"line":9,"column":476},"end":{"line":9,"column":476}}]},"9":{"line":19,"type":"cond-expr","locations":[{"start":{"line":19,"column":70},"end":{"line":19,"column":73}},{"start":{"line":19,"column":76},"end":{"line":19,"column":92}}]},"10":{"line":19,"type":"binary-expr","locations":[{"start":{"line":19,"column":46},"end":{"line":19,"column":49}},{"start":{"line":19,"column":53},"end":{"line":19,"column":67}}]},"11":{"line":21,"type":"if","locations":[{"start":{"line":21,"column":50},"end":{"line":21,"column":50}},{"start":{"line":21,"column":50},"end":{"line":21,"column":50}}]},"12":{"line":23,"type":"if","locations":[{"start":{"line":23,"column":50},"end":{"line":23,"column":50}},{"start":{"line":23,"column":50},"end":{"line":23,"column":50}}]},"13":{"line":23,"type":"cond-expr","locations":[{"start":{"line":23,"column":226},"end":{"line":23,"column":230}},{"start":{"line":23,"column":233},"end":{"line":23,"column":237}}]},"14":{"line":23,"type":"binary-expr","locations":[{"start":{"line":23,"column":159},"end":{"line":23,"column":163}},{"start":{"line":23,"column":168},"end":{"line":23,"column":192}},{"start":{"line":23,"column":196},"end":{"line":23,"column":222}}]},"15":{"line":25,"type":"if","locations":[{"start":{"line":25,"column":43},"end":{"line":25,"column":43}},{"start":{"line":25,"column":43},"end":{"line":25,"column":43}}]},"16":{"line":25,"type":"binary-expr","locations":[{"start":{"line":25,"column":47},"end":{"line":25,"column":79}},{"start":{"line":25,"column":83},"end":{"line":25,"column":102}}]},"17":{"line":25,"type":"binary-expr","locations":[{"start":{"line":25,"column":244},"end":{"line":25,"column":254}},{"start":{"line":25,"column":258},"end":{"line":25,"column":278}}]},"18":{"line":25,"type":"if","locations":[{"start":{"line":25,"column":374},"end":{"line":25,"column":374}},{"start":{"line":25,"column":374},"end":{"line":25,"column":374}}]},"19":{"line":25,"type":"cond-expr","locations":[{"start":{"line":25,"column":414},"end":{"line":25,"column":457}},{"start":{"line":25,"column":460},"end":{"line":25,"column":491}}]},"20":{"line":33,"type":"binary-expr","locations":[{"start":{"line":33,"column":54},"end":{"line":33,"column":73}},{"start":{"line":33,"column":77},"end":{"line":33,"column":109}}]},"21":{"line":35,"type":"cond-expr","locations":[{"start":{"line":35,"column":38},"end":{"line":35,"column":42}},{"start":{"line":35,"column":45},"end":{"line":35,"column":50}}]},"22":{"line":48,"type":"if","locations":[{"start":{"line":48,"column":12},"end":{"line":48,"column":12}},{"start":{"line":48,"column":12},"end":{"line":48,"column":12}}]},"23":{"line":50,"type":"if","locations":[{"start":{"line":50,"column":19},"end":{"line":50,"column":19}},{"start":{"line":50,"column":19},"end":{"line":50,"column":19}}]},"24":{"line":52,"type":"if","locations":[{"start":{"line":52,"column":19},"end":{"line":52,"column":19}},{"start":{"line":52,"column":19},"end":{"line":52,"column":19}}]},"25":{"line":54,"type":"if","locations":[{"start":{"line":54,"column":19},"end":{"line":54,"column":19}},{"start":{"line":54,"column":19},"end":{"line":54,"column":19}}]},"26":{"line":56,"type":"if","locations":[{"start":{"line":56,"column":19},"end":{"line":56,"column":19}},{"start":{"line":56,"column":19},"end":{"line":56,"column":19}}]},"27":{"line":58,"type":"if","locations":[{"start":{"line":58,"column":19},"end":{"line":58,"column":19}},{"start":{"line":58,"column":19},"end":{"line":58,"column":19}}]},"28":{"line":58,"type":"binary-expr","locations":[{"start":{"line":58,"column":23},"end":{"line":58,"column":97}},{"start":{"line":58,"column":101},"end":{"line":58,"column":115}}]},"29":{"line":58,"type":"cond-expr","locations":[{"start":{"line":58,"column":55},"end":{"line":58,"column":66}},{"start":{"line":58,"column":69},"end":{"line":58,"column":83}}]}}},"/Users/jaredjbarnes/Documents/sqlite-repository/lib/queryable/abstractSyntaxTree/Node.js":{"path":"/Users/jaredjbarnes/Documents/sqlite-repository/lib/queryable/abstractSyntaxTree/Node.js","s":{"1":1,"2":1,"3":1,"4":1,"5":1,"6":1,"7":1,"8":1,"9":1,"10":1,"11":1,"12":1,"13":1,"14":1,"15":0,"16":1,"17":1,"18":212,"19":0,"20":1,"21":1,"22":212,"23":212,"24":212,"25":1,"26":0,"27":0,"28":1,"29":1},"b":{"1":[1,1],"2":[1,0],"3":[1,0],"4":[0,1],"5":[0,212]},"f":{"1":1,"2":1,"3":1,"4":212,"5":1,"6":212,"7":0},"fnMap":{"1":{"name":"(anonymous_1)","line":7,"loc":{"start":{"line":7,"column":19},"end":{"line":7,"column":31}}},"2":{"name":"defineProperties","line":7,"loc":{"start":{"line":7,"column":33},"end":{"line":7,"column":74}}},"3":{"name":"(anonymous_3)","line":7,"loc":{"start":{"line":7,"column":357},"end":{"line":7,"column":405}}},"4":{"name":"_classCallCheck","line":9,"loc":{"start":{"line":9,"column":0},"end":{"line":9,"co
[...]
,"column":99}},"51":{"start":{"line":52,"column":16},"end":{"line":52,"column":53}},"52":{"start":{"line":53,"column":16},"end":{"line":53,"column":35}},"53":{"start":{"line":56,"column":12},"end":{"line":56,"column":62}},"54":{"start":{"line":58,"column":12},"end":{"line":61,"column":14}},"55":{"start":{"line":66,"column":12},"end":{"line":66,"column":77}},"56":{"start":{"line":67,"column":12},"end":{"line":67,"column":60}},"57":{"start":{"line":71,"column":4},"end":{"line":71,"column":34}},"58":{"start":{"line":74,"column":0},"end":{"line":74,"column":41}}},"branchMap":{"1":{"line":7,"type":"binary-expr","locations":[{"start":{"line":7,"column":168},"end":{"line":7,"column":189}},{"start":{"line":7,"column":193},"end":{"line":7,"column":198}}]},"2":{"line":7,"type":"if","locations":[{"start":{"line":7,"column":232},"end":{"line":7,"column":232}},{"start":{"line":7,"column":232},"end":{"line":7,"column":232}}]},"3":{"line":7,"type":"if","locations":[{"start":{"line":7,"column":407},"end":{"line":7,"column":407}},{"start":{"line":7,"column":407},"end":{"line":7,"column":407}}]},"4":{"line":7,"type":"if","locations":[{"start":{"line":7,"column":476},"end":{"line":7,"column":476}},{"start":{"line":7,"column":476},"end":{"line":7,"column":476}}]},"5":{"line":17,"type":"cond-expr","locations":[{"start":{"line":17,"column":70},"end":{"line":17,"column":73}},{"start":{"line":17,"column":76},"end":{"line":17,"column":92}}]},"6":{"line":17,"type":"binary-expr","locations":[{"start":{"line":17,"column":46},"end":{"line":17,"column":49}},{"start":{"line":17,"column":53},"end":{"line":17,"column":67}}]},"7":{"line":19,"type":"if","locations":[{"start":{"line":19,"column":50},"end":{"line":19,"column":50}},{"start":{"line":19,"column":50},"end":{"line":19,"column":50}}]},"8":{"line":21,"type":"if","locations":[{"start":{"line":21,"column":50},"end":{"line":21,"column":50}},{"start":{"line":21,"column":50},"end":{"line":21,"column":50}}]},"9":{"line":21,"type":"cond-expr","locations":[{"start":{"line":21,"column":226},"end":{"line":21,"column":230}},{"start":{"line":21,"column":233},"end":{"line":21,"column":237}}]},"10":{"line":21,"type":"binary-expr","locations":[{"start":{"line":21,"column":159},"end":{"line":21,"column":163}},{"start":{"line":21,"column":168},"end":{"line":21,"column":192}},{"start":{"line":21,"column":196},"end":{"line":21,"column":222}}]},"11":{"line":23,"type":"if","locations":[{"start":{"line":23,"column":43},"end":{"line":23,"column":43}},{"start":{"line":23,"column":43},"end":{"line":23,"column":43}}]},"12":{"line":23,"type":"binary-expr","locations":[{"start":{"line":23,"column":47},"end":{"line":23,"column":79}},{"start":{"line":23,"column":83},"end":{"line":23,"column":102}}]},"13":{"line":23,"type":"binary-expr","locations":[{"start":{"line":23,"column":244},"end":{"line":23,"column":254}},{"start":{"line":23,"column":258},"end":{"line":23,"column":278}}]},"14":{"line":23,"type":"if","locations":[{"start":{"line":23,"column":374},"end":{"line":23,"column":374}},{"start":{"line":23,"column":374},"end":{"line":23,"column":374}}]},"15":{"line":23,"type":"cond-expr","locations":[{"start":{"line":23,"column":414},"end":{"line":23,"column":457}},{"start":{"line":23,"column":460},"end":{"line":23,"column":491}}]},"16":{"line":31,"type":"binary-expr","locations":[{"start":{"line":31,"column":49},"end":{"line":31,"column":81}},{"start":{"line":31,"column":85},"end":{"line":31,"column":130}}]},"17":{"line":42,"type":"if","locations":[{"start":{"line":42,"column":12},"end":{"line":42,"column":12}},{"start":{"line":42,"column":12},"end":{"line":42,"column":12}}]},"18":{"line":47,"type":"if","locations":[{"start":{"line":47,"column":16},"end":{"line":47,"column":16}},{"start":{"line":47,"column":16},"end":{"line":47,"column":16}}]}}},"/Users/jaredjbarnes/Documents/sqlite-repository/lib/sqlite/statements/AbstractStatementCreator.js":{"path":"/Users/jaredjbarnes/Documents/sqlite-repository/lib/sqlite/statements/AbstractStatementCreator.js","s":{"1":1,"2":1,"3":1,"4":1,"5":2,"6":2,"7":2,"8":2,"9":2,"10":2,"11":1,"12":1,"13":1,"14":1,"15":0,"16":1,"17":1,"18":1,"19":1,"20":1,"21":1,"22":3,"23":0,"24":1,"25":1,"26":3,"27":3,"28":3,"29":3,"30":3,"31":1,"32":3,"33":3,"34":3,"35":3,"36":3,"37":3,"38":3,"39":0,"40":0,"41":0,"42":0,"43":1,"44":1},"b":{"1":[2,2],"2":[2,0],"3":[1,0],"4":[0,1],"5":[1,0],"6":[1,1],"7":[0,3],"8":[3,0],"9":[0,0]},"f":{"1":1,"2":1,"3":1,"4":1,"5":3,"6":1,"7":3,"8":3,"9":3,"10":3,"11":0},"fnMap":{"1":{"name":"(anonymous_1)","line":7,"loc":{"start":{"line":7,"column":19},"end":{"line":7,"column":31}}},"2":{"name":"defineProperties","line":7,"loc":{"start":{"line":7,"column":33},"end":{"line":7,"column":74}}},"3":{"name":"(anonymous_3)","line":7,"loc":{"start":{"line":7,"column":357},"end":{"line":7,"column":405}}},"4":{"name":"_interopRequireDefault","line":13,"loc":{"start":{"line":13,"column":0},"end":{"line":13,"column":37}}},"5":{"name":"_classCallCheck","line":15,"loc":{"start":{"line":15,"column":0},"end":{"line":15,"column":48}}},"6":{"name":"(anonymous_6)","line":17,"loc":{"start":{"line":17,"column":31},"end":{"line":17,"column":43}}},"7":{"name":"AbstractStatementCreator","line":18,"loc":{"start":{"line":18,"column":4},"end":{"line":18,"column":44}}},"8":{"name":"createWhereExpression","line":32,"loc":{"start":{"line":32,"column":15},"end":{"line":32,"column":48}}},"9":{"name":"(anonymous_9)","line":34,"loc":{"start":{"line":34,"column":47},"end":{"line":34,"column":62}}},"10":{"name":"validateEntityPrimaryKeys","line":42,"loc":{"start":{"line":42,"column":15},"end":{"line":42,"column":52}}},"11":{"name":"(anonymous_11)","line":47,"loc":{"start":{"line":47,"column":46},"end":{"line":47,"column":61}}}},"statementMap":{"1":{"start":{"line":3,"column":0},"end":{"line":5,"column":3}},"2":{"start":{"line":7,"column":0},"end":{"line":7,"column":564}},"3":{"start":{"line":7,"column":33},"end":{"line":7,"column":349}},"4":{"start":{"line":7,"column":76},"end":{"line":7,"column":347}},"5":{"start":{"line":7,"column":117},"end":{"line":7,"column":143}},"6":{"start":{"line":7,"column":144},"end":{"line":7,"column":199}},"7":{"start":{"line":7,"column":200},"end":{"line":7,"column":231}},"8":{"start":{"line":7,"column":232},"end":{"line":7,"column":286}},"9":{"start":{"line":7,"column":259},"end":{"line":7,"column":286}},"10":{"start":{"line":7,"column":287},"end":{"line":7,"column":345}},"11":{"start":{"line":7,"column":350},"end":{"line":7,"column":559}},"12":{"start":{"line":7,"column":407},"end":{"line":7,"column":475}},"13":{"start":{"line":7,"column":423},"end":{"line":7,"column":475}},"14":{"start":{"line":7,"column":476},"end":{"line":7,"column":536}},"15":{"start":{"line":7,"column":493},"end":{"line":7,"column":536}},"16":{"start":{"line":7,"column":537},"end":{"line":7,"column":556}},"17":{"start":{"line":9,"column":0},"end":{"line":9,"column":51}},"18":{"start":{"line":11,"column":0},"end":{"line":11,"column":57}},"19":{"start":{"line":13,"column":0},"end":{"line":13,"column":95}},"20":{"start":{"line":13,"column":39},"end":{"line":13,"column":93}},"21":{"start":{"line":15,"column":0},"end":{"line":15,"column":153}},"22":{"start":{"line":15,"column":50},"end":{"line":15,"column":151}},"23":{"start":{"line":15,"column":92},"end":{"line":15,"column":149}},"24":{"start":{"line":17,"column":0},"end":{"line":57,"column":4}},"25":{"start":{"line":18,"column":4},"end":{"line":28,"column":5}},"26":{"start":{"line":19,"column":8},"end":{"line":21,"column":43}},"27":{"start":{"line":23,"column":8},"end":{"line":23,"column":56}},"28":{"start":{"line":25,"column":8},"end":{"line":25,"column":29}},"29":{"start":{"line":26,"column":8},"end":{"line":26,"column":35}},"30":{"start":{"line":27,"column":8},"end":{"line":27,"column":39}},"31":{"start":{"line":30,"column":4},"end":{"line":54,"column":8}},"32":{"start":{"line":33,"column":12},"end":{"line":33,"column":37}},"33":{"start":{"line":34,"column":12},"end":{"line":36,"column":29}},"34":{"start":{"line":35,"column":16},"end":{"line":35,"column":118}},"35":{"start":{"line":38,"column":12},"end":{"line":38,"column":38}},"36":{"start":{"line":43,"column":12},"end":{"line":43,"column":37}},"37":{"start":{"line":44,"column":12},"end":{"line":52,"column":13}},"38":{"start":{"line":45,"column":16},"end":{"line":45,"column":59}},"39":{"start":{"line":46,"column":19},"end":{"line":52,"column":13}},"40":{"start":{"line":47,"column":16},"end":{"line":49,"column":19}},"41":{"start":{"line":48,"column":20},"end":{"line":48,"column":62}},"42":{"start":{"line":51,"column":16},"end":{"line":51,"column":29}},"43":{"start":{"line":56,"column":4},"end":{"line":56,"column":36}},"44":{"start":{"line":59,"column":0},"end":{"line":59,"column":43}}},"branchMap":{"1":{"line":7,"type":"binary-expr","locations":[{"start":{"line":7,"column":168},"end":{"line":7,"column":189}},{"start":{"line":7,"column":193},"end":{"line":7,"column":198}}]},"2":{"line":7,"type":"if","locations":[{"start":{"line":7,"column":232},"end":{"line":7,"column":232}},{"start":{"line":7,"column":232},"end":{"line":7,"column":232}}]},"3":{"line":7,"type":"if","locations":[{"start":{"line":7,"column":407},"end":{"line":7,"column":407}},{"start":{"line":7,"column":407},"end":{"line":7,"column":407}}]},"4":{"line":7,"type":"if","locations":[{"start":{"line":7,"column":476},"end":{"line":7,"column":476}},{"start":{"line":7,"column":476},"end":{"line":7,"column":476}}]},"5":{"line":13,"type":"cond-expr","locations":[{"start":{"line":13,"column":70},"end":{"line":13,"column":73}},{"start":{"line":13,"column":76},"end":{"line":13,"column":92}}]},"6":{"line":13,"type":"binary-expr","locations":[{"start":{"line":13,"column":46},"end":{"line":13,"column":49}},{"start":{"line":13,"column":53},"end":{"line":13,"column":67}}]},"7":{"line":15,"type":"if","locations":[{"start":{"line":15,"column":50},"end":{"line":15,"column":50}},{"start":{"line":15,"column":50},"end":{"line":15,"column":50}}]},"8":{"line":44,"type":"if","locations":[{"start":{"line":44,"column":12},"end":{"line":44,"column":12}},{"start":{"line":44,"column":12},"end":{"line":44,"column":12}}]},"9":{"line":46,"type":"if","locations":[{"start":{"line":46,"column":19},"end":{"line":46,"column":19}},{"start":{"line":46,"column":19},"end":{"line":46,"column":19}}]}}},"/Users/jaredjbarnes/Documents/sqlite-repository/lib/sqlite/statements/DeleteStatementCreator.js":{"path":"/Users/jaredjbarnes/Documents/sqlite-repository/lib/sqlite/statements/DeleteStatementCreator.js","s":{"1":1,"2":1,"3":1,"4":2,"5":2,"6":2,"7":2,"8":2,"9":2,"10":2,"11":1,"12":1,"13":1,"14":1,"15":1,"16":1,"17":1,"18":1,"19":1,"20":1,"21":1,"22":2,"23":1,"24":1,"25":0,"26":1,"27":1,"28":0,"29":1,"30":1,"31":1,"32":0,"33":1,"34":1,"35":1,"36":1,"37":1,"38":1,"39":1,"40":1,"41":1,"42":1,"43":1,"44":0,"45":1,"46":1,"47":1,"48":1,"49":1,"50":1},"b":{"1":[2,2],"2":[2,0],"3":[1,0],"4":[1,0],"5":[2,0],"6":[2,2],"7":[0,1],"8":[0,1],"9":[0,1],"10":[1,0,0],"11":[0,1],"12":[1,0],"13":[1,1],"14":[1,0],"15":[1,0],"16":[1,0],"17":[0,1]},"f":{"1":1,"2":2,"3":1,"4":2,"5":1,"6":1,"7":1,"8":1,"9":1,"10":1,"11":1},"fnMap":{"1":{"name":"(anonymous_1)","line":7,"loc":{"start":{"line":7,"column":19},"end":{"line":7,"column":31}}},"2":{"name":"defineProperties","line":7,"loc":{"start":{"line":7,"column":33},"end":{"line":7,"column":74}}},"3":{"name":"(anonymous_3)","line":7,"loc":{"start":{"line":7,"column":357},"end":{"line":7,"column":405}}},"4":{"name":"_interopRequireDefault","line":17,"loc":{"start":{"line":17,"column":0},"end":{"line":17,"column":37}}},"5":{"name":"_classCallCheck","line":19,"loc":{"start":{"line":19,"column":0},"end":{"line":19,"column":48}}},"6":{"name":"_possibleConstructorReturn","line":21,"loc":{"start":{"line":21,"column":0},"end":{"line":21,"column":48}}},"7":{"name":"_inherits","line":23,"loc":{"start":{"line":23,"column":0},"end":{"line":23,"column":41}}},"8":{"name":"(anonymous_8)","line":25,"loc":{"start":{"line":25,"column":29},"end":{"line":25,"column":62}}},"9":{"name":"DeleteStatementCreator","line":28,"loc":{"start":{"line":28,"column":4},"end":{"line":28,"column":38}}},"10":{"name":"createStatement","line":36,"loc":{"start":{"line":36,"column":15},"end":{"line":36,"column":42}}},"11":{"name":"createStatement","line":52,"loc":{"start":{"line":52,"column":15},"end":{"line":52,"column":49}}}},"statementMap":{"1":{"start":{"line":3,"column":0},"end":{"line":5,"column":3}},"2":{"start":{"line":7,"column":0},"end":{"line":7,"column":564}},"3":{"start":{"line":7,"column":33},"end":{"line":7,"column":349}},"4":{"start":{"line":7,"column":76},"end":{"line":7,"column":347}},"5":{"start":{"line":7,"column":117},"end":{"line":7,"column":143}},"6":{"start":{"line":7,"column":144},"end":{"line":7,"column":199}},"7":{"start":{"line":7,"column":200},"end":{"line":7,"column":231}},"8":{"start":{"line":7,"column":232},"end":{"line":7,"column":286}},"9":{"start":{"line":7,"column":259},"end":{"line":7,"column":286}},"10":{"start":{"line":7,"column":287},"end":{"line":7,"column":345}},"11":{"start":{"line":7,"column":350},"end":{"line":7,"column":559}},"12":{"start":{"line":7,"column":407},"end":{"line":7,"column":475}},"13":{"start":{"line":7,"column":423},"end":{"line":7,"column":475}},"14":{"start":{"line":7,"column":476},"end":{"line":7,"column":536}},"15":{"start":{"line":7,"column":493},"end":{"line":7,"column":536}},"16":{"start":{"line":7,"column":537},"end":{"line":7,"column":556}},"17":{"start":{"line":9,"column":0},"end":{"line":9,"column":51}},"18":{"start":{"line":11,"column":0},"end":{"line":11,"column":57}},"19":{"start":{"line":13,"column":0},"end":{"line":13,"column":70}},"20":{"start":{"line":15,"column":0},"end":{"line":15,"column":83}},"21":{"start":{"line":17,"column":0},"end":{"line":17,"column":95}},"22":{"start":{"line":17,"column":39},"end":{"line":17,"column":93}},"23":{"start":{"line":19,"column":0},"end":{"line":19,"column":153}},"24":{"start":{"line":19,"column":50},"end":{"line":19,"column":151}},"25":{"start":{"line":19,"column":92},"end":{"line":19,"column":149}},"26":{"start":{"line":21,"column":0},"end":{"line":21,"column":240}},"27":{"start":{"line":21,"column":50},"end":{"line":21,"column":151}},"28":{"start":{"line":21,"column":63},"end":{"line":21,"column":149}},"29":{"start":{"line":21,"column":152},"end":{"line":21,"column":238}},"30":{"start":{"line":23,"column":0},"end":{"line":23,"column":494}},"31":{"start":{"line":23,"column":43},"end":{"line":23,"column":208}},"32":{"start":{"line":23,"column":106},"end":{"line":23,"column":206}},"33":{"start":{"line":23,"column":209},"end":{"line":23,"column":373}},"34":{"start":{"line":23,"column":374},"end":{"line":23,"column":492}},"35":{"start":{"line":23,"column":390},"end":{"line":23,"column":492}},"36":{"start":{"line":25,"column":0},"end":{"line":59,"column":38}},"37":{"start":{"line":26,"column":4},"end":{"line":26,"column":61}},"38":{"start":{"line":28,"column":4},"end":{"line":32,"column":5}},"39":{"start":{"line":29,"column":8},"end":{"line":29,"column":54}},"40":{"start":{"line":31,"column":8},"end":{"line":31,"column":156}},"41":{"start":{"line":34,"column":4},"end":{"line":56,"column":8}},"42":{"start":{"line":37,"column":12},"end":{"line":37,"column":37}},"43":{"start":{"line":39,"column":12},"end":{"line":41,"column":13}},"44":{"start":{"line":40,"column":16},"end":{"line":40,"column":81}},"45":{"start":{"line":43,"column":12},"end":{"line":43,"column":68}},"46":{"start":{"line":45,"column":12},"end":{"line":48,"column":14}},"47":{"start":{"line":53,"column":12},"end":{"line":53,"column":77}},"48":{"start":{"line":54,"column":12},"end":{"line":54,"column":60}},"49":{"start":{"line":58,"column":4},"end":{"line":58,"column":34}},"50":{"start":{"line":61,"column":0},"end":{"line":61,"column":41}}},"branchMap":{"1":{"line":7,"type":"binary-expr","locations":[{"start":{"line":7,"column":168},"end":{"line":7,"column":189}},{"start":{"line":7,"column":193},"end":{"line":7,"column":198}}]},"2":{"line":7,"type":"if","locations":[{"start":{"line":7,"column":232},"end":{"line":7,"column":232}},{"start":{"line":7,"column":232},"end":{"line":7,"column":232}}]},"3":{"line":7,"type":"if","locations":[{"start":{"line":7,"column":407},"end":{"line":7,"column":407}},{"start":{"line":7,"column":407},"end":{"line":7,"column":407}}]},"4":{"line":7,"type":"if","locations":[{"start":{"line":7,"column":476},"end":{"line":7,"column":476}},{"start":{"line":7,"column":476},"end":{"line":7,"column":476}}]},"5":{"line":17,"type":"cond-expr","locations":[{"start":{"line":17,"column":70},"end":{"line":17,"column":73}},{"start":{"line":17,"column":76},"end":{"line":17,"column":92}}]},"6":{"line":17,"type":"binary-expr","locations":[{"start":{"line":17,"column":46},"end":{"line":17,"column":49}},{"start":{"line":17,"column":53},"end":{"line":17,"column":67}}]},"7":{"line":19,"type":"if","locations":[{"start":{"line":19,"column":50},"end":{"line":19,"column":50}},{"start":{"line":19,"column":50},"end":{"line":19,"column":50}}]},"8":{"line":21,"type":"if","locations":[{"start":{"line":21,"column":50},"end":{"line":21,"column":50}},{"start":{"line":21,"column":50},"end":{"line":21,"column":50}}]},"9":{"line":21,"type":"cond-expr","locations":[{"start":{"line":21,"column":226},"end":{"line":21,"column":230}},{"start":{"line":21,"column":233},"end":{"line":21,"column":237}}]},"10":{"line":21,"type":"binary-expr","locations":[{"start":{"line":21,"column":159},"end":{"line":21,"column":163}},{"start":{"line":21,"column":168},"end":{"line":21,"column":192}},{"start":{"line":21,"column":196},"end":{"line":21,"column":222}}]},"11":{"line":23,"type":"if","locations":[{"start":{"line":23,"column":43},"end":{"line":23,"column":43}},{"start":{"line":23,"column":43},"end":{"line":23,"column":43}}]},"12":{"line":23,"type":"binary-expr","locations":[{"start":{"line":23,"column":47},"end":{"line":23,"column":79}},{"start":{"line":23,"column":83},"end":{"line":23,"column":102}}]},"13":{"line":23,"type":"binary-expr","locations":[{"start":{"line":23,"column":244},"end":{"line":23,"column":254}},{"start":{"line":23,"column":258},"end":{"line":23,"column":278}}]},"14":{"line":23,"type":"if","locations":[{"start":{"line":23,"column":374},"end":{"line":23,"column":374}},{"start":{"line":23,"column":374},"end":{"line":23,"column":374}}]},"15":{"line":23,"type":"cond-expr","locations":[{"start":{"line":23,"column":414},"end":{"line":23,"column":457}},{"start":{"line":23,"column":460},"end":{"line":23,"column":491}}]},"16":{"line":31,"type":"binary-expr","locations":[{"start":{"line":31,"column":49},"end":{"line":31,"column":81}},{"start":{"line":31,"column":85},"end":{"line":31,"column":130}}]},"17":{"line":39,"type":"if","locations":[{"start":{"line":39,"column":12},"end":{"line":39,"column":12}},{"start":{"line":39,"column":12},"end":{"line":39,"column":12}}]}}},"/Users/jaredjbarnes/Documents/sqlite-repository/lib/testSchemas/person.js":{"path":"/Users/jaredjbarnes/Documents/sqlite-repository/lib/testSchemas/person.js","s":{"1":1,"2":1},"b":{},"f":{},"fnMap":{},"statementMap":{"1":{"start":{"line":3,"column":0},"end":{"line":5,"column":3}},"2":{"start":{"line":6,"column":0},"end":{"line":32,"column":2}}},"branchMap":{}},"/Users/jaredjbarnes/Documents/sqlite-repository/lib/testSchemas/address.js":{"path":"/Users/jaredjbarnes/Documents/sqlite-repository/lib/testSchemas/address.js","s":{"1":1,"2":1},"b":{},"f":{},"fnMap":{},"statementMap":{"1":{"start":{"line":3,"column":0},"end":{"line":5,"column":3}},"2":{"start":{"line":6,"column":0},"end":{"line":53,"column":2}}},"branchMap":{}},"/Users/jaredjbarnes/Documents/sqlite-repository/lib/testSchemas/phoneNumber.js":{"path":"/Users/jaredjbarnes/Documents/sqlite-repository/lib/testSchemas/phoneNumber.js","s":{"1":1,"2":1},"b":{},"f":{},"fnMap":{},"statementMap":{"1":{"start":{"line":3,"column":0},"end":{"line":5,"column":3}},"2":{"start":{"line":6,"column":0},"end":{"line":42,"column":2}}},"branchMap":{}}}