TN:
SF:/Users/jaredjbarnes/Documents/simple-sqlite/lib/sqlite/Repository.js
FN:7,(anonymous_1)
FN:7,defineProperties
FN:7,(anonymous_3)
FN:25,_interopRequireDefault
FN:27,_classCallCheck
FN:29,(anonymous_6)
FN:30,Repository
FN:46,addAsync
FN:62,removeAsync
FN:77,updateAsync
FN:93,getQueryProvider
FN:100,where
FNF:12
FNH:10
FNDA:1,(anonymous_1)
FNDA:1,defineProperties
FNDA:1,(anonymous_3)
FNDA:4,_interopRequireDefault
FNDA:7,_classCallCheck
FNDA:1,(anonymous_6)
FNDA:7,Repository
FNDA:2100,addAsync
FNDA:0,removeAsync
FNDA:0,updateAsync
FNDA:10,getQueryProvider
FNDA:10,where
DA:3,1
DA:7,5
DA:9,1
DA:11,1
DA:13,1
DA:15,1
DA:17,1
DA:19,1
DA:21,1
DA:23,1
DA:25,4
DA:27,7
DA:29,1
DA:30,1
DA:31,7
DA:36,7
DA:38,7
DA:39,7
DA:40,7
DA:41,7
DA:44,1
DA:48,2100
DA:54,2100
DA:58,2100
DA:63,0
DA:69,0
DA:73,0
DA:79,0
DA:85,0
DA:89,0
DA:94,10
DA:101,10
DA:103,10
DA:110,1
DA:113,1
LF:35
LH:29
BRDA:7,1,0,5
BRDA:7,1,1,5
BRDA:7,2,0,5
BRDA:7,2,1,0
BRDA:7,3,0,1
BRDA:7,3,1,0
BRDA:7,4,0,0
BRDA:7,4,1,1
BRDA:25,5,0,4
BRDA:25,5,1,0
BRDA:25,6,0,4
BRDA:25,6,1,4
BRDA:27,7,0,0
BRDA:27,7,1,7
BRDA:34,8,0,7
BRDA:34,8,1,0
BRF:16
BRH:10
end_of_record
TN:
SF:/Users/jaredjbarnes/Documents/simple-sqlite/lib/sqlite/Provider.js
FN:7,(anonymous_1)
FN:7,defineProperties
FN:7,(anonymous_3)
FN:17,_interopRequireDefault
FN:19,_classCallCheck
FN:21,(anonymous_6)
FN:22,Provider
FN:37,toArrayAsync
FN:47,getFirstAsync
FN:48,(anonymous_10)
FN:54,getCountAsync
FN:60,(anonymous_12)
FN:66,removeAsync
FN:76,updateAsync
FNF:14
FNH:14
FNDA:1,(anonymous_1)
FNDA:1,defineProperties
FNDA:1,(anonymous_3)
FNDA:2,_interopRequireDefault
FNDA:10,_classCallCheck
FNDA:1,(anonymous_6)
FNDA:10,Provider
FNDA:6,toArrayAsync
FNDA:1,getFirstAsync
FNDA:1,(anonymous_10)
FNDA:1,getCountAsync
FNDA:1,(anonymous_12)
FNDA:1,removeAsync
FNDA:1,updateAsync
DA:3,1
DA:7,5
DA:9,1
DA:11,1
DA:13,1
DA:15,1
DA:17,2
DA:19,10
DA:21,1
DA:22,1
DA:23,10
DA:25,10
DA:27,10
DA:28,0
DA:31,10
DA:32,10
DA:35,1
DA:38,6
DA:40,6
DA:43,6
DA:48,1
DA:49,1
DA:55,1
DA:57,1
DA:60,1
DA:61,1
DA:67,1
DA:69,1
DA:72,1
DA:77,1
DA:78,1
DA:80,1
DA:84,1
DA:87,1
LF:34
LH:33
BRDA:7,1,0,5
BRDA:7,1,1,5
BRDA:7,2,0,5
BRDA:7,2,1,0
BRDA:7,3,0,1
BRDA:7,3,1,0
BRDA:7,4,0,0
BRDA:7,4,1,1
BRDA:17,5,0,2
BRDA:17,5,1,0
BRDA:17,6,0,2
BRDA:17,6,1,2
BRDA:19,7,0,0
BRDA:19,7,1,10
BRDA:27,8,0,0
BRDA:27,8,1,10
BRDA:49,9,0,1
BRDA:49,9,1,0
BRF:18
BRH:11
end_of_record
TN:
SF:/Users/jaredjbarnes/Documents/simple-sqlite/lib/sqlite/factories/QueryableToSqlFactory.js
FN:7,(anonymous_1)
FN:7,defineProperties
FN:7,(anonymous_3)
FN:13,_interopRequireDefault
FN:15,_classCallCheck
FN:17,(anonymous_6)
FN:18,QueryableToSqlFactory
FN:33,removeNullOrEmptyStrings
FN:34,(anonymous_9)
FN:40,createDeleteSql
FN:45,createWhereSql
FN:51,createSelectSql
FN:53,(anonymous_13)
FN:65,createOrderBySql
FN:70,(anonymous_15)
FN:78,createUpdateSetStatement
FN:81,(anonymous_17)
FN:98,createCountSelectSql
FN:103,createLimitAndOffsetSql
FN:115,createWhereStatement
FN:145,createCountStatement
FN:165,createDeleteStatement
FN:182,createUpdateStatement
FNF:23
FNH:23
FNDA:1,(anonymous_1)
FNDA:1,defineProperties
FNDA:1,(anonymous_3)
FNDA:1,_interopRequireDefault
FNDA:10,_classCallCheck
FNDA:1,(anonymous_6)
FNDA:10,QueryableToSqlFactory
FNDA:8,removeNullOrEmptyStrings
FNDA:22,(anonymous_9)
FNDA:1,createDeleteSql
FNDA:10,createWhereSql
FNDA:7,createSelectSql
FNDA:1,(anonymous_13)
FNDA:7,createOrderBySql
FNDA:1,(anonymous_15)
FNDA:1,createUpdateSetStatement
FNDA:1,(anonymous_17)
FNDA:1,createCountSelectSql
FNDA:7,createLimitAndOffsetSql
FNDA:7,createWhereStatement
FNDA:1,createCountStatement
FNDA:1,createDeleteStatement
FNDA:1,createUpdateStatement
DA:3,1
DA:7,12
DA:9,1
DA:11,1
DA:13,1
DA:15,10
DA:17,1
DA:18,1
DA:19,10
DA:22,10
DA:24,10
DA:25,0
DA:28,10
DA:31,1
DA:34,8
DA:35,22
DA:41,1
DA:46,10
DA:47,10
DA:52,7
DA:53,7
DA:54,1
DA:57,7
DA:58,6
DA:61,7
DA:66,7
DA:67,6
DA:70,1
DA:71,1
DA:74,1
DA:79,1
DA:81,1
DA:82,1
DA:83,0
DA:86,1
DA:87,1
DA:88,1
DA:91,1
DA:99,1
DA:104,7
DA:105,7
DA:107,7
DA:108,6
DA:111,7
DA:116,7
DA:117,7
DA:118,7
DA:119,7
DA:120,7
DA:122,7
DA:124,7
DA:125,5
DA:128,7
DA:129,1
DA:132,7
DA:133,7
DA:136,7
DA:138,7
DA:146,1
DA:147,1
DA:148,1
DA:150,1
DA:152,1
DA:153,1
DA:156,1
DA:158,1
DA:166,1
DA:167,1
DA:169,1
DA:171,1
DA:172,1
DA:175,1
DA:183,1
DA:184,1
DA:186,1
DA:188,1
DA:189,1
DA:192,1
DA:199,1
DA:202,1
LF:80
LH:78
BRDA:7,1,0,12
BRDA:7,1,1,12
BRDA:7,2,0,12
BRDA:7,2,1,0
BRDA:7,3,0,1
BRDA:7,3,1,0
BRDA:7,4,0,0
BRDA:7,4,1,1
BRDA:13,5,0,1
BRDA:13,5,1,0
BRDA:13,6,0,1
BRDA:13,6,1,1
BRDA:15,7,0,0
BRDA:15,7,1,10
BRDA:20,8,0,0
BRDA:20,8,1,10
BRDA:24,9,0,0
BRDA:24,9,1,10
BRDA:35,10,0,22
BRDA:35,10,1,22
BRDA:57,11,0,6
BRDA:57,11,1,1
BRDA:66,12,0,6
BRDA:66,12,1,1
BRDA:82,13,0,0
BRDA:82,13,1,1
BRDA:107,14,0,6
BRDA:107,14,1,1
BRDA:124,15,0,5
BRDA:124,15,1,2
BRDA:128,16,0,1
BRDA:128,16,1,6
BRDA:132,17,0,7
BRDA:132,17,1,0
BRDA:152,18,0,1
BRDA:152,18,1,0
BRDA:171,19,0,1
BRDA:171,19,1,0
BRDA:188,20,0,1
BRDA:188,20,1,0
BRF:40
BRH:28
end_of_record
TN:
SF:/Users/jaredjbarnes/Documents/simple-sqlite/lib/sqlite/visitors/SqlVisitor.js
FN:7,(anonymous_1)
FN:7,defineProperties
FN:7,(anonymous_3)
FN:17,_interopRequireDefault
FN:19,_possibleConstructorReturn
FN:21,_inherits
FN:23,_classCallCheck
FN:25,(anonymous_8)
FN:26,SqlString
FN:34,toString
FN:39,toEndsWithString
FN:44,toContainsString
FN:49,toStartsWithString
FN:57,(anonymous_14)
FN:60,SqlVisitor
FN:68,and
FN:81,or
FN:94,endsWith
FN:99,startsWith
FN:104,contains
FN:109,isEqualTo
FN:114,isNotEqualTo
FN:119,isGreaterThan
FN:124,isGreaterThanOrEqualTo
FN:129,isLessThan
FN:134,isLessThanOrEqualTo
FN:139,isIn
FN:144,isNotIn
FN:149,queryable
FN:159,string
FN:164,boolean
FN:169,number
FN:174,array
FN:177,(anonymous_34)
FN:194,propertyName
FN:199,property
FN:204,type
FN:210,createWhereStatement
FNF:38
FNH:28
FNDA:1,(anonymous_1)
FNDA:2,defineProperties
FNDA:2,(anonymous_3)
FNDA:2,_interopRequireDefault
FNDA:10,_possibleConstructorReturn
FNDA:1,_inherits
FNDA:19,_classCallCheck
FNDA:1,(anonymous_8)
FNDA:9,SqlString
FNDA:1,toString
FNDA:5,toEndsWithString
FNDA:2,toContainsString
FNDA:1,toStartsWithString
FNDA:1,(anonymous_14)
FNDA:10,SqlVisitor
FNDA:0,and
FNDA:1,or
FNDA:5,endsWith
FNDA:1,startsWith
FNDA:2,contains
FNDA:0,isEqualTo
FNDA:0,isNotEqualTo
FNDA:0,isGreaterThan
FNDA:0,isGreaterThanOrEqualTo
FNDA:0,isLessThan
FNDA:0,isLessThanOrEqualTo
FNDA:2,isIn
FNDA:0,isNotIn
FNDA:1,queryable
FNDA:9,string
FNDA:0,boolean
FNDA:0,number
FNDA:1,array
FNDA:1,(anonymous_34)
FNDA:10,propertyName
FNDA:10,property
FNDA:10,type
FNDA:10,createWhereStatement
DA:3,1
DA:7,26
DA:9,1
DA:11,1
DA:13,1
DA:15,1
DA:17,2
DA:19,10
DA:21,1
DA:23,19
DA:25,1
DA:26,1
DA:27,9
DA:29,9
DA:32,1
DA:35,1
DA:40,5
DA:45,2
DA:50,1
DA:54,1
DA:57,1
DA:58,1
DA:60,1
DA:61,10
DA:63,10
DA:66,1
DA:69,0
DA:70,0
DA:73,0
DA:74,0
DA:77,0
DA:82,1
DA:83,3
DA:86,1
DA:87,0
DA:90,1
DA:95,5
DA:100,1
DA:105,2
DA:110,0
DA:115,0
DA:120,0
DA:125,0
DA:130,0
DA:135,0
DA:140,2
DA:145,0
DA:150,1
DA:152,1
DA:155,1
DA:160,9
DA:165,0
DA:170,0
DA:175,1
DA:177,1
DA:179,1
DA:180,1
DA:181,0
DA:182,0
DA:183,0
DA:184,0
DA:186,0
DA:190,1
DA:195,10
DA:200,10
DA:205,10
DA:206,10
DA:211,10
DA:213,10
DA:214,2
DA:217,8
DA:221,1
DA:224,1
LF:73
LH:53
BRDA:7,1,0,26
BRDA:7,1,1,26
BRDA:7,2,0,26
BRDA:7,2,1,0
BRDA:7,3,0,2
BRDA:7,3,1,0
BRDA:7,4,0,0
BRDA:7,4,1,2
BRDA:17,5,0,2
BRDA:17,5,1,0
BRDA:17,6,0,2
BRDA:17,6,1,2
BRDA:19,7,0,0
BRDA:19,7,1,10
BRDA:19,8,0,0
BRDA:19,8,1,10
BRDA:19,9,0,10
BRDA:19,9,1,0
BRDA:19,9,2,0
BRDA:21,10,0,0
BRDA:21,10,1,1
BRDA:21,11,0,1
BRDA:21,11,1,0
BRDA:21,12,0,1
BRDA:21,12,1,1
BRDA:21,13,0,1
BRDA:21,13,1,0
BRDA:21,14,0,1
BRDA:21,14,1,0
BRDA:23,15,0,0
BRDA:23,15,1,19
BRDA:63,16,0,10
BRDA:63,16,1,0
BRDA:73,17,0,0
BRDA:73,17,1,0
BRDA:86,18,0,0
BRDA:86,18,1,1
BRDA:179,19,0,1
BRDA:179,19,1,0
BRDA:181,20,0,0
BRDA:181,20,1,0
BRDA:183,21,0,0
BRDA:183,21,1,0
BRDA:213,22,0,2
BRDA:213,22,1,8
BRF:45
BRH:23
end_of_record
TN:
SF:/Users/jaredjbarnes/Documents/simple-sqlite/lib/sqlite/visitors/Visitor.js
FN:7,(anonymous_1)
FN:7,defineProperties
FN:7,(anonymous_3)
FN:9,_classCallCheck
FN:11,(anonymous_5)
FN:12,Visitor
FN:18,visit
FN:27,(anonymous_8)
FNF:8
FNH:8
FNDA:1,(anonymous_1)
FNDA:1,defineProperties
FNDA:1,(anonymous_3)
FNDA:10,_classCallCheck
FNDA:1,(anonymous_5)
FNDA:10,Visitor
FNDA:53,visit
FNDA:43,(anonymous_8)
DA:3,1
DA:7,1
DA:9,10
DA:11,1
DA:12,1
DA:13,10
DA:16,1
DA:19,53
DA:21,53
DA:22,2
DA:25,51
DA:27,21
DA:28,43
DA:31,21
DA:32,21
DA:34,0
DA:38,30
DA:39,30
DA:41,0
DA:47,1
DA:50,1
LF:21
LH:19
BRDA:7,1,0,1
BRDA:7,1,1,1
BRDA:7,2,0,1
BRDA:7,2,1,0
BRDA:7,3,0,1
BRDA:7,3,1,0
BRDA:7,4,0,0
BRDA:7,4,1,1
BRDA:9,5,0,0
BRDA:9,5,1,10
BRDA:21,6,0,2
BRDA:21,6,1,51
BRDA:25,7,0,21
BRDA:25,7,1,30
BRDA:31,8,0,21
BRDA:31,8,1,0
BRDA:38,9,0,30
BRDA:38,9,1,0
BRF:18
BRH:12
end_of_record
TN:
SF:/Users/jaredjbarnes/Documents/simple-sqlite/lib/sqlite/Sqlite3Wrapper.js
FN:7,(anonymous_1)
FN:7,defineProperties
FN:7,(anonymous_3)
FN:9,_classCallCheck
FN:11,(anonymous_5)
FN:12,Sqlite3Wrapper
FN:20,runAsync
FN:25,(anonymous_8)
FN:26,(anonymous_9)
FN:37,allAsync
FN:42,(anonymous_11)
FN:43,(anonymous_12)
FNF:12
FNH:12
FNDA:1,(anonymous_1)
FNDA:1,defineProperties
FNDA:1,(anonymous_3)
FNDA:20,_classCallCheck
FNDA:1,(anonymous_5)
FNDA:20,Sqlite3Wrapper
FNDA:2106,runAsync
FNDA:2106,(anonymous_8)
FNDA:2106,(anonymous_9)
FNDA:8,allAsync
FNDA:8,(anonymous_11)
FNDA:8,(anonymous_12)
DA:3,1
DA:7,2
DA:9,20
DA:11,1
DA:12,1
DA:13,20
DA:15,20
DA:18,1
DA:21,2106
DA:23,2106
DA:25,2106
DA:26,2106
DA:27,2106
DA:28,0
DA:30,2106
DA:38,8
DA:40,8
DA:42,8
DA:43,8
DA:44,8
DA:45,0
DA:47,8
DA:54,1
DA:57,1
LF:24
LH:22
BRDA:7,1,0,2
BRDA:7,1,1,2
BRDA:7,2,0,2
BRDA:7,2,1,0
BRDA:7,3,0,1
BRDA:7,3,1,0
BRDA:7,4,0,0
BRDA:7,4,1,1
BRDA:9,5,0,0
BRDA:9,5,1,20
BRDA:23,6,0,2106
BRDA:23,6,1,0
BRDA:23,7,0,2106
BRDA:23,7,1,2106
BRDA:27,8,0,0
BRDA:27,8,1,2106
BRDA:40,9,0,0
BRDA:40,9,1,8
BRDA:40,10,0,8
BRDA:40,10,1,0
BRDA:44,11,0,0
BRDA:44,11,1,8
BRF:22
BRH:13
end_of_record
TN:
SF:/Users/jaredjbarnes/Documents/simple-sqlite/lib/queryable/Queryable.js
FN:7,(anonymous_1)
FN:7,defineProperties
FN:7,(anonymous_3)
FN:17,_interopRequireDefault
FN:19,_classCallCheck
FN:21,(anonymous_6)
FN:22,Queryable
FN:46,assertProvider
FN:53,and
FN:71,or
FN:89,clone
FN:104,column
FN:114,select
FN:122,take
FN:130,skip
FN:138,orderByAsc
FN:149,orderByDesc
FN:160,toArrayAsync
FN:167,getFirstAsync
FN:174,getCountAsync
FN:181,removeAsync
FN:188,updateAsync
FNF:22
FNH:19
FNDA:1,(anonymous_1)
FNDA:1,defineProperties
FNDA:1,(anonymous_3)
FNDA:2,_interopRequireDefault
FNDA:14,_classCallCheck
FNDA:1,(anonymous_6)
FNDA:14,Queryable
FNDA:9,assertProvider
FNDA:0,and
FNDA:2,or
FNDA:4,clone
FNDA:10,column
FNDA:1,select
FNDA:1,take
FNDA:0,skip
FNDA:0,orderByAsc
FNDA:1,orderByDesc
FNDA:5,toArrayAsync
FNDA:1,getFirstAsync
FNDA:1,getCountAsync
FNDA:1,removeAsync
FNDA:1,updateAsync
DA:3,1
DA:7,15
DA:9,1
DA:11,1
DA:13,1
DA:15,1
DA:17,2
DA:19,14
DA:21,1
DA:22,1
DA:23,14
DA:36,14
DA:38,14
DA:39,14
DA:40,14
DA:41,14
DA:44,1
DA:47,9
DA:48,0
DA:54,0
DA:56,0
DA:57,0
DA:59,0
DA:60,0
DA:61,0
DA:62,0
DA:63,0
DA:65,0
DA:66,0
DA:72,2
DA:74,1
DA:75,1
DA:77,1
DA:78,1
DA:79,1
DA:80,1
DA:81,1
DA:83,0
DA:84,0
DA:90,4
DA:105,10
DA:106,0
DA:109,10
DA:110,10
DA:115,1
DA:116,1
DA:118,1
DA:123,1
DA:124,1
DA:126,1
DA:131,0
DA:132,0
DA:134,0
DA:139,0
DA:140,0
DA:145,0
DA:150,1
DA:151,1
DA:156,1
DA:161,5
DA:163,5
DA:168,1
DA:170,1
DA:175,1
DA:177,1
DA:182,1
DA:184,1
DA:189,1
DA:191,1
DA:195,1
DA:198,1
LF:71
LH:51
BRDA:7,1,0,15
BRDA:7,1,1,15
BRDA:7,2,0,15
BRDA:7,2,1,0
BRDA:7,3,0,1
BRDA:7,3,1,0
BRDA:7,4,0,0
BRDA:7,4,1,1
BRDA:17,5,0,2
BRDA:17,5,1,0
BRDA:17,6,0,2
BRDA:17,6,1,2
BRDA:19,7,0,0
BRDA:19,7,1,14
BRDA:24,8,0,0
BRDA:24,8,1,14
BRDA:26,9,0,10
BRDA:26,9,1,4
BRDA:34,10,0,0
BRDA:34,10,1,14
BRDA:47,11,0,0
BRDA:47,11,1,9
BRDA:54,12,0,0
BRDA:54,12,1,0
BRDA:54,13,0,0
BRDA:54,13,1,0
BRDA:62,14,0,0
BRDA:62,14,1,0
BRDA:62,15,0,0
BRDA:62,15,1,0
BRDA:72,16,0,1
BRDA:72,16,1,1
BRDA:72,17,0,2
BRDA:72,17,1,2
BRDA:80,18,0,1
BRDA:80,18,1,0
BRDA:80,19,0,1
BRDA:80,19,1,1
BRDA:94,20,0,2
BRDA:94,20,1,2
BRDA:105,21,0,0
BRDA:105,21,1,10
BRF:42
BRH:24
end_of_record
TN:
SF:/Users/jaredjbarnes/Documents/simple-sqlite/lib/sqlite/factories/QueryFactory.js
FN:7,(anonymous_1)
FN:7,defineProperties
FN:7,(anonymous_3)
FN:21,_interopRequireDefault
FN:23,_classCallCheck
FN:25,(anonymous_6)
FN:26,QueryFactory
FN:32,createAndNode
FN:37,createOrNode
FN:42,createContainsNode
FN:47,createEndsWithNode
FN:52,createStartsWithNode
FN:57,createIsEqualToNode
FN:62,createIsNotEqualToNode
FN:67,createIsGreaterThanNode
FN:72,createIsLessThanNode
FN:77,createIsInNode
FN:82,createIsNotInNode
FN:87,createIsGreaterThanOrEqualToNode
FN:92,createIsLessThanOrEqualToNode
FN:97,createPropertyNode
FN:109,createQueryableValueNode
FN:118,createValueNode
FNF:23
FNH:15
FNDA:1,(anonymous_1)
FNDA:1,defineProperties
FNDA:1,(anonymous_3)
FNDA:3,_interopRequireDefault
FNDA:24,_classCallCheck
FNDA:1,(anonymous_6)
FNDA:24,QueryFactory
FNDA:0,createAndNode
FNDA:1,createOrNode
FNDA:2,createContainsNode
FNDA:5,createEndsWithNode
FNDA:1,createStartsWithNode
FNDA:0,createIsEqualToNode
FNDA:0,createIsNotEqualToNode
FNDA:0,createIsGreaterThanNode
FNDA:0,createIsLessThanNode
FNDA:2,createIsInNode
FNDA:0,createIsNotInNode
FNDA:0,createIsGreaterThanOrEqualToNode
FNDA:0,createIsLessThanOrEqualToNode
FNDA:10,createPropertyNode
FNDA:1,createQueryableValueNode
FNDA:9,createValueNode
DA:3,1
DA:7,16
DA:9,1
DA:11,1
DA:13,1
DA:15,1
DA:17,1
DA:19,1
DA:21,3
DA:23,24
DA:25,1
DA:26,1
DA:27,24
DA:30,1
DA:33,0
DA:38,1
DA:43,2
DA:48,5
DA:53,1
DA:58,0
DA:63,0
DA:68,0
DA:73,0
DA:78,2
DA:83,0
DA:88,0
DA:93,0
DA:98,10
DA:100,10
DA:101,10
DA:103,10
DA:105,10
DA:110,1
DA:111,0
DA:114,1
DA:120,9
DA:122,8
DA:123,1
DA:125,0
DA:126,1
DA:128,0
DA:129,1
DA:131,1
DA:132,0
DA:134,0
DA:137,0
DA:142,1
DA:145,1
LF:48
LH:34
BRDA:7,1,0,16
BRDA:7,1,1,16
BRDA:7,2,0,16
BRDA:7,2,1,0
BRDA:7,3,0,1
BRDA:7,3,1,0
BRDA:7,4,0,0
BRDA:7,4,1,1
BRDA:21,5,0,3
BRDA:21,5,1,0
BRDA:21,6,0,3
BRDA:21,6,1,3
BRDA:23,7,0,0
BRDA:23,7,1,24
BRDA:110,8,0,0
BRDA:110,8,1,1
BRDA:120,9,0,8
BRDA:120,9,1,1
BRDA:123,10,0,0
BRDA:123,10,1,1
BRDA:126,11,0,0
BRDA:126,11,1,1
BRDA:129,12,0,1
BRDA:129,12,1,0
BRDA:132,13,0,0
BRDA:132,13,1,0
BRDA:132,14,0,0
BRDA:132,14,1,0
BRF:28
BRH:15
end_of_record
TN:
SF:/Users/jaredjbarnes/Documents/simple-sqlite/lib/queryable/abstractSyntaxTree/ValueNode.js
FN:7,(anonymous_1)
FN:7,defineProperties
FN:7,(anonymous_3)
FN:13,_interopRequireDefault
FN:15,_classCallCheck
FN:17,_possibleConstructorReturn
FN:19,_inherits
FN:21,(anonymous_8)
FN:24,ValueNode
FN:35,clone
FNF:10
FNH:10
FNDA:1,(anonymous_1)
FNDA:1,defineProperties
FNDA:1,(anonymous_3)
FNDA:1,_interopRequireDefault
FNDA:42,_classCallCheck
FNDA:42,_possibleConstructorReturn
FNDA:1,_inherits
FNDA:1,(anonymous_8)
FNDA:42,ValueNode
FNDA:12,clone
DA:3,1
DA:7,1
DA:9,1
DA:11,1
DA:13,1
DA:15,42
DA:17,42
DA:19,1
DA:21,1
DA:22,1
DA:24,1
DA:25,42
DA:27,42
DA:29,42
DA:30,42
DA:33,1
DA:36,12
DA:37,12
DA:41,1
DA:44,1
LF:20
LH:20
BRDA:7,1,0,1
BRDA:7,1,1,1
BRDA:7,2,0,1
BRDA:7,2,1,0
BRDA:7,3,0,1
BRDA:7,3,1,0
BRDA:7,4,0,0
BRDA:7,4,1,1
BRDA:13,5,0,1
BRDA:13,5,1,0
BRDA:13,6,0,1
BRDA:13,6,1,1
BRDA:15,7,0,0
BRDA:15,7,1,42
BRDA:17,8,0,0
BRDA:17,8,1,42
BRDA:17,9,0,0
BRDA:17,9,1,42
BRDA:17,10,0,42
BRDA:17,10,1,0
BRDA:17,10,2,0
BRDA:19,11,0,0
BRDA:19,11,1,1
BRDA:19,12,0,1
BRDA:19,12,1,0
BRDA:19,13,0,1
BRDA:19,13,1,1
BRDA:19,14,0,1
BRDA:19,14,1,0
BRDA:19,15,0,1
BRDA:19,15,1,0
BRDA:27,16,0,42
BRDA:27,16,1,0
BRDA:29,17,0,42
BRDA:29,17,1,0
BRF:35
BRH:20
end_of_record
TN:
SF:/Users/jaredjbarnes/Documents/simple-sqlite/lib/queryable/abstractSyntaxTree/Node.js
FN:7,(anonymous_1)
FN:7,defineProperties
FN:7,(anonymous_3)
FN:9,_classCallCheck
FN:11,(anonymous_5)
FN:12,Node
FN:21,clone
FNF:7
FNH:6
FNDA:1,(anonymous_1)
FNDA:1,defineProperties
FNDA:1,(anonymous_3)
FNDA:72,_classCallCheck
FNDA:1,(anonymous_5)
FNDA:72,Node
FNDA:0,clone
DA:3,1
DA:7,1
DA:9,72
DA:11,1
DA:12,1
DA:13,72
DA:15,72
DA:16,72
DA:19,1
DA:22,0
DA:23,0
DA:27,1
DA:30,1
LF:13
LH:11
BRDA:7,1,0,1
BRDA:7,1,1,1
BRDA:7,2,0,1
BRDA:7,2,1,0
BRDA:7,3,0,1
BRDA:7,3,1,0
BRDA:7,4,0,0
BRDA:7,4,1,1
BRDA:9,5,0,0
BRDA:9,5,1,72
BRF:10
BRH:6
end_of_record
TN:
SF:/Users/jaredjbarnes/Documents/simple-sqlite/lib/queryable/abstractSyntaxTree/CompositeNode.js
FN:7,(anonymous_1)
FN:7,defineProperties
FN:7,(anonymous_3)
FN:13,_interopRequireDefault
FN:15,_classCallCheck
FN:17,_possibleConstructorReturn
FN:19,_inherits
FN:21,(anonymous_8)
FN:24,CompositeNode
FN:36,clone
FN:40,(anonymous_11)
FNF:11
FNH:11
FNDA:1,(anonymous_1)
FNDA:1,defineProperties
FNDA:1,(anonymous_3)
FNDA:1,_interopRequireDefault
FNDA:30,_classCallCheck
FNDA:30,_possibleConstructorReturn
FNDA:1,_inherits
FNDA:1,(anonymous_8)
FNDA:30,CompositeNode
FNDA:9,clone
FNDA:19,(anonymous_11)
DA:3,1
DA:7,1
DA:9,1
DA:11,1
DA:13,1
DA:15,30
DA:17,30
DA:19,1
DA:21,1
DA:22,1
DA:24,1
DA:25,30
DA:27,30
DA:29,30
DA:30,30
DA:31,30
DA:34,1
DA:37,9
DA:38,9
DA:40,9
DA:41,19
DA:44,9
DA:46,9
DA:50,1
DA:53,1
LF:25
LH:25
BRDA:7,1,0,1
BRDA:7,1,1,1
BRDA:7,2,0,1
BRDA:7,2,1,0
BRDA:7,3,0,1
BRDA:7,3,1,0
BRDA:7,4,0,0
BRDA:7,4,1,1
BRDA:13,5,0,1
BRDA:13,5,1,0
BRDA:13,6,0,1
BRDA:13,6,1,1
BRDA:15,7,0,0
BRDA:15,7,1,30
BRDA:17,8,0,0
BRDA:17,8,1,30
BRDA:17,9,0,0
BRDA:17,9,1,30
BRDA:17,10,0,30
BRDA:17,10,1,0
BRDA:17,10,2,0
BRDA:19,11,0,0
BRDA:19,11,1,1
BRDA:19,12,0,1
BRDA:19,12,1,0
BRDA:19,13,0,1
BRDA:19,13,1,1
BRDA:19,14,0,1
BRDA:19,14,1,0
BRDA:19,15,0,1
BRDA:19,15,1,0
BRDA:27,16,0,30
BRDA:27,16,1,0
BRF:33
BRH:19
end_of_record
TN:
SF:/Users/jaredjbarnes/Documents/simple-sqlite/lib/queryable/OperationBuilder.js
FN:7,(anonymous_1)
FN:7,defineProperties
FN:7,(anonymous_3)
FN:17,_interopRequireDefault
FN:19,_classCallCheck
FN:21,(anonymous_6)
FN:22,OperationBuilder
FN:32,getQuery
FN:37,isIn
FN:62,isNotIn
FN:83,endsWith
FN:100,startsWith
FN:117,contains
FN:134,isEqualTo
FN:151,isNotEqualTo
FN:168,isGreaterThan
FN:185,isGreaterThanOrEqualTo
FN:202,isLessThan
FN:219,isLessThanOrEqualTo
FNF:19
FNH:11
FNDA:1,(anonymous_1)
FNDA:1,defineProperties
FNDA:1,(anonymous_3)
FNDA:2,_interopRequireDefault
FNDA:10,_classCallCheck
FNDA:1,(anonymous_6)
FNDA:10,OperationBuilder
FNDA:0,getQuery
FNDA:2,isIn
FNDA:0,isNotIn
FNDA:5,endsWith
FNDA:1,startsWith
FNDA:2,contains
FNDA:0,isEqualTo
FNDA:0,isNotEqualTo
FNDA:0,isGreaterThan
FNDA:0,isGreaterThanOrEqualTo
FNDA:0,isLessThan
FNDA:0,isLessThanOrEqualTo
DA:3,1
DA:7,12
DA:9,1
DA:11,1
DA:13,1
DA:15,1
DA:17,2
DA:19,10
DA:21,1
DA:22,1
DA:23,10
DA:25,10
DA:26,10
DA:27,10
DA:30,1
DA:33,0
DA:38,2
DA:39,2
DA:40,2
DA:42,2
DA:43,1
DA:44,1
DA:45,1
DA:47,0
DA:50,2
DA:52,2
DA:53,0
DA:55,2
DA:58,2
DA:63,0
DA:64,0
DA:67,0
DA:68,0
DA:69,0
DA:71,0
DA:73,0
DA:74,0
DA:76,0
DA:79,0
DA:84,5
DA:85,5
DA:86,5
DA:88,5
DA:90,5
DA:91,0
DA:93,5
DA:96,5
DA:101,1
DA:102,1
DA:103,1
DA:105,1
DA:107,1
DA:108,1
DA:110,0
DA:113,1
DA:118,2
DA:119,2
DA:120,2
DA:122,2
DA:124,2
DA:125,1
DA:127,1
DA:130,2
DA:135,0
DA:136,0
DA:137,0
DA:139,0
DA:141,0
DA:142,0
DA:144,0
DA:147,0
DA:152,0
DA:153,0
DA:154,0
DA:156,0
DA:158,0
DA:159,0
DA:161,0
DA:164,0
DA:169,0
DA:170,0
DA:171,0
DA:173,0
DA:175,0
DA:176,0
DA:178,0
DA:181,0
DA:186,0
DA:187,0
DA:188,0
DA:190,0
DA:192,0
DA:193,0
DA:195,0
DA:198,0
DA:203,0
DA:204,0
DA:205,0
DA:207,0
DA:209,0
DA:210,0
DA:212,0
DA:215,0
DA:220,0
DA:221,0
DA:222,0
DA:224,0
DA:226,0
DA:227,0
DA:229,0
DA:232,0
DA:236,1
DA:239,1
LF:113
LH:50
BRDA:7,1,0,12
BRDA:7,1,1,12
BRDA:7,2,0,12
BRDA:7,2,1,0
BRDA:7,3,0,1
BRDA:7,3,1,0
BRDA:7,4,0,0
BRDA:7,4,1,1
BRDA:17,5,0,2
BRDA:17,5,1,0
BRDA:17,6,0,2
BRDA:17,6,1,2
BRDA:19,7,0,0
BRDA:19,7,1,10
BRDA:42,8,0,1
BRDA:42,8,1,1
BRDA:44,9,0,1
BRDA:44,9,1,0
BRDA:52,10,0,0
BRDA:52,10,1,2
BRDA:52,11,0,2
BRDA:52,11,1,0
BRDA:63,12,0,0
BRDA:63,12,1,0
BRDA:63,13,0,0
BRDA:63,13,1,0
BRDA:73,14,0,0
BRDA:73,14,1,0
BRDA:73,15,0,0
BRDA:73,15,1,0
BRDA:90,16,0,0
BRDA:90,16,1,5
BRDA:90,17,0,5
BRDA:90,17,1,0
BRDA:107,18,0,1
BRDA:107,18,1,0
BRDA:107,19,0,1
BRDA:107,19,1,1
BRDA:124,20,0,1
BRDA:124,20,1,1
BRDA:124,21,0,2
BRDA:124,21,1,1
BRDA:141,22,0,0
BRDA:141,22,1,0
BRDA:141,23,0,0
BRDA:141,23,1,0
BRDA:158,24,0,0
BRDA:158,24,1,0
BRDA:158,25,0,0
BRDA:158,25,1,0
BRDA:175,26,0,0
BRDA:175,26,1,0
BRDA:175,27,0,0
BRDA:175,27,1,0
BRDA:192,28,0,0
BRDA:192,28,1,0
BRDA:192,29,0,0
BRDA:192,29,1,0
BRDA:209,30,0,0
BRDA:209,30,1,0
BRDA:209,31,0,0
BRDA:209,31,1,0
BRDA:226,32,0,0
BRDA:226,32,1,0
BRDA:226,33,0,0
BRDA:226,33,1,0
BRF:66
BRH:23
end_of_record
TN:
SF:/Users/jaredjbarnes/Documents/simple-sqlite/lib/sqlite/factories/EntityToSqlFactory.js
FN:7,(anonymous_1)
FN:7,defineProperties
FN:7,(anonymous_3)
FN:9,_classCallCheck
FN:11,(anonymous_5)
FN:12,EntityToSqlFactory
FN:30,validateEntityPrimaryKeys
FN:34,(anonymous_8)
FN:43,sqlizeValue
FN:52,createWhereStatement
FN:55,(anonymous_11)
FN:63,createInsertStatement
FN:66,(anonymous_13)
FN:79,createUpdateStatement
FN:89,(anonymous_15)
FN:108,createDeleteStatement
FNF:16
FNH:8
FNDA:1,(anonymous_1)
FNDA:1,defineProperties
FNDA:1,(anonymous_3)
FNDA:2100,_classCallCheck
FNDA:1,(anonymous_5)
FNDA:2100,EntityToSqlFactory
FNDA:0,validateEntityPrimaryKeys
FNDA:0,(anonymous_8)
FNDA:0,sqlizeValue
FNDA:0,createWhereStatement
FNDA:0,(anonymous_11)
FNDA:2100,createInsertStatement
FNDA:2100,(anonymous_13)
FNDA:0,createUpdateStatement
FNDA:0,(anonymous_15)
FNDA:0,createDeleteStatement
DA:3,1
DA:7,6
DA:9,2100
DA:11,1
DA:12,1
DA:13,2100
DA:17,2100
DA:19,2100
DA:20,0
DA:23,2100
DA:24,2100
DA:25,2100
DA:28,1
DA:31,0
DA:32,0
DA:33,0
DA:34,0
DA:35,0
DA:38,0
DA:44,0
DA:45,0
DA:47,0
DA:53,0
DA:55,0
DA:56,0
DA:59,0
DA:64,2100
DA:65,2100
DA:66,2100
DA:67,2100
DA:70,2100
DA:72,2100
DA:80,0
DA:82,0
DA:83,0
DA:85,0
DA:86,0
DA:89,0
DA:90,0
DA:91,0
DA:94,0
DA:95,0
DA:96,0
DA:99,0
DA:101,0
DA:109,0
DA:111,0
DA:112,0
DA:115,0
DA:117,0
DA:124,1
DA:127,1
LF:52
LH:20
BRDA:7,1,0,6
BRDA:7,1,1,6
BRDA:7,2,0,6
BRDA:7,2,1,0
BRDA:7,3,0,1
BRDA:7,3,1,0
BRDA:7,4,0,0
BRDA:7,4,1,1
BRDA:9,5,0,0
BRDA:9,5,1,2100
BRDA:19,6,0,0
BRDA:19,6,1,2100
BRDA:19,7,0,2100
BRDA:19,7,1,2100
BRDA:31,8,0,0
BRDA:31,8,1,0
BRDA:33,9,0,0
BRDA:33,9,1,0
BRDA:44,10,0,0
BRDA:44,10,1,0
BRDA:85,11,0,0
BRDA:85,11,1,0
BRDA:90,12,0,0
BRDA:90,12,1,0
BRDA:111,13,0,0
BRDA:111,13,1,0
BRF:26
BRH:9
end_of_record
TN:
SF:/Users/jaredjbarnes/Documents/simple-sqlite/lib/sqlite/factories/SchemaToSqliteFactory.js
FN:7,(anonymous_1)
FN:7,defineProperties
FN:7,(anonymous_3)
FN:21,_interopRequireDefault
FN:23,_classCallCheck
FN:25,(anonymous_6)
FN:26,SchemaToSqliteFactory
FN:35,removeNullOrEmptyStrings
FN:36,(anonymous_9)
FN:42,validateSchema
FN:53,sqlizeValue
FN:64,sqlizeName
FN:69,createPrimaryKeysExpression
FN:72,(anonymous_14)
FN:80,createUniqueColumns
FN:87,(anonymous_16)
FN:88,(anonymous_17)
FN:97,createForeignKeysExpression
FN:102,(anonymous_19)
FN:114,createTableStatement
FN:136,createDropTableStatment
FN:147,createColumnExpression
FN:176,createColumnsExpression
FN:179,(anonymous_24)
FNF:24
FNH:23
FNDA:1,(anonymous_1)
FNDA:1,defineProperties
FNDA:1,(anonymous_3)
FNDA:3,_interopRequireDefault
FNDA:6,_classCallCheck
FNDA:1,(anonymous_6)
FNDA:6,SchemaToSqliteFactory
FNDA:7,removeNullOrEmptyStrings
FNDA:28,(anonymous_9)
FNDA:7,validateSchema
FNDA:0,sqlizeValue
FNDA:84,sqlizeName
FNDA:7,createPrimaryKeysExpression
FNDA:7,(anonymous_14)
FNDA:7,createUniqueColumns
FNDA:5,(anonymous_16)
FNDA:6,(anonymous_17)
FNDA:7,createForeignKeysExpression
FNDA:10,(anonymous_19)
FNDA:7,createTableStatement
FNDA:1,createDropTableStatment
FNDA:33,createColumnExpression
FNDA:7,createColumnsExpression
FNDA:33,(anonymous_24)
DA:3,1
DA:7,11
DA:9,1
DA:11,1
DA:13,1
DA:15,1
DA:17,1
DA:19,1
DA:21,3
DA:23,6
DA:25,1
DA:26,1
DA:27,6
DA:29,6
DA:30,6
DA:33,1
DA:36,7
DA:37,28
DA:43,7
DA:45,7
DA:46,0
DA:47,0
DA:48,0
DA:54,0
DA:55,0
DA:56,0
DA:57,0
DA:59,0
DA:65,84
DA:70,7
DA:72,7
DA:73,7
DA:76,7
DA:81,7
DA:83,7
DA:84,2
DA:87,5
DA:88,5
DA:89,6
DA:93,5
DA:98,7
DA:100,7
DA:102,7
DA:103,10
DA:104,10
DA:105,10
DA:106,10
DA:107,10
DA:109,10
DA:115,7
DA:116,7
DA:117,7
DA:118,7
DA:120,7
DA:121,7
DA:122,7
DA:123,7
DA:125,7
DA:127,7
DA:129,7
DA:137,1
DA:138,1
DA:140,1
DA:148,33
DA:155,33
DA:156,33
DA:158,33
DA:160,33
DA:161,0
DA:164,33
DA:165,0
DA:168,33
DA:169,0
DA:172,33
DA:177,7
DA:179,7
DA:180,33
DA:185,1
DA:188,1
LF:79
LH:68
BRDA:7,1,0,11
BRDA:7,1,1,11
BRDA:7,2,0,11
BRDA:7,2,1,0
BRDA:7,3,0,1
BRDA:7,3,1,0
BRDA:7,4,0,0
BRDA:7,4,1,1
BRDA:21,5,0,2
BRDA:21,5,1,1
BRDA:21,6,0,3
BRDA:21,6,1,3
BRDA:23,7,0,0
BRDA:23,7,1,6
BRDA:37,8,0,28
BRDA:37,8,1,28
BRDA:45,9,0,0
BRDA:45,9,1,7
BRDA:54,10,0,0
BRDA:54,10,1,0
BRDA:56,11,0,0
BRDA:56,11,1,0
BRDA:57,12,0,0
BRDA:57,12,1,0
BRDA:83,13,0,2
BRDA:83,13,1,5
BRDA:83,14,0,7
BRDA:83,14,1,5
BRDA:100,15,0,7
BRDA:100,15,1,1
BRDA:160,16,0,0
BRDA:160,16,1,33
BRDA:164,17,0,0
BRDA:164,17,1,33
BRDA:168,18,0,0
BRDA:168,18,1,33
BRF:36
BRH:22
end_of_record
TN:
SF:/Users/jaredjbarnes/Documents/simple-sqlite/lib/sqlite/repositoryJsonSchema.js
FNF:0
FNH:0
DA:3,1
DA:6,1
LF:2
LH:2
BRF:0
BRH:0
end_of_record
TN:
SF:/Users/jaredjbarnes/Documents/simple-sqlite/lib/sqlite/utils/SchemaUtils.js
FN:7,(anonymous_1)
FN:7,defineProperties
FN:7,(anonymous_3)
FN:9,_classCallCheck
FN:11,(anonymous_5)
FN:12,SchemaUtils
FN:20,getTableName
FN:26,getPrimaryKeys
FN:29,(anonymous_9)
FN:31,(anonymous_10)
FNF:10
FNH:7
FNDA:1,(anonymous_1)
FNDA:1,defineProperties
FNDA:1,(anonymous_3)
FNDA:18,_classCallCheck
FNDA:1,(anonymous_5)
FNDA:18,SchemaUtils
FNDA:18,getTableName
FNDA:0,getPrimaryKeys
FNDA:0,(anonymous_9)
FNDA:0,(anonymous_10)
DA:3,1
DA:7,2
DA:9,18
DA:11,1
DA:12,1
DA:13,18
DA:15,18
DA:18,1
DA:21,18
DA:22,18
DA:27,0
DA:29,0
DA:30,0
DA:32,0
DA:37,1
DA:40,1
LF:16
LH:12
BRDA:7,1,0,2
BRDA:7,1,1,2
BRDA:7,2,0,2
BRDA:7,2,1,0
BRDA:7,3,0,1
BRDA:7,3,1,0
BRDA:7,4,0,0
BRDA:7,4,1,1
BRDA:9,5,0,0
BRDA:9,5,1,18
BRF:10
BRH:6
end_of_record
TN:
SF:/Users/jaredjbarnes/Documents/simple-sqlite/lib/testSchemas/person.js
FNF:0
FNH:0
DA:3,1
DA:6,1
LF:2
LH:2
BRF:0
BRH:0
end_of_record
TN:
SF:/Users/jaredjbarnes/Documents/simple-sqlite/lib/testSchemas/address.js
FNF:0
FNH:0
DA:3,1
DA:6,1
LF:2
LH:2
BRF:0
BRH:0
end_of_record
TN:
SF:/Users/jaredjbarnes/Documents/simple-sqlite/lib/testSchemas/phoneNumber.js
FNF:0
FNH:0
DA:3,1
DA:6,1
LF:2
LH:2
BRF:0
BRH:0
end_of_record
TN:
SF:/Users/jaredjbarnes/Documents/simple-sqlite/lib/sqlite/SqliteDatabaseCreator.js
FN:7,(anonymous_1)
FN:7,defineProperties
FN:7,(anonymous_3)
FN:17,_interopRequireDefault
FN:19,_classCallCheck
FN:21,(anonymous_6)
FN:22,SqliteDatabaseCreator
FN:36,createRepositoryIfNotExistsAsync
FN:45,dropRepositoryIfExistsAsync
FNF:9
FNH:9
FNDA:1,(anonymous_1)
FNDA:1,defineProperties
FNDA:1,(anonymous_3)
FNDA:2,_interopRequireDefault
FNDA:3,_classCallCheck
FNDA:1,(anonymous_6)
FNDA:3,SqliteDatabaseCreator
FNDA:4,createRepositoryIfNotExistsAsync
FNDA:1,dropRepositoryIfExistsAsync
DA:3,1
DA:7,2
DA:9,1
DA:11,1
DA:13,1
DA:15,1
DA:17,2
DA:19,3
DA:21,1
DA:22,1
DA:23,3
DA:26,3
DA:28,3
DA:29,3
DA:30,3
DA:31,3
DA:34,1
DA:37,4
DA:41,4
DA:46,1
DA:50,1
DA:54,1
DA:57,1
LF:23
LH:23
BRDA:7,1,0,2
BRDA:7,1,1,2
BRDA:7,2,0,2
BRDA:7,2,1,0
BRDA:7,3,0,1
BRDA:7,3,1,0
BRDA:7,4,0,0
BRDA:7,4,1,1
BRDA:17,5,0,2
BRDA:17,5,1,0
BRDA:17,6,0,2
BRDA:17,6,1,2
BRDA:19,7,0,0
BRDA:19,7,1,3
BRF:14
BRH:9
end_of_record
