TN:
SF:/Users/jaredjbarnes/Documents/sqlite-repository/lib/sqlite/statements/CountStatementCreator.js
FN:12,_interopRequireDefault
FN:15,(anonymous_2)
FN:23,(anonymous_3)
FN:28,(anonymous_4)
FN:32,(anonymous_5)
FN:38,(anonymous_6)
FN:43,(anonymous_7)
FN:47,(anonymous_8)
FNF:8
FNH:8
FNDA:2,_interopRequireDefault
FNDA:3,(anonymous_2)
FNDA:1,(anonymous_3)
FNDA:3,(anonymous_4)
FNDA:3,(anonymous_5)
FNDA:3,(anonymous_6)
FNDA:3,(anonymous_7)
FNDA:3,(anonymous_8)
DA:3,1
DA:6,1
DA:8,1
DA:10,1
DA:12,2
DA:16,3
DA:17,0
DA:20,3
DA:24,1
DA:25,1
DA:29,3
DA:33,3
DA:34,5
DA:39,3
DA:40,3
DA:44,3
DA:48,3
DA:49,3
DA:50,3
DA:51,3
DA:53,3
DA:54,2
DA:57,3
DA:58,3
DA:66,1
LF:25
LH:24
BRDA:12,1,0,2
BRDA:12,1,1,0
BRDA:12,2,0,2
BRDA:12,2,1,2
BRDA:16,3,0,0
BRDA:16,3,1,3
BRDA:34,4,0,5
BRDA:34,4,1,5
BRDA:53,5,0,2
BRDA:53,5,1,1
BRF:10
BRH:8
end_of_record
TN:
SF:/Users/jaredjbarnes/Documents/sqlite-repository/lib/sqlite/visitors/SqlVisitor.js
FN:18,_interopRequireDefault
FN:21,(anonymous_2)
FN:29,(anonymous_3)
FN:37,(anonymous_4)
FN:41,(anonymous_5)
FN:45,(anonymous_6)
FN:49,(anonymous_7)
FN:53,(anonymous_8)
FN:57,(anonymous_9)
FN:61,(anonymous_10)
FN:65,(anonymous_11)
FN:69,(anonymous_12)
FN:73,(anonymous_13)
FN:77,(anonymous_14)
FN:81,(anonymous_15)
FN:91,(anonymous_16)
FN:99,(anonymous_17)
FN:107,(anonymous_18)
FN:115,(anonymous_19)
FN:123,(anonymous_20)
FN:144,(anonymous_21)
FN:148,(anonymous_22)
FN:152,(anonymous_23)
FN:157,(anonymous_24)
FNF:24
FNH:22
FNDA:5,_interopRequireDefault
FNDA:1,(anonymous_2)
FNDA:2,(anonymous_3)
FNDA:5,(anonymous_4)
FNDA:2,(anonymous_5)
FNDA:5,(anonymous_6)
FNDA:9,(anonymous_7)
FNDA:1,(anonymous_8)
FNDA:1,(anonymous_9)
FNDA:1,(anonymous_10)
FNDA:1,(anonymous_11)
FNDA:1,(anonymous_12)
FNDA:4,(anonymous_13)
FNDA:2,(anonymous_14)
FNDA:3,(anonymous_15)
FNDA:27,(anonymous_16)
FNDA:0,(anonymous_17)
FNDA:4,(anonymous_18)
FNDA:0,(anonymous_19)
FNDA:3,(anonymous_20)
FNDA:32,(anonymous_21)
FNDA:32,(anonymous_22)
FNDA:32,(anonymous_23)
FNDA:35,(anonymous_24)
DA:3,1
DA:6,1
DA:8,1
DA:10,1
DA:12,1
DA:14,1
DA:16,1
DA:18,5
DA:22,1
DA:23,0
DA:26,1
DA:30,2
DA:31,0
DA:34,2
DA:38,5
DA:42,2
DA:46,5
DA:50,9
DA:54,1
DA:58,1
DA:62,1
DA:66,1
DA:70,1
DA:74,4
DA:78,2
DA:82,3
DA:84,3
DA:85,3
DA:88,3
DA:92,27
DA:93,0
DA:96,27
DA:100,0
DA:101,0
DA:104,0
DA:108,4
DA:109,0
DA:112,4
DA:116,0
DA:117,0
DA:120,0
DA:124,3
DA:125,0
DA:128,3
DA:129,5
DA:130,5
DA:131,0
DA:132,0
DA:133,0
DA:134,0
DA:135,0
DA:136,0
DA:138,0
DA:141,3
DA:145,32
DA:149,32
DA:153,32
DA:154,32
DA:158,35
DA:160,35
DA:161,6
DA:164,29
DA:169,1
LF:63
LH:45
BRDA:18,1,0,5
BRDA:18,1,1,0
BRDA:18,2,0,5
BRDA:18,2,1,5
BRDA:22,3,0,0
BRDA:22,3,1,1
BRDA:30,4,0,0
BRDA:30,4,1,2
BRDA:92,5,0,0
BRDA:92,5,1,27
BRDA:100,6,0,0
BRDA:100,6,1,0
BRDA:108,7,0,0
BRDA:108,7,1,4
BRDA:116,8,0,0
BRDA:116,8,1,0
BRDA:124,9,0,0
BRDA:124,9,1,3
BRDA:129,10,0,5
BRDA:129,10,1,0
BRDA:131,11,0,0
BRDA:131,11,1,0
BRDA:133,12,0,0
BRDA:133,12,1,0
BRDA:135,13,0,0
BRDA:135,13,1,0
BRDA:160,14,0,6
BRDA:160,14,1,29
BRF:28
BRH:11
end_of_record
TN:
SF:/Users/jaredjbarnes/Documents/sqlite-repository/lib/sqlite/visitors/Visitor.js
FN:9,(anonymous_1)
FNF:1
FNH:1
FNDA:169,(anonymous_1)
DA:3,1
DA:6,1
DA:10,169
DA:11,6
DA:14,163
DA:15,67
DA:16,134
DA:19,67
DA:20,67
DA:22,0
DA:25,96
DA:26,96
DA:28,0
DA:35,1
LF:14
LH:12
BRDA:10,1,0,6
BRDA:10,1,1,163
BRDA:14,2,0,67
BRDA:14,2,1,96
BRDA:19,3,0,67
BRDA:19,3,1,0
BRDA:25,4,0,96
BRDA:25,4,1,0
BRF:8
BRH:6
end_of_record
TN:
SF:/Users/jaredjbarnes/Documents/sqlite-repository/lib/sqlite/statements/SelectStatementCreator.js
FN:12,_interopRequireDefault
FN:15,(anonymous_2)
FN:23,(anonymous_3)
FN:28,(anonymous_4)
FN:32,(anonymous_5)
FN:38,(anonymous_6)
FN:43,(anonymous_7)
FN:56,(anonymous_8)
FN:67,(anonymous_9)
FN:73,(anonymous_10)
FNF:10
FNH:10
FNDA:2,_interopRequireDefault
FNDA:29,(anonymous_2)
FNDA:13,(anonymous_3)
FNDA:29,(anonymous_4)
FNDA:29,(anonymous_5)
FNDA:29,(anonymous_6)
FNDA:29,(anonymous_7)
FNDA:29,(anonymous_8)
FNDA:29,(anonymous_9)
FNDA:29,(anonymous_10)
DA:3,1
DA:6,1
DA:8,1
DA:10,1
DA:12,2
DA:16,29
DA:17,0
DA:20,29
DA:24,13
DA:25,13
DA:29,29
DA:33,29
DA:34,83
DA:39,29
DA:40,29
DA:44,29
DA:45,29
DA:46,3
DA:49,29
DA:50,26
DA:53,29
DA:57,29
DA:58,28
DA:61,1
DA:62,1
DA:64,1
DA:68,29
DA:69,29
DA:70,29
DA:74,29
DA:75,29
DA:76,29
DA:77,29
DA:78,29
DA:79,29
DA:81,29
DA:82,24
DA:85,29
DA:86,1
DA:89,29
DA:90,29
DA:93,29
DA:94,29
DA:102,1
LF:44
LH:43
BRDA:12,1,0,2
BRDA:12,1,1,0
BRDA:12,2,0,2
BRDA:12,2,1,2
BRDA:16,3,0,0
BRDA:16,3,1,29
BRDA:34,4,0,83
BRDA:34,4,1,83
BRDA:49,5,0,26
BRDA:49,5,1,3
BRDA:57,6,0,28
BRDA:57,6,1,1
BRDA:81,7,0,24
BRDA:81,7,1,5
BRDA:85,8,0,1
BRDA:85,8,1,28
BRDA:89,9,0,29
BRDA:89,9,1,0
BRF:18
BRH:15
end_of_record
TN:
SF:/Users/jaredjbarnes/Documents/sqlite-repository/lib/sqlite/utils/SqliteUtils.js
FN:9,(anonymous_1)
FN:17,(anonymous_2)
FNF:2
FNH:2
FNDA:4,(anonymous_1)
FNDA:4505,(anonymous_2)
DA:3,1
DA:6,1
DA:10,4
DA:11,0
DA:13,4
DA:18,4505
DA:19,4505
DA:22,0
DA:27,1
LF:9
LH:7
BRDA:10,1,0,0
BRDA:10,1,1,4
BRDA:18,2,0,4505
BRDA:18,2,1,0
BRF:4
BRH:2
end_of_record
TN:
SF:/Users/jaredjbarnes/Documents/sqlite-repository/lib/queryable/NodeFactory.js
FN:12,_interopRequireDefault
FN:15,(anonymous_2)
FN:17,(anonymous_3)
FN:21,(anonymous_4)
FN:25,(anonymous_5)
FN:33,(anonymous_6)
FN:41,(anonymous_7)
FNF:7
FNH:7
FNDA:2,_interopRequireDefault
FNDA:88,(anonymous_2)
FNDA:2,(anonymous_3)
FNDA:2,(anonymous_4)
FNDA:36,(anonymous_5)
FNDA:36,(anonymous_6)
FNDA:36,(anonymous_7)
DA:3,1
DA:6,1
DA:8,1
DA:10,1
DA:12,2
DA:18,2
DA:22,2
DA:26,36
DA:27,36
DA:28,36
DA:29,36
DA:30,36
DA:34,36
DA:35,36
DA:36,36
DA:37,36
DA:38,36
DA:42,36
DA:47,1
LF:19
LH:19
BRDA:12,1,0,2
BRDA:12,1,1,0
BRDA:12,2,0,2
BRDA:12,2,1,2
BRF:4
BRH:3
end_of_record
TN:
SF:/Users/jaredjbarnes/Documents/sqlite-repository/lib/queryable/abstractSyntaxTree/ValueNode.js
FN:12,_interopRequireDefault
FN:15,(anonymous_2)
FN:20,(anonymous_3)
FN:25,(anonymous_4)
FNF:4
FNH:4
FNDA:2,_interopRequireDefault
FNDA:141,(anonymous_2)
FNDA:27,(anonymous_3)
FNDA:36,(anonymous_4)
DA:3,1
DA:6,1
DA:8,1
DA:10,1
DA:12,2
DA:16,141
DA:17,141
DA:21,27
DA:22,27
DA:26,36
DA:27,25
DA:28,11
DA:29,0
DA:30,11
DA:31,4
DA:32,7
DA:33,3
DA:34,4
DA:35,0
DA:36,4
DA:37,4
DA:39,0
DA:45,1
LF:23
LH:20
BRDA:12,1,0,2
BRDA:12,1,1,0
BRDA:12,2,0,2
BRDA:12,2,1,2
BRDA:17,3,0,0
BRDA:17,3,1,141
BRDA:26,4,0,25
BRDA:26,4,1,11
BRDA:28,5,0,0
BRDA:28,5,1,11
BRDA:30,6,0,4
BRDA:30,6,1,7
BRDA:32,7,0,3
BRDA:32,7,1,4
BRDA:34,8,0,0
BRDA:34,8,1,4
BRDA:36,9,0,4
BRDA:36,9,1,0
BRDA:36,10,0,4
BRDA:36,10,1,4
BRF:20
BRH:15
end_of_record
TN:
SF:/Users/jaredjbarnes/Documents/sqlite-repository/lib/queryable/abstractSyntaxTree/Node.js
FN:9,(anonymous_1)
FN:14,(anonymous_2)
FNF:2
FNH:1
FNDA:243,(anonymous_1)
FNDA:0,(anonymous_2)
DA:3,1
DA:6,1
DA:10,243
DA:11,243
DA:15,0
DA:16,0
DA:21,1
LF:7
LH:5
BRF:0
BRH:0
end_of_record
TN:
SF:/Users/jaredjbarnes/Documents/sqlite-repository/lib/queryable/abstractSyntaxTree/CompositeNode.js
FN:12,_interopRequireDefault
FN:15,(anonymous_2)
FN:21,(anonymous_3)
FN:40,(anonymous_4)
FN:45,(anonymous_5)
FNF:5
FNH:4
FNDA:2,_interopRequireDefault
FNDA:102,(anonymous_2)
FNDA:14,(anonymous_3)
FNDA:0,(anonymous_4)
FNDA:21,(anonymous_5)
DA:3,1
DA:6,1
DA:8,1
DA:10,1
DA:12,2
DA:16,102
DA:17,102
DA:18,102
DA:22,14
DA:24,14
DA:25,3
DA:28,11
DA:29,5
DA:30,5
DA:31,10
DA:34,6
DA:37,11
DA:41,0
DA:42,0
DA:46,21
DA:47,21
DA:48,21
DA:49,42
DA:51,21
DA:52,21
DA:57,1
LF:26
LH:24
BRDA:12,1,0,2
BRDA:12,1,1,0
BRDA:12,2,0,2
BRDA:12,2,1,2
BRDA:24,3,0,3
BRDA:24,3,1,11
BRDA:28,4,0,5
BRDA:28,4,1,6
BRDA:28,5,0,11
BRDA:28,5,1,11
BRDA:28,5,2,5
BRF:11
BRH:10
end_of_record
TN:
SF:/Users/jaredjbarnes/Documents/sqlite-repository/lib/queryable/OperationBuilder.js
FN:12,_interopRequireDefault
FN:15,(anonymous_2)
FN:21,(anonymous_3)
FN:25,(anonymous_4)
FN:47,(anonymous_5)
FN:69,(anonymous_6)
FN:81,(anonymous_7)
FN:93,(anonymous_8)
FN:105,(anonymous_9)
FN:117,(anonymous_10)
FN:129,(anonymous_11)
FN:141,(anonymous_12)
FN:153,(anonymous_13)
FN:165,(anonymous_14)
FNF:14
FNH:13
FNDA:2,_interopRequireDefault
FNDA:36,(anonymous_2)
FNDA:0,(anonymous_3)
FNDA:5,(anonymous_4)
FNDA:2,(anonymous_5)
FNDA:5,(anonymous_6)
FNDA:2,(anonymous_7)
FNDA:5,(anonymous_8)
FNDA:12,(anonymous_9)
FNDA:1,(anonymous_10)
FNDA:1,(anonymous_11)
FNDA:1,(anonymous_12)
FNDA:1,(anonymous_13)
FNDA:1,(anonymous_14)
DA:3,1
DA:6,1
DA:8,1
DA:10,1
DA:12,2
DA:16,36
DA:17,36
DA:18,36
DA:22,0
DA:26,5
DA:27,0
DA:30,5
DA:32,5
DA:33,3
DA:35,2
DA:38,5
DA:39,1
DA:41,4
DA:44,5
DA:48,2
DA:49,0
DA:52,2
DA:54,2
DA:55,1
DA:57,1
DA:60,2
DA:61,0
DA:63,2
DA:66,2
DA:70,5
DA:72,5
DA:73,0
DA:75,5
DA:78,5
DA:82,2
DA:84,2
DA:85,1
DA:87,1
DA:90,2
DA:94,5
DA:96,5
DA:97,1
DA:99,4
DA:102,5
DA:106,12
DA:108,12
DA:109,1
DA:111,11
DA:114,12
DA:118,1
DA:120,1
DA:121,0
DA:123,1
DA:126,1
DA:130,1
DA:132,1
DA:133,0
DA:135,1
DA:138,1
DA:142,1
DA:144,1
DA:145,0
DA:147,1
DA:150,1
DA:154,1
DA:156,1
DA:157,0
DA:159,1
DA:162,1
DA:166,1
DA:168,1
DA:169,0
DA:171,1
DA:174,1
DA:179,1
LF:75
LH:65
BRDA:12,1,0,2
BRDA:12,1,1,0
BRDA:12,2,0,2
BRDA:12,2,1,2
BRDA:26,3,0,0
BRDA:26,3,1,5
BRDA:26,4,0,5
BRDA:26,4,1,2
BRDA:32,5,0,3
BRDA:32,5,1,2
BRDA:38,6,0,1
BRDA:38,6,1,4
BRDA:38,7,0,5
BRDA:38,7,1,1
BRDA:48,8,0,0
BRDA:48,8,1,2
BRDA:48,9,0,2
BRDA:48,9,1,1
BRDA:54,10,0,1
BRDA:54,10,1,1
BRDA:60,11,0,0
BRDA:60,11,1,2
BRDA:60,12,0,2
BRDA:60,12,1,0
BRDA:72,13,0,0
BRDA:72,13,1,5
BRDA:72,14,0,5
BRDA:72,14,1,0
BRDA:84,15,0,1
BRDA:84,15,1,1
BRDA:84,16,0,2
BRDA:84,16,1,1
BRDA:96,17,0,1
BRDA:96,17,1,4
BRDA:96,18,0,5
BRDA:96,18,1,1
BRDA:108,19,0,1
BRDA:108,19,1,11
BRDA:108,20,0,12
BRDA:108,20,1,1
BRDA:120,21,0,0
BRDA:120,21,1,1
BRDA:120,22,0,1
BRDA:120,22,1,0
BRDA:132,23,0,0
BRDA:132,23,1,1
BRDA:132,24,0,1
BRDA:132,24,1,0
BRDA:144,25,0,0
BRDA:144,25,1,1
BRDA:144,26,0,1
BRDA:144,26,1,0
BRDA:156,27,0,0
BRDA:156,27,1,1
BRDA:156,28,0,1
BRDA:156,28,1,0
BRDA:168,29,0,0
BRDA:168,29,1,1
BRDA:168,30,0,1
BRDA:168,30,1,0
BRF:60
BRH:43
end_of_record
TN:
SF:/Users/jaredjbarnes/Documents/sqlite-repository/lib/sqlite/visitors/SqlString.js
FN:9,(anonymous_1)
FN:14,(anonymous_2)
FN:18,(anonymous_3)
FN:22,(anonymous_4)
FN:26,(anonymous_5)
FNF:5
FNH:5
FNDA:27,(anonymous_1)
FNDA:15,(anonymous_2)
FNDA:5,(anonymous_3)
FNDA:5,(anonymous_4)
FNDA:2,(anonymous_5)
DA:3,1
DA:6,1
DA:10,27
DA:11,27
DA:15,15
DA:19,5
DA:23,5
DA:27,2
DA:32,1
LF:9
LH:9
BRF:0
BRH:0
end_of_record
TN:
SF:/Users/jaredjbarnes/Documents/sqlite-repository/lib/sqlite/statements/TableStatementCreator.js
FN:18,_interopRequireDefault
FN:21,(anonymous_2)
FN:26,(anonymous_3)
FN:31,(anonymous_4)
FN:36,(anonymous_5)
FN:40,(anonymous_6)
FN:46,(anonymous_7)
FN:56,(anonymous_8)
FN:63,(anonymous_9)
FN:74,(anonymous_10)
FN:89,(anonymous_11)
FN:104,(anonymous_12)
FN:112,(anonymous_13)
FN:138,(anonymous_14)
FNF:14
FNH:12
FNDA:5,_interopRequireDefault
FNDA:26,(anonymous_2)
FNDA:0,(anonymous_3)
FNDA:0,(anonymous_4)
FNDA:28,(anonymous_5)
FNDA:27,(anonymous_6)
FNDA:27,(anonymous_7)
FNDA:27,(anonymous_8)
FNDA:27,(anonymous_9)
FNDA:27,(anonymous_10)
FNDA:27,(anonymous_11)
FNDA:1,(anonymous_12)
FNDA:113,(anonymous_13)
FNDA:27,(anonymous_14)
DA:3,1
DA:6,1
DA:8,1
DA:10,1
DA:12,1
DA:14,1
DA:16,1
DA:18,5
DA:22,26
DA:23,26
DA:27,0
DA:28,0
DA:32,0
DA:33,0
DA:37,28
DA:41,27
DA:42,108
DA:47,27
DA:49,27
DA:50,0
DA:51,0
DA:52,0
DA:57,27
DA:58,27
DA:60,27
DA:64,27
DA:65,1
DA:66,1
DA:67,1
DA:71,26
DA:75,27
DA:76,27
DA:77,10
DA:79,10
DA:81,10
DA:83,10
DA:85,10
DA:90,27
DA:91,27
DA:92,27
DA:93,27
DA:94,27
DA:95,27
DA:96,27
DA:97,27
DA:98,27
DA:105,1
DA:106,1
DA:119,113
DA:120,113
DA:121,113
DA:123,113
DA:124,2
DA:127,113
DA:128,0
DA:131,113
DA:132,0
DA:135,113
DA:139,27
DA:140,113
DA:146,1
LF:61
LH:52
BRDA:18,1,0,4
BRDA:18,1,1,1
BRDA:18,2,0,5
BRDA:18,2,1,5
BRDA:42,3,0,108
BRDA:42,3,1,108
BRDA:49,4,0,0
BRDA:49,4,1,27
BRDA:64,5,0,1
BRDA:64,5,1,26
BRDA:75,6,0,27
BRDA:75,6,1,21
BRDA:123,7,0,2
BRDA:123,7,1,111
BRDA:127,8,0,0
BRDA:127,8,1,113
BRDA:131,9,0,0
BRDA:131,9,1,113
BRF:18
BRH:15
end_of_record
TN:
SF:/Users/jaredjbarnes/Documents/sqlite-repository/lib/sqlite/tableJsonSchema.js
FNF:0
FNH:0
DA:3,1
DA:6,1
DA:7,1
DA:140,1
LF:4
LH:4
BRF:0
BRH:0
end_of_record
TN:
SF:/Users/jaredjbarnes/Documents/sqlite-repository/lib/sqlite/utils/SchemaUtils.js
FN:9,(anonymous_1)
FN:13,(anonymous_2)
FN:17,(anonymous_3)
FNF:3
FNH:2
FNDA:58,(anonymous_1)
FNDA:58,(anonymous_2)
FNDA:0,(anonymous_3)
DA:3,1
DA:6,1
DA:10,58
DA:14,58
DA:18,0
DA:23,1
LF:6
LH:5
BRF:0
BRH:0
end_of_record
TN:
SF:/Users/jaredjbarnes/Documents/sqlite-repository/lib/sqlite/statements/UniqueExpressionCreator.js
FN:10,_interopRequireDefault
FN:13,(anonymous_2)
FN:20,(anonymous_3)
FN:28,(anonymous_4)
FN:35,(anonymous_5)
FNF:5
FNH:5
FNDA:1,_interopRequireDefault
FNDA:1,(anonymous_2)
FNDA:1,(anonymous_3)
FNDA:1,(anonymous_4)
FNDA:1,(anonymous_5)
DA:3,1
DA:6,1
DA:8,1
DA:10,1
DA:14,1
DA:21,1
DA:22,1
DA:25,0
DA:29,1
DA:30,2
DA:32,1
DA:36,1
DA:37,1
DA:38,1
DA:39,1
DA:41,1
DA:42,0
DA:45,1
DA:50,1
LF:19
LH:17
BRDA:10,1,0,1
BRDA:10,1,1,0
BRDA:10,2,0,1
BRDA:10,2,1,1
BRDA:14,3,0,1
BRDA:14,3,1,0
BRDA:21,4,0,1
BRDA:21,4,1,0
BRDA:41,5,0,0
BRDA:41,5,1,1
BRF:10
BRH:6
end_of_record
TN:
SF:/Users/jaredjbarnes/Documents/sqlite-repository/lib/sqlite/statements/DeleteWhereStatementCreator.js
FN:12,_interopRequireDefault
FN:15,(anonymous_2)
FN:23,(anonymous_3)
FN:28,(anonymous_4)
FN:32,(anonymous_5)
FN:36,(anonymous_6)
FN:41,(anonymous_7)
FNF:7
FNH:7
FNDA:2,_interopRequireDefault
FNDA:2,(anonymous_2)
FNDA:2,(anonymous_3)
FNDA:2,(anonymous_4)
FNDA:2,(anonymous_5)
FNDA:2,(anonymous_6)
FNDA:2,(anonymous_7)
DA:3,1
DA:6,1
DA:8,1
DA:10,1
DA:12,2
DA:16,2
DA:17,0
DA:20,2
DA:24,2
DA:25,2
DA:29,2
DA:33,2
DA:37,2
DA:38,2
DA:42,2
DA:43,2
DA:44,2
DA:46,2
DA:47,2
DA:50,2
DA:58,1
LF:21
LH:20
BRDA:12,1,0,2
BRDA:12,1,1,0
BRDA:12,2,0,2
BRDA:12,2,1,2
BRDA:16,3,0,0
BRDA:16,3,1,2
BRDA:46,4,0,2
BRDA:46,4,1,0
BRF:8
BRH:5
end_of_record
TN:
SF:/Users/jaredjbarnes/Documents/sqlite-repository/lib/sqlite/statements/UpdateWhereStatementCreator.js
FN:14,_interopRequireDefault
FN:17,(anonymous_2)
FN:30,(anonymous_3)
FN:35,(anonymous_4)
FN:39,(anonymous_5)
FN:44,(anonymous_6)
FN:65,(anonymous_7)
FNF:7
FNH:7
FNDA:2,_interopRequireDefault
FNDA:1,(anonymous_2)
FNDA:1,(anonymous_3)
FNDA:1,(anonymous_4)
FNDA:1,(anonymous_5)
FNDA:1,(anonymous_6)
FNDA:1,(anonymous_7)
DA:3,1
DA:6,1
DA:8,1
DA:10,1
DA:12,1
DA:14,2
DA:18,1
DA:19,0
DA:22,1
DA:23,0
DA:26,1
DA:27,1
DA:31,1
DA:32,1
DA:36,1
DA:40,1
DA:41,1
DA:45,1
DA:46,1
DA:47,1
DA:48,1
DA:49,0
DA:52,1
DA:53,1
DA:54,1
DA:59,1
DA:66,1
DA:67,1
DA:68,1
DA:69,1
DA:71,1
DA:72,1
DA:75,1
DA:83,1
LF:34
LH:31
BRDA:14,1,0,2
BRDA:14,1,1,0
BRDA:14,2,0,2
BRDA:14,2,1,2
BRDA:18,3,0,0
BRDA:18,3,1,1
BRDA:22,4,0,0
BRDA:22,4,1,1
BRDA:48,5,0,0
BRDA:48,5,1,1
BRDA:71,6,0,1
BRDA:71,6,1,0
BRF:12
BRH:7
end_of_record
TN:
SF:/Users/jaredjbarnes/Documents/sqlite-repository/lib/sqlite/statements/InsertStatementCreator.js
FN:10,_interopRequireDefault
FN:13,(anonymous_2)
FN:23,(anonymous_3)
FN:28,(anonymous_4)
FNF:4
FNH:4
FNDA:1,_interopRequireDefault
FNDA:2111,(anonymous_2)
FNDA:2111,(anonymous_3)
FNDA:2111,(anonymous_4)
DA:3,1
DA:6,1
DA:8,1
DA:10,1
DA:18,2111
DA:19,2111
DA:20,2111
DA:24,2111
DA:25,2111
DA:29,2111
DA:30,2111
DA:31,2111
DA:32,2114
DA:34,2111
DA:35,2114
DA:37,2111
DA:38,2111
DA:46,1
LF:18
LH:18
BRDA:10,1,0,1
BRDA:10,1,1,0
BRDA:10,2,0,1
BRDA:10,2,1,1
BRF:4
BRH:3
end_of_record
TN:
SF:/Users/jaredjbarnes/Documents/sqlite-repository/lib/sqlite/statements/UpdateStatementCreator.js
FN:12,_interopRequireDefault
FN:15,(anonymous_2)
FN:20,(anonymous_3)
FNF:3
FNH:3
FNDA:2,_interopRequireDefault
FNDA:2,(anonymous_2)
FNDA:3,(anonymous_3)
DA:3,1
DA:6,1
DA:8,1
DA:10,1
DA:12,2
DA:16,2
DA:17,2
DA:21,3
DA:22,3
DA:24,3
DA:25,0
DA:28,3
DA:29,6
DA:30,3
DA:33,3
DA:34,3
DA:35,3
DA:40,3
DA:41,3
DA:49,1
LF:20
LH:19
BRDA:12,1,0,2
BRDA:12,1,1,0
BRDA:12,2,0,2
BRDA:12,2,1,2
BRDA:24,3,0,0
BRDA:24,3,1,3
BRDA:29,4,0,3
BRDA:29,4,1,3
BRF:8
BRH:6
end_of_record
TN:
SF:/Users/jaredjbarnes/Documents/sqlite-repository/lib/sqlite/statements/AbstractStatementCreator.js
FN:10,_interopRequireDefault
FN:13,(anonymous_2)
FN:23,(anonymous_3)
FN:31,(anonymous_4)
FNF:4
FNH:4
FNDA:1,_interopRequireDefault
FNDA:4,(anonymous_2)
FNDA:4,(anonymous_3)
FNDA:4,(anonymous_4)
DA:3,1
DA:6,1
DA:8,1
DA:10,1
DA:18,4
DA:19,4
DA:20,4
DA:24,4
DA:25,4
DA:26,4
DA:28,4
DA:32,4
DA:34,4
DA:35,4
DA:36,0
DA:37,0
DA:38,0
DA:41,0
DA:47,1
LF:19
LH:15
BRDA:10,1,0,1
BRDA:10,1,1,0
BRDA:10,2,0,1
BRDA:10,2,1,1
BRDA:34,3,0,4
BRDA:34,3,1,0
BRDA:36,4,0,0
BRDA:36,4,1,0
BRF:8
BRH:4
end_of_record
TN:
SF:/Users/jaredjbarnes/Documents/sqlite-repository/lib/sqlite/statements/DeleteStatementCreator.js
FN:12,_interopRequireDefault
FN:15,(anonymous_2)
FN:20,(anonymous_3)
FNF:3
FNH:3
FNDA:2,_interopRequireDefault
FNDA:1,(anonymous_2)
FNDA:1,(anonymous_3)
DA:3,1
DA:6,1
DA:8,1
DA:10,1
DA:12,2
DA:16,1
DA:17,1
DA:21,1
DA:23,1
DA:24,0
DA:27,1
DA:28,1
DA:36,1
LF:13
LH:12
BRDA:12,1,0,2
BRDA:12,1,1,0
BRDA:12,2,0,2
BRDA:12,2,1,2
BRDA:23,3,0,0
BRDA:23,3,1,1
BRF:6
BRH:4
end_of_record
TN:
SF:/Users/jaredjbarnes/Documents/sqlite-repository/lib/sqlite/utils/invokeMethodAsync.js
FNF:0
FNH:0
DA:3,1
DA:6,1
DA:8,1
DA:9,6347
DA:10,0
DA:13,6347
DA:14,8
DA:16,8
DA:17,8
DA:19,4
DA:22,4
DA:23,4
DA:26,0
DA:29,6339
DA:32,1
LF:15
LH:13
BRDA:9,1,0,0
BRDA:9,1,1,6347
BRDA:13,2,0,8
BRDA:13,2,1,6339
BRDA:13,3,0,6347
BRDA:13,3,1,6347
BRDA:22,4,0,4
BRDA:22,4,1,0
BRF:8
BRH:6
end_of_record
TN:
SF:/Users/jaredjbarnes/Documents/sqlite-repository/lib/testSchemas/person.js
FNF:0
FNH:0
DA:3,1
DA:6,1
DA:7,1
DA:34,1
LF:4
LH:4
BRF:0
BRH:0
end_of_record
TN:
SF:/Users/jaredjbarnes/Documents/sqlite-repository/lib/testSchemas/address.js
FNF:0
FNH:0
DA:3,1
DA:6,1
DA:7,1
DA:55,1
LF:4
LH:4
BRF:0
BRH:0
end_of_record
TN:
SF:/Users/jaredjbarnes/Documents/sqlite-repository/lib/testSchemas/phoneNumber.js
FNF:0
FNH:0
DA:3,1
DA:6,1
DA:7,1
DA:44,1
LF:4
LH:4
BRF:0
BRH:0
end_of_record
